#! /opt/iverilog/25a84/bin/vvp
:ivl_version "13.0 (devel)" "(s20221226-554-g25a84d5cf-dirty)";
:ivl_delay_selection "TYPICAL";
:vpi_time_precision - 12;
:vpi_module "/opt/iverilog/25a84/lib/ivl/system.vpi";
:vpi_module "/opt/iverilog/25a84/lib/ivl/vhdl_sys.vpi";
:vpi_module "/opt/iverilog/25a84/lib/ivl/vhdl_textio.vpi";
:vpi_module "/opt/iverilog/25a84/lib/ivl/v2005_math.vpi";
:vpi_module "/opt/iverilog/25a84/lib/ivl/va_math.vpi";
S_0x58a15f1dd900 .scope module, "CIC_wrapper" "CIC_wrapper" 2 1;
 .timescale 0 0;
    .port_info 0 /INPUT 1 "clk";
    .port_info 1 /INPUT 1 "rst";
    .port_info 2 /INPUT 1 "X";
    .port_info 3 /OUTPUT 14 "ADC_out";
v0x58a15f2189e0_0 .net "ADC_out", 13 0, L_0x58a15f22ea20;  1 drivers
o0x7d383f4d92e8 .functor BUFZ 1, c4<z>; HiZ drive
v0x58a15f218ac0_0 .net "X", 0 0, o0x7d383f4d92e8;  0 drivers
o0x7d383f4d9138 .functor BUFZ 1, c4<z>; HiZ drive
v0x58a15f218b60_0 .net "clk", 0 0, o0x7d383f4d9138;  0 drivers
o0x7d383f4d91f8 .functor BUFZ 1, c4<z>; HiZ drive
v0x58a15f218c00_0 .net "rst", 0 0, o0x7d383f4d91f8;  0 drivers
S_0x58a15f1d3d80 .scope module, "uut" "CIC_verilog_v1" 2 8, 3 2 0, S_0x58a15f1dd900;
 .timescale 0 0;
    .port_info 0 /INPUT 1 "X";
    .port_info 1 /INPUT 1 "clk";
    .port_info 2 /INPUT 1 "rst";
    .port_info 3 /OUTPUT 14 "ADC_out";
P_0x58a15f1f1870 .param/l "CLKDIV_WIDTH" 0 3 2, +C4<00000000000000000000000000000110>;
P_0x58a15f1f18b0 .param/l "K" 0 3 2, +C4<00000000000000000000000000010000>;
P_0x58a15f1f18f0 .param/l "WIDTH" 0 3 2, +C4<00000000000000000000000000001110>;
v0x58a15f217a80_0 .net/s "ADC_out", 13 0, L_0x58a15f22ea20;  alias, 1 drivers
v0x58a15f217b80_0 .net/s "D1", 13 0, v0x58a15f215150_0;  1 drivers
v0x58a15f217c90_0 .net/s "D2", 13 0, v0x58a15f2159a0_0;  1 drivers
v0x58a15f217d80_0 .net/s "I1", 13 0, v0x58a15f216940_0;  1 drivers
v0x58a15f217e90_0 .net/s "I2", 13 0, v0x58a15f2170a0_0;  1 drivers
v0x58a15f217ff0_0 .net/s "I3", 13 0, v0x58a15f2177d0_0;  1 drivers
v0x58a15f218100_0 .net "X", 0 0, o0x7d383f4d92e8;  alias, 0 drivers
v0x58a15f2181a0_0 .net/s "X_coded", 13 0, v0x58a15f214aa0_0;  1 drivers
v0x58a15f218290_0 .net/s "Y", 13 0, v0x58a15f216240_0;  1 drivers
v0x58a15f2183e0_0 .net/s *"_ivl_0", 14 0, L_0x58a15f22e7a0;  1 drivers
L_0x7d383f490138 .functor BUFT 1, C4<010100100000100>, C4<0>, C4<0>, C4<0>;
v0x58a15f2184a0_0 .net/2s *"_ivl_2", 14 0, L_0x7d383f490138;  1 drivers
v0x58a15f218580_0 .net/s *"_ivl_4", 14 0, L_0x58a15f22e8e0;  1 drivers
v0x58a15f218660_0 .net "clk", 0 0, o0x7d383f4d9138;  alias, 0 drivers
v0x58a15f218790_0 .net "clk_div", 0 0, v0x58a15f214320_0;  1 drivers
v0x58a15f2188c0_0 .net "rst", 0 0, o0x7d383f4d91f8;  alias, 0 drivers
L_0x58a15f22e7a0 .extend/s 15, v0x58a15f216240_0;
L_0x58a15f22e8e0 .arith/sub 15, L_0x58a15f22e7a0, L_0x7d383f490138;
L_0x58a15f22ea20 .part L_0x58a15f22e8e0, 0, 14;
S_0x58a15f1d4050 .scope module, "Decimator_clk" "Clock_divider_cic" 3 9, 4 3 0, S_0x58a15f1d3d80;
 .timescale 0 0;
    .port_info 0 /INPUT 1 "clk";
    .port_info 1 /INPUT 1 "rst";
    .port_info 2 /OUTPUT 1 "clk_out";
P_0x58a15f1e9580 .param/l "K" 0 4 3, +C4<00000000000000000000000000010000>;
P_0x58a15f1e95c0 .param/l "WIDTH" 0 4 3, +C4<00000000000000000000000000000110>;
v0x58a15f1e8cf0_0 .net *"_ivl_0", 31 0, L_0x58a15f21e3e0;  1 drivers
L_0x7d383f4900f0 .functor BUFT 1, C4<0>, C4<0>, C4<0>, C4<0>;
v0x58a15f1e8360_0 .net/2u *"_ivl_10", 0 0, L_0x7d383f4900f0;  1 drivers
L_0x7d383f490018 .functor BUFT 1, C4<00000000000000000000000000>, C4<0>, C4<0>, C4<0>;
v0x58a15f1e8460_0 .net *"_ivl_3", 25 0, L_0x7d383f490018;  1 drivers
L_0x7d383f490060 .functor BUFT 1, C4<00000000000000000000000000001000>, C4<0>, C4<0>, C4<0>;
v0x58a15f1eb910_0 .net/2u *"_ivl_4", 31 0, L_0x7d383f490060;  1 drivers
v0x58a15f1eba10_0 .net *"_ivl_6", 0 0, L_0x58a15f22e490;  1 drivers
L_0x7d383f4900a8 .functor BUFT 1, C4<1>, C4<0>, C4<0>, C4<0>;
v0x58a15f1eace0_0 .net/2u *"_ivl_8", 0 0, L_0x7d383f4900a8;  1 drivers
v0x58a15f1eade0_0 .net "clk", 0 0, o0x7d383f4d9138;  alias, 0 drivers
v0x58a15f214320_0 .var "clk_out", 0 0;
v0x58a15f2143e0_0 .var "counter", 5 0;
v0x58a15f214550_0 .net "ovf_flag", 0 0, L_0x58a15f22e5e0;  1 drivers
v0x58a15f214610_0 .net "rst", 0 0, o0x7d383f4d91f8;  alias, 0 drivers
E_0x58a15f1d9bb0 .event posedge, v0x58a15f1eade0_0, v0x58a15f214610_0;
L_0x58a15f21e3e0 .concat [ 6 26 0 0], v0x58a15f2143e0_0, L_0x7d383f490018;
L_0x58a15f22e490 .cmp/eq 32, L_0x58a15f21e3e0, L_0x7d383f490060;
L_0x58a15f22e5e0 .functor MUXZ 1, L_0x7d383f4900f0, L_0x7d383f4900a8, L_0x58a15f22e490, C4<>;
S_0x58a15f214750 .scope module, "coder_0" "coder_verilog" 3 11, 5 2 0, S_0x58a15f1d3d80;
 .timescale 0 0;
    .port_info 0 /INPUT 1 "x";
    .port_info 1 /OUTPUT 14 "data_out";
P_0x58a15f2148e0 .param/l "CN" 0 5 2, +C4<00000000000000000000000000001110>;
v0x58a15f214aa0_0 .var "data_out", 13 0;
v0x58a15f214ba0_0 .net "x", 0 0, o0x7d383f4d92e8;  alias, 0 drivers
E_0x58a15f1d8700 .event anyedge, v0x58a15f214ba0_0;
S_0x58a15f214cc0 .scope module, "differentiator_0" "Differentiator_cic" 3 18, 6 2 0, S_0x58a15f1d3d80;
 .timescale 0 0;
    .port_info 0 /INPUT 14 "X";
    .port_info 1 /INPUT 1 "clk";
    .port_info 2 /INPUT 1 "rst";
    .port_info 3 /OUTPUT 14 "Y";
P_0x58a15f214ea0 .param/l "WIDTH" 0 6 2, +C4<00000000000000000000000000001110>;
v0x58a15f214f90_0 .var/s "Q", 13 0;
v0x58a15f215070_0 .net/s "X", 13 0, v0x58a15f2177d0_0;  alias, 1 drivers
v0x58a15f215150_0 .var/s "Y", 13 0;
v0x58a15f215240_0 .net "clk", 0 0, v0x58a15f214320_0;  alias, 1 drivers
v0x58a15f215310_0 .net "rst", 0 0, o0x7d383f4d91f8;  alias, 0 drivers
E_0x58a15f1d9e30 .event posedge, v0x58a15f214320_0, v0x58a15f214610_0;
S_0x58a15f215470 .scope module, "differentiator_1" "Differentiator_cic" 3 20, 6 2 0, S_0x58a15f1d3d80;
 .timescale 0 0;
    .port_info 0 /INPUT 14 "X";
    .port_info 1 /INPUT 1 "clk";
    .port_info 2 /INPUT 1 "rst";
    .port_info 3 /OUTPUT 14 "Y";
P_0x58a15f215650 .param/l "WIDTH" 0 6 2, +C4<00000000000000000000000000001110>;
v0x58a15f2157b0_0 .var/s "Q", 13 0;
v0x58a15f2158b0_0 .net/s "X", 13 0, v0x58a15f215150_0;  alias, 1 drivers
v0x58a15f2159a0_0 .var/s "Y", 13 0;
v0x58a15f215a70_0 .net "clk", 0 0, v0x58a15f214320_0;  alias, 1 drivers
v0x58a15f215b60_0 .net "rst", 0 0, o0x7d383f4d91f8;  alias, 0 drivers
S_0x58a15f215d20 .scope module, "differentiator_2" "Differentiator_cic" 3 22, 6 2 0, S_0x58a15f1d3d80;
 .timescale 0 0;
    .port_info 0 /INPUT 14 "X";
    .port_info 1 /INPUT 1 "clk";
    .port_info 2 /INPUT 1 "rst";
    .port_info 3 /OUTPUT 14 "Y";
P_0x58a15f215f50 .param/l "WIDTH" 0 6 2, +C4<00000000000000000000000000001110>;
v0x58a15f216080_0 .var/s "Q", 13 0;
v0x58a15f216180_0 .net/s "X", 13 0, v0x58a15f2159a0_0;  alias, 1 drivers
v0x58a15f216240_0 .var/s "Y", 13 0;
v0x58a15f2162e0_0 .net "clk", 0 0, v0x58a15f214320_0;  alias, 1 drivers
v0x58a15f216380_0 .net "rst", 0 0, o0x7d383f4d91f8;  alias, 0 drivers
S_0x58a15f2164f0 .scope module, "integrator_0" "Integrator_cic" 3 12, 7 2 0, S_0x58a15f1d3d80;
 .timescale 0 0;
    .port_info 0 /INPUT 14 "X";
    .port_info 1 /INPUT 1 "clk";
    .port_info 2 /INPUT 1 "rst";
    .port_info 3 /OUTPUT 14 "Y";
P_0x58a15f2166d0 .param/l "WIDTH" 0 7 2, +C4<00000000000000000000000000001110>;
v0x58a15f216830_0 .net/s "X", 13 0, v0x58a15f214aa0_0;  alias, 1 drivers
v0x58a15f216940_0 .var/s "Y", 13 0;
v0x58a15f216a00_0 .net "clk", 0 0, o0x7d383f4d9138;  alias, 0 drivers
v0x58a15f216b00_0 .net "rst", 0 0, o0x7d383f4d91f8;  alias, 0 drivers
S_0x58a15f216ca0 .scope module, "integrator_1" "Integrator_cic" 3 14, 7 2 0, S_0x58a15f1d3d80;
 .timescale 0 0;
    .port_info 0 /INPUT 14 "X";
    .port_info 1 /INPUT 1 "clk";
    .port_info 2 /INPUT 1 "rst";
    .port_info 3 /OUTPUT 14 "Y";
P_0x58a15f216e30 .param/l "WIDTH" 0 7 2, +C4<00000000000000000000000000001110>;
v0x58a15f216f90_0 .net/s "X", 13 0, v0x58a15f216940_0;  alias, 1 drivers
v0x58a15f2170a0_0 .var/s "Y", 13 0;
v0x58a15f217160_0 .net "clk", 0 0, o0x7d383f4d9138;  alias, 0 drivers
v0x58a15f217280_0 .net "rst", 0 0, o0x7d383f4d91f8;  alias, 0 drivers
S_0x58a15f217380 .scope module, "integrator_2" "Integrator_cic" 3 16, 7 2 0, S_0x58a15f1d3d80;
 .timescale 0 0;
    .port_info 0 /INPUT 14 "X";
    .port_info 1 /INPUT 1 "clk";
    .port_info 2 /INPUT 1 "rst";
    .port_info 3 /OUTPUT 14 "Y";
P_0x58a15f217560 .param/l "WIDTH" 0 7 2, +C4<00000000000000000000000000001110>;
v0x58a15f2176c0_0 .net/s "X", 13 0, v0x58a15f2170a0_0;  alias, 1 drivers
v0x58a15f2177d0_0 .var/s "Y", 13 0;
v0x58a15f2178a0_0 .net "clk", 0 0, o0x7d383f4d9138;  alias, 0 drivers
v0x58a15f217970_0 .net "rst", 0 0, o0x7d383f4d91f8;  alias, 0 drivers
S_0x58a15f1dda90 .scope module, "tb_CIC_verilog_v1" "tb_CIC_verilog_v1" 8 3;
 .timescale -9 -12;
P_0x58a15f1966f0 .param/l "CLKDIV_WIDTH" 0 8 8, +C4<00000000000000000000000000000110>;
P_0x58a15f196730 .param/l "K" 0 8 7, +C4<00000000000000000000000000010000>;
P_0x58a15f196770 .param/l "WIDTH" 0 8 6, +C4<00000000000000000000000000001110>;
v0x58a15f21e120_0 .net/s "ADC_out", 13 0, L_0x58a15f22f100;  1 drivers
v0x58a15f21e200_0 .var "X", 0 0;
v0x58a15f21e2a0_0 .var "clk", 0 0;
v0x58a15f21e340_0 .var "rst", 0 0;
E_0x58a15f1d8950 .event posedge, v0x58a15f219990_0;
S_0x58a15f218d20 .scope module, "uut" "CIC_verilog_v1" 8 21, 3 2 0, S_0x58a15f1dda90;
 .timescale 0 0;
    .port_info 0 /INPUT 1 "X";
    .port_info 1 /INPUT 1 "clk";
    .port_info 2 /INPUT 1 "rst";
    .port_info 3 /OUTPUT 14 "ADC_out";
P_0x58a15f1f3e00 .param/l "CLKDIV_WIDTH" 0 3 2, +C4<00000000000000000000000000000110>;
P_0x58a15f1f3e40 .param/l "K" 0 3 2, +C4<00000000000000000000000000010000>;
P_0x58a15f1f3e80 .param/l "WIDTH" 0 3 2, +C4<00000000000000000000000000001110>;
v0x58a15f21d1c0_0 .net/s "ADC_out", 13 0, L_0x58a15f22f100;  alias, 1 drivers
v0x58a15f21d2c0_0 .net/s "D1", 13 0, v0x58a15f21a890_0;  1 drivers
v0x58a15f21d3d0_0 .net/s "D2", 13 0, v0x58a15f21b0e0_0;  1 drivers
v0x58a15f21d4c0_0 .net/s "I1", 13 0, v0x58a15f21c080_0;  1 drivers
v0x58a15f21d5d0_0 .net/s "I2", 13 0, v0x58a15f21c7e0_0;  1 drivers
v0x58a15f21d730_0 .net/s "I3", 13 0, v0x58a15f21cf10_0;  1 drivers
v0x58a15f21d840_0 .net "X", 0 0, v0x58a15f21e200_0;  1 drivers
v0x58a15f21d8e0_0 .net/s "X_coded", 13 0, v0x58a15f21a140_0;  1 drivers
v0x58a15f21d9d0_0 .net/s "Y", 13 0, v0x58a15f21b980_0;  1 drivers
v0x58a15f21db20_0 .net/s *"_ivl_0", 14 0, L_0x58a15f22eed0;  1 drivers
L_0x7d383f4902a0 .functor BUFT 1, C4<010100100000100>, C4<0>, C4<0>, C4<0>;
v0x58a15f21dbe0_0 .net/2s *"_ivl_2", 14 0, L_0x7d383f4902a0;  1 drivers
v0x58a15f21dcc0_0 .net/s *"_ivl_4", 14 0, L_0x58a15f22efc0;  1 drivers
v0x58a15f21dda0_0 .net "clk", 0 0, v0x58a15f21e2a0_0;  1 drivers
v0x58a15f21ded0_0 .net "clk_div", 0 0, v0x58a15f219a50_0;  1 drivers
v0x58a15f21e000_0 .net "rst", 0 0, v0x58a15f21e340_0;  1 drivers
L_0x58a15f22eed0 .extend/s 15, v0x58a15f21b980_0;
L_0x58a15f22efc0 .arith/sub 15, L_0x58a15f22eed0, L_0x7d383f4902a0;
L_0x58a15f22f100 .part L_0x58a15f22efc0, 0, 14;
S_0x58a15f218fc0 .scope module, "Decimator_clk" "Clock_divider_cic" 3 9, 4 3 0, S_0x58a15f218d20;
 .timescale 0 0;
    .port_info 0 /INPUT 1 "clk";
    .port_info 1 /INPUT 1 "rst";
    .port_info 2 /OUTPUT 1 "clk_out";
P_0x58a15f219170 .param/l "K" 0 4 3, +C4<00000000000000000000000000010000>;
P_0x58a15f2191b0 .param/l "WIDTH" 0 4 3, +C4<00000000000000000000000000000110>;
v0x58a15f2193f0_0 .net *"_ivl_0", 31 0, L_0x58a15f22eb60;  1 drivers
L_0x7d383f490258 .functor BUFT 1, C4<0>, C4<0>, C4<0>, C4<0>;
v0x58a15f2194f0_0 .net/2u *"_ivl_10", 0 0, L_0x7d383f490258;  1 drivers
L_0x7d383f490180 .functor BUFT 1, C4<00000000000000000000000000>, C4<0>, C4<0>, C4<0>;
v0x58a15f2195d0_0 .net *"_ivl_3", 25 0, L_0x7d383f490180;  1 drivers
L_0x7d383f4901c8 .functor BUFT 1, C4<00000000000000000000000000001000>, C4<0>, C4<0>, C4<0>;
v0x58a15f2196c0_0 .net/2u *"_ivl_4", 31 0, L_0x7d383f4901c8;  1 drivers
v0x58a15f2197a0_0 .net *"_ivl_6", 0 0, L_0x58a15f22ec50;  1 drivers
L_0x7d383f490210 .functor BUFT 1, C4<1>, C4<0>, C4<0>, C4<0>;
v0x58a15f2198b0_0 .net/2u *"_ivl_8", 0 0, L_0x7d383f490210;  1 drivers
v0x58a15f219990_0 .net "clk", 0 0, v0x58a15f21e2a0_0;  alias, 1 drivers
v0x58a15f219a50_0 .var "clk_out", 0 0;
v0x58a15f219b10_0 .var "counter", 5 0;
v0x58a15f219bf0_0 .net "ovf_flag", 0 0, L_0x58a15f22ed90;  1 drivers
v0x58a15f219cb0_0 .net "rst", 0 0, v0x58a15f21e340_0;  alias, 1 drivers
E_0x58a15f1b8bb0 .event posedge, v0x58a15f219990_0, v0x58a15f219cb0_0;
L_0x58a15f22eb60 .concat [ 6 26 0 0], v0x58a15f219b10_0, L_0x7d383f490180;
L_0x58a15f22ec50 .cmp/eq 32, L_0x58a15f22eb60, L_0x7d383f4901c8;
L_0x58a15f22ed90 .functor MUXZ 1, L_0x7d383f490258, L_0x7d383f490210, L_0x58a15f22ec50, C4<>;
S_0x58a15f219df0 .scope module, "coder_0" "coder_verilog" 3 11, 5 2 0, S_0x58a15f218d20;
 .timescale 0 0;
    .port_info 0 /INPUT 1 "x";
    .port_info 1 /OUTPUT 14 "data_out";
P_0x58a15f219f80 .param/l "CN" 0 5 2, +C4<00000000000000000000000000001110>;
v0x58a15f21a140_0 .var "data_out", 13 0;
v0x58a15f21a240_0 .net "x", 0 0, v0x58a15f21e200_0;  alias, 1 drivers
E_0x58a15f1f7590 .event anyedge, v0x58a15f21a240_0;
S_0x58a15f21a360 .scope module, "differentiator_0" "Differentiator_cic" 3 18, 6 2 0, S_0x58a15f218d20;
 .timescale 0 0;
    .port_info 0 /INPUT 14 "X";
    .port_info 1 /INPUT 1 "clk";
    .port_info 2 /INPUT 1 "rst";
    .port_info 3 /OUTPUT 14 "Y";
P_0x58a15f21a570 .param/l "WIDTH" 0 6 2, +C4<00000000000000000000000000001110>;
v0x58a15f21a6d0_0 .var/s "Q", 13 0;
v0x58a15f21a7b0_0 .net/s "X", 13 0, v0x58a15f21cf10_0;  alias, 1 drivers
v0x58a15f21a890_0 .var/s "Y", 13 0;
v0x58a15f21a980_0 .net "clk", 0 0, v0x58a15f219a50_0;  alias, 1 drivers
v0x58a15f21aa50_0 .net "rst", 0 0, v0x58a15f21e340_0;  alias, 1 drivers
E_0x58a15f21a670 .event posedge, v0x58a15f219a50_0, v0x58a15f219cb0_0;
S_0x58a15f21abb0 .scope module, "differentiator_1" "Differentiator_cic" 3 20, 6 2 0, S_0x58a15f218d20;
 .timescale 0 0;
    .port_info 0 /INPUT 14 "X";
    .port_info 1 /INPUT 1 "clk";
    .port_info 2 /INPUT 1 "rst";
    .port_info 3 /OUTPUT 14 "Y";
P_0x58a15f21ad90 .param/l "WIDTH" 0 6 2, +C4<00000000000000000000000000001110>;
v0x58a15f21aef0_0 .var/s "Q", 13 0;
v0x58a15f21aff0_0 .net/s "X", 13 0, v0x58a15f21a890_0;  alias, 1 drivers
v0x58a15f21b0e0_0 .var/s "Y", 13 0;
v0x58a15f21b1b0_0 .net "clk", 0 0, v0x58a15f219a50_0;  alias, 1 drivers
v0x58a15f21b2a0_0 .net "rst", 0 0, v0x58a15f21e340_0;  alias, 1 drivers
S_0x58a15f21b460 .scope module, "differentiator_2" "Differentiator_cic" 3 22, 6 2 0, S_0x58a15f218d20;
 .timescale 0 0;
    .port_info 0 /INPUT 14 "X";
    .port_info 1 /INPUT 1 "clk";
    .port_info 2 /INPUT 1 "rst";
    .port_info 3 /OUTPUT 14 "Y";
P_0x58a15f21b690 .param/l "WIDTH" 0 6 2, +C4<00000000000000000000000000001110>;
v0x58a15f21b7c0_0 .var/s "Q", 13 0;
v0x58a15f21b8c0_0 .net/s "X", 13 0, v0x58a15f21b0e0_0;  alias, 1 drivers
v0x58a15f21b980_0 .var/s "Y", 13 0;
v0x58a15f21ba20_0 .net "clk", 0 0, v0x58a15f219a50_0;  alias, 1 drivers
v0x58a15f21bac0_0 .net "rst", 0 0, v0x58a15f21e340_0;  alias, 1 drivers
S_0x58a15f21bc30 .scope module, "integrator_0" "Integrator_cic" 3 12, 7 2 0, S_0x58a15f218d20;
 .timescale 0 0;
    .port_info 0 /INPUT 14 "X";
    .port_info 1 /INPUT 1 "clk";
    .port_info 2 /INPUT 1 "rst";
    .port_info 3 /OUTPUT 14 "Y";
P_0x58a15f21be10 .param/l "WIDTH" 0 7 2, +C4<00000000000000000000000000001110>;
v0x58a15f21bf70_0 .net/s "X", 13 0, v0x58a15f21a140_0;  alias, 1 drivers
v0x58a15f21c080_0 .var/s "Y", 13 0;
v0x58a15f21c140_0 .net "clk", 0 0, v0x58a15f21e2a0_0;  alias, 1 drivers
v0x58a15f21c240_0 .net "rst", 0 0, v0x58a15f21e340_0;  alias, 1 drivers
S_0x58a15f21c3e0 .scope module, "integrator_1" "Integrator_cic" 3 14, 7 2 0, S_0x58a15f218d20;
 .timescale 0 0;
    .port_info 0 /INPUT 14 "X";
    .port_info 1 /INPUT 1 "clk";
    .port_info 2 /INPUT 1 "rst";
    .port_info 3 /OUTPUT 14 "Y";
P_0x58a15f21c570 .param/l "WIDTH" 0 7 2, +C4<00000000000000000000000000001110>;
v0x58a15f21c6d0_0 .net/s "X", 13 0, v0x58a15f21c080_0;  alias, 1 drivers
v0x58a15f21c7e0_0 .var/s "Y", 13 0;
v0x58a15f21c8a0_0 .net "clk", 0 0, v0x58a15f21e2a0_0;  alias, 1 drivers
v0x58a15f21c9c0_0 .net "rst", 0 0, v0x58a15f21e340_0;  alias, 1 drivers
S_0x58a15f21cac0 .scope module, "integrator_2" "Integrator_cic" 3 16, 7 2 0, S_0x58a15f218d20;
 .timescale 0 0;
    .port_info 0 /INPUT 14 "X";
    .port_info 1 /INPUT 1 "clk";
    .port_info 2 /INPUT 1 "rst";
    .port_info 3 /OUTPUT 14 "Y";
P_0x58a15f21cca0 .param/l "WIDTH" 0 7 2, +C4<00000000000000000000000000001110>;
v0x58a15f21ce00_0 .net/s "X", 13 0, v0x58a15f21c7e0_0;  alias, 1 drivers
v0x58a15f21cf10_0 .var/s "Y", 13 0;
v0x58a15f21cfe0_0 .net "clk", 0 0, v0x58a15f21e2a0_0;  alias, 1 drivers
v0x58a15f21d0b0_0 .net "rst", 0 0, v0x58a15f21e340_0;  alias, 1 drivers
    .scope S_0x58a15f1d4050;
T_0 ;
    %pushi/vec4 0, 0, 6;
    %store/vec4 v0x58a15f2143e0_0, 0, 6;
    %end;
    .thread T_0;
    .scope S_0x58a15f1d4050;
T_1 ;
    %wait E_0x58a15f1d9bb0;
    %load/vec4 v0x58a15f214610_0;
    %flag_set/vec4 8;
    %jmp/0xz  T_1.0, 8;
    %pushi/vec4 0, 0, 6;
    %assign/vec4 v0x58a15f2143e0_0, 0;
    %pushi/vec4 0, 0, 1;
    %assign/vec4 v0x58a15f214320_0, 0;
    %jmp T_1.1;
T_1.0 ;
    %load/vec4 v0x58a15f214550_0;
    %flag_set/vec4 8;
    %jmp/0xz  T_1.2, 8;
    %pushi/vec4 0, 0, 6;
    %assign/vec4 v0x58a15f2143e0_0, 0;
    %load/vec4 v0x58a15f214320_0;
    %inv;
    %assign/vec4 v0x58a15f214320_0, 0;
    %jmp T_1.3;
T_1.2 ;
    %load/vec4 v0x58a15f2143e0_0;
    %addi 1, 0, 6;
    %assign/vec4 v0x58a15f2143e0_0, 0;
T_1.3 ;
T_1.1 ;
    %jmp T_1;
    .thread T_1;
    .scope S_0x58a15f214750;
T_2 ;
    %wait E_0x58a15f1d8700;
    %load/vec4 v0x58a15f214ba0_0;
    %dup/vec4;
    %pushi/vec4 1, 0, 1;
    %cmp/u;
    %jmp/1 T_2.0, 6;
    %dup/vec4;
    %pushi/vec4 0, 0, 1;
    %cmp/u;
    %jmp/1 T_2.1, 6;
    %pushi/vec4 16383, 0, 14;
    %store/vec4 v0x58a15f214aa0_0, 0, 14;
    %jmp T_2.3;
T_2.0 ;
    %pushi/vec4 0, 0, 14;
    %store/vec4 v0x58a15f214aa0_0, 0, 14;
    %jmp T_2.3;
T_2.1 ;
    %pushi/vec4 16383, 0, 14;
    %store/vec4 v0x58a15f214aa0_0, 0, 14;
    %jmp T_2.3;
T_2.3 ;
    %pop/vec4 1;
    %jmp T_2;
    .thread T_2, $push;
    .scope S_0x58a15f2164f0;
T_3 ;
    %wait E_0x58a15f1d9bb0;
    %load/vec4 v0x58a15f216b00_0;
    %flag_set/vec4 8;
    %jmp/0xz  T_3.0, 8;
    %pushi/vec4 0, 0, 14;
    %assign/vec4 v0x58a15f216940_0, 0;
    %jmp T_3.1;
T_3.0 ;
    %load/vec4 v0x58a15f216940_0;
    %load/vec4 v0x58a15f216830_0;
    %add;
    %assign/vec4 v0x58a15f216940_0, 0;
T_3.1 ;
    %jmp T_3;
    .thread T_3;
    .scope S_0x58a15f216ca0;
T_4 ;
    %wait E_0x58a15f1d9bb0;
    %load/vec4 v0x58a15f217280_0;
    %flag_set/vec4 8;
    %jmp/0xz  T_4.0, 8;
    %pushi/vec4 0, 0, 14;
    %assign/vec4 v0x58a15f2170a0_0, 0;
    %jmp T_4.1;
T_4.0 ;
    %load/vec4 v0x58a15f2170a0_0;
    %load/vec4 v0x58a15f216f90_0;
    %add;
    %assign/vec4 v0x58a15f2170a0_0, 0;
T_4.1 ;
    %jmp T_4;
    .thread T_4;
    .scope S_0x58a15f217380;
T_5 ;
    %wait E_0x58a15f1d9bb0;
    %load/vec4 v0x58a15f217970_0;
    %flag_set/vec4 8;
    %jmp/0xz  T_5.0, 8;
    %pushi/vec4 0, 0, 14;
    %assign/vec4 v0x58a15f2177d0_0, 0;
    %jmp T_5.1;
T_5.0 ;
    %load/vec4 v0x58a15f2177d0_0;
    %load/vec4 v0x58a15f2176c0_0;
    %add;
    %assign/vec4 v0x58a15f2177d0_0, 0;
T_5.1 ;
    %jmp T_5;
    .thread T_5;
    .scope S_0x58a15f214cc0;
T_6 ;
    %wait E_0x58a15f1d9e30;
    %load/vec4 v0x58a15f215310_0;
    %flag_set/vec4 8;
    %jmp/0xz  T_6.0, 8;
    %pushi/vec4 0, 0, 14;
    %assign/vec4 v0x58a15f215150_0, 0;
    %pushi/vec4 0, 0, 14;
    %assign/vec4 v0x58a15f214f90_0, 0;
    %jmp T_6.1;
T_6.0 ;
    %load/vec4 v0x58a15f215070_0;
    %assign/vec4 v0x58a15f214f90_0, 0;
    %load/vec4 v0x58a15f215070_0;
    %load/vec4 v0x58a15f214f90_0;
    %sub;
    %assign/vec4 v0x58a15f215150_0, 0;
T_6.1 ;
    %jmp T_6;
    .thread T_6;
    .scope S_0x58a15f215470;
T_7 ;
    %wait E_0x58a15f1d9e30;
    %load/vec4 v0x58a15f215b60_0;
    %flag_set/vec4 8;
    %jmp/0xz  T_7.0, 8;
    %pushi/vec4 0, 0, 14;
    %assign/vec4 v0x58a15f2159a0_0, 0;
    %pushi/vec4 0, 0, 14;
    %assign/vec4 v0x58a15f2157b0_0, 0;
    %jmp T_7.1;
T_7.0 ;
    %load/vec4 v0x58a15f2158b0_0;
    %assign/vec4 v0x58a15f2157b0_0, 0;
    %load/vec4 v0x58a15f2158b0_0;
    %load/vec4 v0x58a15f2157b0_0;
    %sub;
    %assign/vec4 v0x58a15f2159a0_0, 0;
T_7.1 ;
    %jmp T_7;
    .thread T_7;
    .scope S_0x58a15f215d20;
T_8 ;
    %wait E_0x58a15f1d9e30;
    %load/vec4 v0x58a15f216380_0;
    %flag_set/vec4 8;
    %jmp/0xz  T_8.0, 8;
    %pushi/vec4 0, 0, 14;
    %assign/vec4 v0x58a15f216240_0, 0;
    %pushi/vec4 0, 0, 14;
    %assign/vec4 v0x58a15f216080_0, 0;
    %jmp T_8.1;
T_8.0 ;
    %load/vec4 v0x58a15f216180_0;
    %assign/vec4 v0x58a15f216080_0, 0;
    %load/vec4 v0x58a15f216180_0;
    %load/vec4 v0x58a15f216080_0;
    %sub;
    %assign/vec4 v0x58a15f216240_0, 0;
T_8.1 ;
    %jmp T_8;
    .thread T_8;
    .scope S_0x58a15f218fc0;
T_9 ;
    %pushi/vec4 0, 0, 6;
    %store/vec4 v0x58a15f219b10_0, 0, 6;
    %end;
    .thread T_9;
    .scope S_0x58a15f218fc0;
T_10 ;
    %wait E_0x58a15f1b8bb0;
    %load/vec4 v0x58a15f219cb0_0;
    %flag_set/vec4 8;
    %jmp/0xz  T_10.0, 8;
    %pushi/vec4 0, 0, 6;
    %assign/vec4 v0x58a15f219b10_0, 0;
    %pushi/vec4 0, 0, 1;
    %assign/vec4 v0x58a15f219a50_0, 0;
    %jmp T_10.1;
T_10.0 ;
    %load/vec4 v0x58a15f219bf0_0;
    %flag_set/vec4 8;
    %jmp/0xz  T_10.2, 8;
    %pushi/vec4 0, 0, 6;
    %assign/vec4 v0x58a15f219b10_0, 0;
    %load/vec4 v0x58a15f219a50_0;
    %inv;
    %assign/vec4 v0x58a15f219a50_0, 0;
    %jmp T_10.3;
T_10.2 ;
    %load/vec4 v0x58a15f219b10_0;
    %addi 1, 0, 6;
    %assign/vec4 v0x58a15f219b10_0, 0;
T_10.3 ;
T_10.1 ;
    %jmp T_10;
    .thread T_10;
    .scope S_0x58a15f219df0;
T_11 ;
    %wait E_0x58a15f1f7590;
    %load/vec4 v0x58a15f21a240_0;
    %dup/vec4;
    %pushi/vec4 1, 0, 1;
    %cmp/u;
    %jmp/1 T_11.0, 6;
    %dup/vec4;
    %pushi/vec4 0, 0, 1;
    %cmp/u;
    %jmp/1 T_11.1, 6;
    %pushi/vec4 16383, 0, 14;
    %store/vec4 v0x58a15f21a140_0, 0, 14;
    %jmp T_11.3;
T_11.0 ;
    %pushi/vec4 0, 0, 14;
    %store/vec4 v0x58a15f21a140_0, 0, 14;
    %jmp T_11.3;
T_11.1 ;
    %pushi/vec4 16383, 0, 14;
    %store/vec4 v0x58a15f21a140_0, 0, 14;
    %jmp T_11.3;
T_11.3 ;
    %pop/vec4 1;
    %jmp T_11;
    .thread T_11, $push;
    .scope S_0x58a15f21bc30;
T_12 ;
    %wait E_0x58a15f1b8bb0;
    %load/vec4 v0x58a15f21c240_0;
    %flag_set/vec4 8;
    %jmp/0xz  T_12.0, 8;
    %pushi/vec4 0, 0, 14;
    %assign/vec4 v0x58a15f21c080_0, 0;
    %jmp T_12.1;
T_12.0 ;
    %load/vec4 v0x58a15f21c080_0;
    %load/vec4 v0x58a15f21bf70_0;
    %add;
    %assign/vec4 v0x58a15f21c080_0, 0;
T_12.1 ;
    %jmp T_12;
    .thread T_12;
    .scope S_0x58a15f21c3e0;
T_13 ;
    %wait E_0x58a15f1b8bb0;
    %load/vec4 v0x58a15f21c9c0_0;
    %flag_set/vec4 8;
    %jmp/0xz  T_13.0, 8;
    %pushi/vec4 0, 0, 14;
    %assign/vec4 v0x58a15f21c7e0_0, 0;
    %jmp T_13.1;
T_13.0 ;
    %load/vec4 v0x58a15f21c7e0_0;
    %load/vec4 v0x58a15f21c6d0_0;
    %add;
    %assign/vec4 v0x58a15f21c7e0_0, 0;
T_13.1 ;
    %jmp T_13;
    .thread T_13;
    .scope S_0x58a15f21cac0;
T_14 ;
    %wait E_0x58a15f1b8bb0;
    %load/vec4 v0x58a15f21d0b0_0;
    %flag_set/vec4 8;
    %jmp/0xz  T_14.0, 8;
    %pushi/vec4 0, 0, 14;
    %assign/vec4 v0x58a15f21cf10_0, 0;
    %jmp T_14.1;
T_14.0 ;
    %load/vec4 v0x58a15f21cf10_0;
    %load/vec4 v0x58a15f21ce00_0;
    %add;
    %assign/vec4 v0x58a15f21cf10_0, 0;
T_14.1 ;
    %jmp T_14;
    .thread T_14;
    .scope S_0x58a15f21a360;
T_15 ;
    %wait E_0x58a15f21a670;
    %load/vec4 v0x58a15f21aa50_0;
    %flag_set/vec4 8;
    %jmp/0xz  T_15.0, 8;
    %pushi/vec4 0, 0, 14;
    %assign/vec4 v0x58a15f21a890_0, 0;
    %pushi/vec4 0, 0, 14;
    %assign/vec4 v0x58a15f21a6d0_0, 0;
    %jmp T_15.1;
T_15.0 ;
    %load/vec4 v0x58a15f21a7b0_0;
    %assign/vec4 v0x58a15f21a6d0_0, 0;
    %load/vec4 v0x58a15f21a7b0_0;
    %load/vec4 v0x58a15f21a6d0_0;
    %sub;
    %assign/vec4 v0x58a15f21a890_0, 0;
T_15.1 ;
    %jmp T_15;
    .thread T_15;
    .scope S_0x58a15f21abb0;
T_16 ;
    %wait E_0x58a15f21a670;
    %load/vec4 v0x58a15f21b2a0_0;
    %flag_set/vec4 8;
    %jmp/0xz  T_16.0, 8;
    %pushi/vec4 0, 0, 14;
    %assign/vec4 v0x58a15f21b0e0_0, 0;
    %pushi/vec4 0, 0, 14;
    %assign/vec4 v0x58a15f21aef0_0, 0;
    %jmp T_16.1;
T_16.0 ;
    %load/vec4 v0x58a15f21aff0_0;
    %assign/vec4 v0x58a15f21aef0_0, 0;
    %load/vec4 v0x58a15f21aff0_0;
    %load/vec4 v0x58a15f21aef0_0;
    %sub;
    %assign/vec4 v0x58a15f21b0e0_0, 0;
T_16.1 ;
    %jmp T_16;
    .thread T_16;
    .scope S_0x58a15f21b460;
T_17 ;
    %wait E_0x58a15f21a670;
    %load/vec4 v0x58a15f21bac0_0;
    %flag_set/vec4 8;
    %jmp/0xz  T_17.0, 8;
    %pushi/vec4 0, 0, 14;
    %assign/vec4 v0x58a15f21b980_0, 0;
    %pushi/vec4 0, 0, 14;
    %assign/vec4 v0x58a15f21b7c0_0, 0;
    %jmp T_17.1;
T_17.0 ;
    %load/vec4 v0x58a15f21b8c0_0;
    %assign/vec4 v0x58a15f21b7c0_0, 0;
    %load/vec4 v0x58a15f21b8c0_0;
    %load/vec4 v0x58a15f21b7c0_0;
    %sub;
    %assign/vec4 v0x58a15f21b980_0, 0;
T_17.1 ;
    %jmp T_17;
    .thread T_17;
    .scope S_0x58a15f1dda90;
T_18 ;
    %pushi/vec4 0, 0, 1;
    %store/vec4 v0x58a15f21e2a0_0, 0, 1;
T_18.0 ;
    %delay 5000, 0;
    %load/vec4 v0x58a15f21e2a0_0;
    %inv;
    %store/vec4 v0x58a15f21e2a0_0, 0, 1;
    %jmp T_18.0;
T_18.1 ;
    %end;
    .thread T_18;
    .scope S_0x58a15f1dda90;
T_19 ;
    %pushi/vec4 1, 0, 1;
    %store/vec4 v0x58a15f21e340_0, 0, 1;
    %pushi/vec4 0, 0, 1;
    %store/vec4 v0x58a15f21e200_0, 0, 1;
    %delay 40000, 0;
    %pushi/vec4 0, 0, 1;
    %store/vec4 v0x58a15f21e340_0, 0, 1;
    %pushi/vec4 500, 0, 32;
T_19.0 %dup/vec4;
    %cmpi/s 0, 0, 32;
    %jmp/1xz T_19.1, 5;
    %jmp/1 T_19.1, 4;
    %subi 1, 0, 32;
    %wait E_0x58a15f1d8950;
    %pushi/vec4 1, 0, 1;
    %store/vec4 v0x58a15f21e200_0, 0, 1;
    %jmp T_19.0;
T_19.1 ;
    %pop/vec4 1;
    %pushi/vec4 500, 0, 32;
T_19.2 %dup/vec4;
    %cmpi/s 0, 0, 32;
    %jmp/1xz T_19.3, 5;
    %jmp/1 T_19.3, 4;
    %subi 1, 0, 32;
    %wait E_0x58a15f1d8950;
    %pushi/vec4 0, 0, 1;
    %store/vec4 v0x58a15f21e200_0, 0, 1;
    %jmp T_19.2;
T_19.3 ;
    %pop/vec4 1;
    %pushi/vec4 500, 0, 32;
T_19.4 %dup/vec4;
    %cmpi/s 0, 0, 32;
    %jmp/1xz T_19.5, 5;
    %jmp/1 T_19.5, 4;
    %subi 1, 0, 32;
    %wait E_0x58a15f1d8950;
    %pushi/vec4 1, 0, 1;
    %store/vec4 v0x58a15f21e200_0, 0, 1;
    %wait E_0x58a15f1d8950;
    %pushi/vec4 0, 0, 1;
    %store/vec4 v0x58a15f21e200_0, 0, 1;
    %jmp T_19.4;
T_19.5 ;
    %pop/vec4 1;
    %delay 1000000, 0;
    %vpi_call 8 59 "$display", "Simulation Finished!" {0 0 0};
    %vpi_call 8 60 "$finish" {0 0 0};
    %end;
    .thread T_19;
    .scope S_0x58a15f1dda90;
T_20 ;
    %vpi_call 8 65 "$dumpfile", "cic_filter_sim.vcd" {0 0 0};
    %vpi_call 8 66 "$dumpvars", 32'sb00000000000000000000000000000001, S_0x58a15f218d20 {0 0 0};
    %end;
    .thread T_20;
# The file index is used to find the file name in the following table.
:file_names 9;
    "N/A";
    "<interactive>";
    "CIC_wrapper.v";
    "CIC_verilog_v1.v";
    "Clock_divider_cic.v";
    "coder_verilog.v";
    "Differentiator_cic.v";
    "Integrator_cic.v";
    "tb_CIC_verilog_v1.v";
