# Logfile created on 2026-05-21 12:09:59 +0200 by logger.rb/v1.4.3
2026-05-21 12:09:59 +0200: Memory Usage (428408K) : Starting running IHP-SG13G2 KLayout DRC runset on /home/designer/shared/Delta-sigma-adc/gds/comparator/comparator.gds
2026-05-21 12:09:59 +0200: Memory Usage (428408K) : Ruby Version for klayout: 3.0.2
2026-05-21 12:09:59 +0200: Memory Usage (429304K) : Loading database to memory is complete.
2026-05-21 12:09:59 +0200: Memory Usage (429304K) : IHP-SG13G2 KLayout DRC runset output at: /home/designer/shared/Delta-sigma-adc/gds/comparator/drc_run_comparator/comparator_comparator_main.lyrdb
2026-05-21 12:09:59 +0200: Memory Usage (429432K) : Evaluate switches.
2026-05-21 12:09:59 +0200: Memory Usage (429432K) : tables selected: main
2026-05-21 12:09:59 +0200: Memory Usage (429432K) : KLayout will use 1 thread(s) in tiling mode.
2026-05-21 12:09:59 +0200: Memory Usage (429432K) : deep mode is enabled.
2026-05-21 12:09:59 +0200: Memory Usage (429432K) : FEOL enabled: true
2026-05-21 12:09:59 +0200: Memory Usage (429432K) : BEOL enabled: true
2026-05-21 12:09:59 +0200: Memory Usage (429432K) : OFFGRID enabled: true
2026-05-21 12:09:59 +0200: Memory Usage (429432K) : PIN enabled: true
2026-05-21 12:09:59 +0200: Memory Usage (429432K) : FORBIDDEN enabled: true
2026-05-21 12:09:59 +0200: Memory Usage (429432K) : RECOMMENDED enabled: true
2026-05-21 12:09:59 +0200: Memory Usage (429432K) : PreCheck DRC enabled: false
2026-05-21 12:09:59 +0200: Memory Usage (429432K) : CONNECTIVITY_RULES enabled: true.
2026-05-21 12:09:59 +0200: Memory Usage (429432K) : Read in polygons from layers.
2026-05-21 12:09:59 +0200: Memory Usage (430200K) : activ_drw has 19 polygons
2026-05-21 12:09:59 +0200: Memory Usage (430200K) : activ_pin has 0 polygons
2026-05-21 12:09:59 +0200: Memory Usage (430200K) : activ_mask has 0 polygons
2026-05-21 12:09:59 +0200: Memory Usage (430200K) : activ_filler has 0 polygons
2026-05-21 12:09:59 +0200: Memory Usage (430200K) : activ_nofill has 0 polygons
2026-05-21 12:09:59 +0200: Memory Usage (430200K) : activ_opc has 0 polygons
2026-05-21 12:09:59 +0200: Memory Usage (430200K) : activ_iopc has 0 polygons
2026-05-21 12:09:59 +0200: Memory Usage (430200K) : activ_noqrc has 0 polygons
2026-05-21 12:09:59 +0200: Memory Usage (430200K) : biwind_drw has 0 polygons
2026-05-21 12:09:59 +0200: Memory Usage (430200K) : biwind_opc has 0 polygons
2026-05-21 12:09:59 +0200: Memory Usage (430200K) : pemwind_drw has 0 polygons
2026-05-21 12:09:59 +0200: Memory Usage (430200K) : gatpoly_drw has 19 polygons
2026-05-21 12:09:59 +0200: Memory Usage (430200K) : gatpoly_pin has 5 polygons
2026-05-21 12:09:59 +0200: Memory Usage (430200K) : gatpoly_filler has 0 polygons
2026-05-21 12:09:59 +0200: Memory Usage (430200K) : gatpoly_nofill has 0 polygons
2026-05-21 12:09:59 +0200: Memory Usage (430200K) : gatpoly_opc has 0 polygons
2026-05-21 12:09:59 +0200: Memory Usage (430200K) : gatpoly_iopc has 0 polygons
2026-05-21 12:09:59 +0200: Memory Usage (430200K) : gatpoly_noqrc has 0 polygons
2026-05-21 12:09:59 +0200: Memory Usage (430200K) : cont_drw has 140 polygons
2026-05-21 12:09:59 +0200: Memory Usage (430200K) : cont_opc has 0 polygons
2026-05-21 12:09:59 +0200: Memory Usage (430200K) : nsd_drw has 0 polygons
2026-05-21 12:09:59 +0200: Memory Usage (430200K) : nsd_block has 0 polygons
2026-05-21 12:09:59 +0200: Memory Usage (430200K) : metal1_drw has 36 polygons
2026-05-21 12:09:59 +0200: Memory Usage (430200K) : metal1_pin has 6 polygons
2026-05-21 12:09:59 +0200: Memory Usage (430328K) : metal1_mask has 0 polygons
2026-05-21 12:09:59 +0200: Memory Usage (430328K) : metal1_filler has 0 polygons
2026-05-21 12:09:59 +0200: Memory Usage (430328K) : metal1_nofill has 0 polygons
2026-05-21 12:09:59 +0200: Memory Usage (430456K) : metal1_slit has 0 polygons
2026-05-21 12:09:59 +0200: Memory Usage (430584K) : metal1_text has 0 polygons
2026-05-21 12:09:59 +0200: Memory Usage (430584K) : metal1_opc has 0 polygons
2026-05-21 12:09:59 +0200: Memory Usage (430712K) : metal1_noqrc has 0 polygons
2026-05-21 12:09:59 +0200: Memory Usage (430712K) : metal1_res has 0 polygons
2026-05-21 12:09:59 +0200: Memory Usage (430712K) : metal1_iprobe has 0 polygons
2026-05-21 12:09:59 +0200: Memory Usage (430712K) : metal1_diffprb has 0 polygons
2026-05-21 12:09:59 +0200: Memory Usage (430712K) : passiv_drw has 0 polygons
2026-05-21 12:09:59 +0200: Memory Usage (430840K) : passiv_pin has 0 polygons
2026-05-21 12:09:59 +0200: Memory Usage (430840K) : passiv_sbump has 0 polygons
2026-05-21 12:09:59 +0200: Memory Usage (430840K) : passiv_pillar has 0 polygons
2026-05-21 12:09:59 +0200: Memory Usage (430968K) : passiv_pdl has 0 polygons
2026-05-21 12:09:59 +0200: Memory Usage (430968K) : metal2_drw has 0 polygons
2026-05-21 12:09:59 +0200: Memory Usage (430968K) : metal2_pin has 0 polygons
2026-05-21 12:09:59 +0200: Memory Usage (431096K) : metal2_mask has 0 polygons
2026-05-21 12:09:59 +0200: Memory Usage (431096K) : metal2_filler has 0 polygons
2026-05-21 12:09:59 +0200: Memory Usage (431096K) : metal2_nofill has 0 polygons
2026-05-21 12:09:59 +0200: Memory Usage (431224K) : metal2_slit has 0 polygons
2026-05-21 12:09:59 +0200: Memory Usage (431224K) : metal2_text has 0 polygons
2026-05-21 12:09:59 +0200: Memory Usage (431224K) : metal2_opc has 0 polygons
2026-05-21 12:09:59 +0200: Memory Usage (431224K) : metal2_noqrc has 0 polygons
2026-05-21 12:09:59 +0200: Memory Usage (431352K) : metal2_res has 0 polygons
2026-05-21 12:09:59 +0200: Memory Usage (431352K) : metal2_iprobe has 0 polygons
2026-05-21 12:09:59 +0200: Memory Usage (431352K) : metal2_diffprb has 0 polygons
2026-05-21 12:09:59 +0200: Memory Usage (431480K) : baspoly_drw has 0 polygons
2026-05-21 12:09:59 +0200: Memory Usage (431480K) : baspoly_pin has 0 polygons
2026-05-21 12:09:59 +0200: Memory Usage (431480K) : psd_drw has 2 polygons
2026-05-21 12:09:59 +0200: Memory Usage (431608K) : nldb_drw has 0 polygons
2026-05-21 12:09:59 +0200: Memory Usage (431608K) : digibnd_drw has 0 polygons
2026-05-21 12:09:59 +0200: Memory Usage (431608K) : via1_drw has 0 polygons
2026-05-21 12:09:59 +0200: Memory Usage (431736K) : backmetal1_drw has 0 polygons
2026-05-21 12:09:59 +0200: Memory Usage (431736K) : backmetal1_pin has 0 polygons
2026-05-21 12:09:59 +0200: Memory Usage (431736K) : backmetal1_mask has 0 polygons
2026-05-21 12:09:59 +0200: Memory Usage (431864K) : backmetal1_filler has 0 polygons
2026-05-21 12:09:59 +0200: Memory Usage (431864K) : backmetal1_nofill has 0 polygons
2026-05-21 12:09:59 +0200: Memory Usage (431864K) : backmetal1_slit has 0 polygons
2026-05-21 12:09:59 +0200: Memory Usage (431992K) : backmetal1_text has 0 polygons
2026-05-21 12:09:59 +0200: Memory Usage (431992K) : backmetal1_opc has 0 polygons
2026-05-21 12:09:59 +0200: Memory Usage (431992K) : backmetal1_noqrc has 0 polygons
2026-05-21 12:09:59 +0200: Memory Usage (432120K) : backmetal1_res has 0 polygons
2026-05-21 12:09:59 +0200: Memory Usage (432120K) : backmetal1_iprobe has 0 polygons
2026-05-21 12:09:59 +0200: Memory Usage (432120K) : backmetal1_diffprb has 0 polygons
2026-05-21 12:09:59 +0200: Memory Usage (432248K) : backpassiv_drw has 0 polygons
2026-05-21 12:09:59 +0200: Memory Usage (432248K) : res_drw has 0 polygons
2026-05-21 12:09:59 +0200: Memory Usage (432248K) : sram_drw has 0 polygons
2026-05-21 12:09:59 +0200: Memory Usage (432248K) : trans_drw has 0 polygons
2026-05-21 12:09:59 +0200: Memory Usage (432376K) : ind_drw has 0 polygons
2026-05-21 12:09:59 +0200: Memory Usage (432376K) : ind_pin has 0 polygons
2026-05-21 12:09:59 +0200: Memory Usage (432376K) : ind_text has 0 polygons
2026-05-21 12:09:59 +0200: Memory Usage (432504K) : salblock_drw has 0 polygons
2026-05-21 12:09:59 +0200: Memory Usage (432504K) : via2_drw has 0 polygons
2026-05-21 12:09:59 +0200: Memory Usage (432504K) : metal3_drw has 0 polygons
2026-05-21 12:09:59 +0200: Memory Usage (432632K) : metal3_pin has 0 polygons
2026-05-21 12:09:59 +0200: Memory Usage (432632K) : metal3_mask has 0 polygons
2026-05-21 12:09:59 +0200: Memory Usage (432632K) : metal3_filler has 0 polygons
2026-05-21 12:09:59 +0200: Memory Usage (432760K) : metal3_nofill has 0 polygons
2026-05-21 12:09:59 +0200: Memory Usage (432760K) : metal3_slit has 0 polygons
2026-05-21 12:09:59 +0200: Memory Usage (432760K) : metal3_text has 0 polygons
2026-05-21 12:09:59 +0200: Memory Usage (432888K) : metal3_opc has 0 polygons
2026-05-21 12:09:59 +0200: Memory Usage (432888K) : metal3_noqrc has 0 polygons
2026-05-21 12:09:59 +0200: Memory Usage (432888K) : metal3_res has 0 polygons
2026-05-21 12:09:59 +0200: Memory Usage (433016K) : metal3_iprobe has 0 polygons
2026-05-21 12:09:59 +0200: Memory Usage (433016K) : metal3_diffprb has 0 polygons
2026-05-21 12:09:59 +0200: Memory Usage (433016K) : nwell_drw has 2 polygons
2026-05-21 12:09:59 +0200: Memory Usage (433144K) : nwell_pin has 0 polygons
2026-05-21 12:09:59 +0200: Memory Usage (433144K) : nbulay_drw has 0 polygons
2026-05-21 12:09:59 +0200: Memory Usage (433144K) : nbulay_pin has 0 polygons
2026-05-21 12:09:59 +0200: Memory Usage (433272K) : nbulay_block has 0 polygons
2026-05-21 12:09:59 +0200: Memory Usage (433272K) : emwind_drw has 0 polygons
2026-05-21 12:09:59 +0200: Memory Usage (433272K) : emwind_opc has 0 polygons
2026-05-21 12:09:59 +0200: Memory Usage (433272K) : deepco_drw has 0 polygons
2026-05-21 12:09:59 +0200: Memory Usage (433272K) : deepco_drw has 0 polygons
2026-05-21 12:09:59 +0200: Memory Usage (433400K) : mim_drw has 0 polygons
2026-05-21 12:09:59 +0200: Memory Usage (433400K) : edgeseal_drw has 0 polygons
2026-05-21 12:09:59 +0200: Memory Usage (433400K) : edgeseal_bound has 0 polygons
2026-05-21 12:09:59 +0200: Memory Usage (433528K) : substrate_drw has 2 polygons
2026-05-21 12:09:59 +0200: Memory Usage (433528K) : substrate_text has 0 polygons
2026-05-21 12:09:59 +0200: Memory Usage (433528K) : dfpad_drw has 0 polygons
2026-05-21 12:09:59 +0200: Memory Usage (433528K) : dfpad_pillar has 0 polygons
2026-05-21 12:09:59 +0200: Memory Usage (433656K) : dfpad_sbump has 0 polygons
2026-05-21 12:09:59 +0200: Memory Usage (433656K) : thickgateox_drw has 0 polygons
2026-05-21 12:09:59 +0200: Memory Usage (433784K) : pldb_drw has 0 polygons
2026-05-21 12:09:59 +0200: Memory Usage (433784K) : pwell_drw has 0 polygons
2026-05-21 12:09:59 +0200: Memory Usage (433784K) : pwell_pin has 0 polygons
2026-05-21 12:09:59 +0200: Memory Usage (433912K) : pwell_block has 0 polygons
2026-05-21 12:09:59 +0200: Memory Usage (433912K) : ic_drw has 0 polygons
2026-05-21 12:09:59 +0200: Memory Usage (434040K) : via3_drw has 0 polygons
2026-05-21 12:09:59 +0200: Memory Usage (434040K) : metal4_drw has 0 polygons
2026-05-21 12:09:59 +0200: Memory Usage (434168K) : metal4_pin has 0 polygons
2026-05-21 12:09:59 +0200: Memory Usage (434168K) : metal4_mask has 0 polygons
2026-05-21 12:09:59 +0200: Memory Usage (434168K) : metal4_filler has 0 polygons
2026-05-21 12:09:59 +0200: Memory Usage (434168K) : metal4_nofill has 0 polygons
2026-05-21 12:09:59 +0200: Memory Usage (434296K) : metal4_slit has 0 polygons
2026-05-21 12:09:59 +0200: Memory Usage (434296K) : metal4_text has 0 polygons
2026-05-21 12:09:59 +0200: Memory Usage (434424K) : metal4_opc has 0 polygons
2026-05-21 12:09:59 +0200: Memory Usage (434424K) : metal4_noqrc has 0 polygons
2026-05-21 12:09:59 +0200: Memory Usage (434424K) : metal4_res has 0 polygons
2026-05-21 12:09:59 +0200: Memory Usage (434552K) : metal4_iprobe has 0 polygons
2026-05-21 12:09:59 +0200: Memory Usage (434552K) : metal4_diffprb has 0 polygons
2026-05-21 12:09:59 +0200: Memory Usage (434680K) : heattrans_drw has 13 polygons
2026-05-21 12:09:59 +0200: Memory Usage (434680K) : heatres_drw has 0 polygons
2026-05-21 12:09:59 +0200: Memory Usage (434680K) : pempoly_drw has 0 polygons
2026-05-21 12:09:59 +0200: Memory Usage (434808K) : fbe_drw has 0 polygons
2026-05-21 12:09:59 +0200: Memory Usage (434808K) : empoly_drw has 0 polygons
2026-05-21 12:09:59 +0200: Memory Usage (434936K) : ldmos_drw has 0 polygons
2026-05-21 12:09:59 +0200: Memory Usage (434936K) : pbiwind_drw has 0 polygons
2026-05-21 12:09:59 +0200: Memory Usage (435064K) : digisub_drw has 0 polygons
2026-05-21 12:09:59 +0200: Memory Usage (435064K) : nodrc_drw has 0 polygons
2026-05-21 12:09:59 +0200: Memory Usage (435192K) : text_drw has 9 polygons
2026-05-21 12:09:59 +0200: Memory Usage (435320K) : via4_drw has 0 polygons
2026-05-21 12:09:59 +0200: Memory Usage (435320K) : metal5_drw has 0 polygons
2026-05-21 12:09:59 +0200: Memory Usage (435448K) : metal5_pin has 0 polygons
2026-05-21 12:09:59 +0200: Memory Usage (435448K) : metal5_mask has 0 polygons
2026-05-21 12:09:59 +0200: Memory Usage (435576K) : metal5_filler has 0 polygons
2026-05-21 12:09:59 +0200: Memory Usage (435576K) : metal5_nofill has 0 polygons
2026-05-21 12:09:59 +0200: Memory Usage (435576K) : metal5_slit has 0 polygons
2026-05-21 12:09:59 +0200: Memory Usage (435576K) : metal5_text has 0 polygons
2026-05-21 12:09:59 +0200: Memory Usage (435704K) : metal5_opc has 0 polygons
2026-05-21 12:09:59 +0200: Memory Usage (435704K) : metal5_noqrc has 0 polygons
2026-05-21 12:09:59 +0200: Memory Usage (435704K) : metal5_res has 0 polygons
2026-05-21 12:09:59 +0200: Memory Usage (435832K) : metal5_iprobe has 0 polygons
2026-05-21 12:09:59 +0200: Memory Usage (435832K) : metal5_diffprb has 0 polygons
2026-05-21 12:09:59 +0200: Memory Usage (435960K) : radhard_drw has 0 polygons
2026-05-21 12:09:59 +0200: Memory Usage (435960K) : memcap_drw has 0 polygons
2026-05-21 12:09:59 +0200: Memory Usage (435960K) : varicap_drw has 0 polygons
2026-05-21 12:09:59 +0200: Memory Usage (436088K) : flash_drw has 0 polygons
2026-05-21 12:09:59 +0200: Memory Usage (436088K) : intbondvia_drw has 0 polygons
2026-05-21 12:09:59 +0200: Memory Usage (436216K) : intbondmet_drw has 0 polygons
2026-05-21 12:09:59 +0200: Memory Usage (436216K) : devbondvia_drw has 0 polygons
2026-05-21 12:09:59 +0200: Memory Usage (436344K) : devbondmet_drw has 0 polygons
2026-05-21 12:09:59 +0200: Memory Usage (436344K) : devtrench_drw has 0 polygons
2026-05-21 12:09:59 +0200: Memory Usage (436344K) : redist_drw has 0 polygons
2026-05-21 12:09:59 +0200: Memory Usage (436472K) : graphbot_drw has 0 polygons
2026-05-21 12:09:59 +0200: Memory Usage (436472K) : graphtop_drw has 0 polygons
2026-05-21 12:09:59 +0200: Memory Usage (436600K) : antvia1_drw has 0 polygons
2026-05-21 12:09:59 +0200: Memory Usage (436600K) : antmetal2_drw has 0 polygons
2026-05-21 12:09:59 +0200: Memory Usage (436600K) : graphcont_drw has 0 polygons
2026-05-21 12:09:59 +0200: Memory Usage (436728K) : siwg_drw has 0 polygons
2026-05-21 12:09:59 +0200: Memory Usage (436728K) : siwg_filler has 0 polygons
2026-05-21 12:09:59 +0200: Memory Usage (436728K) : siwg_nofill has 0 polygons
2026-05-21 12:09:59 +0200: Memory Usage (436856K) : sigrating_drw has 0 polygons
2026-05-21 12:09:59 +0200: Memory Usage (436856K) : singrating_drw has 0 polygons
2026-05-21 12:09:59 +0200: Memory Usage (436856K) : graphpas_drw has 0 polygons
2026-05-21 12:09:59 +0200: Memory Usage (436984K) : emwind3_drw has 0 polygons
2026-05-21 12:09:59 +0200: Memory Usage (436984K) : emwihv3_drw has 0 polygons
2026-05-21 12:09:59 +0200: Memory Usage (437112K) : redbulay_drw has 0 polygons
2026-05-21 12:10:00 +0200: Memory Usage (437112K) : smos_drw has 0 polygons
2026-05-21 12:10:00 +0200: Memory Usage (437112K) : graphpad_drw has 0 polygons
2026-05-21 12:10:00 +0200: Memory Usage (437240K) : polimide_drw has 0 polygons
2026-05-21 12:10:00 +0200: Memory Usage (437240K) : polimide_pin has 0 polygons
2026-05-21 12:10:00 +0200: Memory Usage (437368K) : recog_drw has 0 polygons
2026-05-21 12:10:00 +0200: Memory Usage (437368K) : recog_pin has 0 polygons
2026-05-21 12:10:00 +0200: Memory Usage (437368K) : recog_esd has 0 polygons
2026-05-21 12:10:00 +0200: Memory Usage (437496K) : recog_diode has 0 polygons
2026-05-21 12:10:00 +0200: Memory Usage (437496K) : recog_tsv has 0 polygons
2026-05-21 12:10:00 +0200: Memory Usage (437624K) : recog_iprobe has 0 polygons
2026-05-21 12:10:00 +0200: Memory Usage (437624K) : recog_diffprb has 0 polygons
2026-05-21 12:10:00 +0200: Memory Usage (437752K) : recog_pillar has 0 polygons
2026-05-21 12:10:00 +0200: Memory Usage (437752K) : recog_sbump has 0 polygons
2026-05-21 12:10:00 +0200: Memory Usage (437752K) : recog_otp has 0 polygons
2026-05-21 12:10:00 +0200: Memory Usage (437880K) : recog_pdiode has 0 polygons
2026-05-21 12:10:00 +0200: Memory Usage (437880K) : recog_mom has 0 polygons
2026-05-21 12:10:00 +0200: Memory Usage (438008K) : recog_pcm has 0 polygons
2026-05-21 12:10:00 +0200: Memory Usage (438008K) : colopen_drw has 0 polygons
2026-05-21 12:10:00 +0200: Memory Usage (438136K) : graphmetal1_drw has 0 polygons
2026-05-21 12:10:00 +0200: Memory Usage (438136K) : graphmetal1_filler has 0 polygons
2026-05-21 12:10:00 +0200: Memory Usage (438136K) : graphmetal1_nofill has 0 polygons
2026-05-21 12:10:00 +0200: Memory Usage (438264K) : graphmetal1_slit has 0 polygons
2026-05-21 12:10:00 +0200: Memory Usage (438264K) : graphmetal1_opc has 0 polygons
2026-05-21 12:10:00 +0200: Memory Usage (438392K) : graphmet1l_drw has 0 polygons
2026-05-21 12:10:00 +0200: Memory Usage (438392K) : graphmet1l_filler has 0 polygons
2026-05-21 12:10:00 +0200: Memory Usage (438392K) : graphmet1l_nofill has 0 polygons
2026-05-21 12:10:00 +0200: Memory Usage (438520K) : graphmet1l_slit has 0 polygons
2026-05-21 12:10:00 +0200: Memory Usage (438520K) : graphmet1l_opc has 0 polygons
2026-05-21 12:10:00 +0200: Memory Usage (438648K) : extblock_drw has 0 polygons
2026-05-21 12:10:00 +0200: Memory Usage (438648K) : nldd_drw has 0 polygons
2026-05-21 12:10:00 +0200: Memory Usage (438776K) : pldd_drw has 0 polygons
2026-05-21 12:10:00 +0200: Memory Usage (438776K) : next_drw has 0 polygons
2026-05-21 12:10:00 +0200: Memory Usage (438776K) : pext_drw has 0 polygons
2026-05-21 12:10:00 +0200: Memory Usage (438904K) : nexthv_drw has 0 polygons
2026-05-21 12:10:00 +0200: Memory Usage (438904K) : pexthv_drw has 0 polygons
2026-05-21 12:10:00 +0200: Memory Usage (439032K) : graphgate_drw has 0 polygons
2026-05-21 12:10:00 +0200: Memory Usage (439032K) : sinwg_drw has 0 polygons
2026-05-21 12:10:00 +0200: Memory Usage (439160K) : sinwg_filler has 0 polygons
2026-05-21 12:10:00 +0200: Memory Usage (439160K) : sinwg_nofill has 0 polygons
2026-05-21 12:10:00 +0200: Memory Usage (439160K) : mempad_drw has 0 polygons
2026-05-21 12:10:00 +0200: Memory Usage (439288K) : topvia1_drw has 0 polygons
2026-05-21 12:10:00 +0200: Memory Usage (439288K) : topmetal1_drw has 0 polygons
2026-05-21 12:10:00 +0200: Memory Usage (439416K) : topmetal1_pin has 0 polygons
2026-05-21 12:10:00 +0200: Memory Usage (439416K) : topmetal1_mask has 0 polygons
2026-05-21 12:10:00 +0200: Memory Usage (439416K) : topmetal1_filler has 0 polygons
2026-05-21 12:10:00 +0200: Memory Usage (439544K) : topmetal1_nofill has 0 polygons
2026-05-21 12:10:00 +0200: Memory Usage (439544K) : topmetal1_slit has 0 polygons
2026-05-21 12:10:00 +0200: Memory Usage (439672K) : topmetal1_text has 0 polygons
2026-05-21 12:10:00 +0200: Memory Usage (439672K) : topmetal1_noqrc has 0 polygons
2026-05-21 12:10:00 +0200: Memory Usage (439800K) : topmetal1_res has 0 polygons
2026-05-21 12:10:00 +0200: Memory Usage (439800K) : topmetal1_iprobe has 0 polygons
2026-05-21 12:10:00 +0200: Memory Usage (439800K) : topmetal1_diffprb has 0 polygons
2026-05-21 12:10:00 +0200: Memory Usage (439928K) : inldpwl_drw has 0 polygons
2026-05-21 12:10:00 +0200: Memory Usage (439928K) : polyres_drw has 0 polygons
2026-05-21 12:10:00 +0200: Memory Usage (440056K) : polyres_pin has 0 polygons
2026-05-21 12:10:00 +0200: Memory Usage (440056K) : vmim_drw has 0 polygons
2026-05-21 12:10:00 +0200: Memory Usage (440056K) : nbulaycut_drw has 0 polygons
2026-05-21 12:10:00 +0200: Memory Usage (440184K) : antmetal1_drw has 0 polygons
2026-05-21 12:10:00 +0200: Memory Usage (440184K) : topvia2_drw has 0 polygons
2026-05-21 12:10:00 +0200: Memory Usage (440312K) : topmetal2_drw has 0 polygons
2026-05-21 12:10:00 +0200: Memory Usage (440312K) : topmetal2_pin has 0 polygons
2026-05-21 12:10:00 +0200: Memory Usage (440440K) : topmetal2_mask has 0 polygons
2026-05-21 12:10:00 +0200: Memory Usage (440440K) : topmetal2_filler has 0 polygons
2026-05-21 12:10:00 +0200: Memory Usage (440440K) : topmetal2_nofill has 0 polygons
2026-05-21 12:10:00 +0200: Memory Usage (440568K) : topmetal2_slit has 0 polygons
2026-05-21 12:10:00 +0200: Memory Usage (440568K) : topmetal2_text has 0 polygons
2026-05-21 12:10:00 +0200: Memory Usage (440696K) : topmetal2_noqrc has 0 polygons
2026-05-21 12:10:00 +0200: Memory Usage (440696K) : topmetal2_res has 0 polygons
2026-05-21 12:10:00 +0200: Memory Usage (440696K) : topmetal2_iprobe has 0 polygons
2026-05-21 12:10:00 +0200: Memory Usage (440824K) : topmetal2_diffprb has 0 polygons
2026-05-21 12:10:00 +0200: Memory Usage (440824K) : snsring_drw has 0 polygons
2026-05-21 12:10:00 +0200: Memory Usage (440952K) : sensor_drw has 0 polygons
2026-05-21 12:10:00 +0200: Memory Usage (440952K) : snsarms_drw has 0 polygons
2026-05-21 12:10:00 +0200: Memory Usage (441080K) : snscmosvia_drw has 0 polygons
2026-05-21 12:10:00 +0200: Memory Usage (441080K) : colwind_drw has 0 polygons
2026-05-21 12:10:00 +0200: Memory Usage (441080K) : flm_drw has 0 polygons
2026-05-21 12:10:00 +0200: Memory Usage (441208K) : hafniumox_drw has 0 polygons
2026-05-21 12:10:00 +0200: Memory Usage (441208K) : memvia_drw has 0 polygons
2026-05-21 12:10:00 +0200: Memory Usage (441336K) : thinfilmres_drw has 0 polygons
2026-05-21 12:10:00 +0200: Memory Usage (441336K) : rfmem_drw has 0 polygons
2026-05-21 12:10:00 +0200: Memory Usage (441464K) : norcx_drw has 0 polygons
2026-05-21 12:10:00 +0200: Memory Usage (441464K) : norcx_m2m3 has 0 polygons
2026-05-21 12:10:00 +0200: Memory Usage (441464K) : norcx_m2m4 has 0 polygons
2026-05-21 12:10:00 +0200: Memory Usage (441592K) : norcx_m2m5 has 0 polygons
2026-05-21 12:10:00 +0200: Memory Usage (441592K) : norcx_m2tm1 has 0 polygons
2026-05-21 12:10:00 +0200: Memory Usage (441720K) : norcx_m2tm2 has 0 polygons
2026-05-21 12:10:00 +0200: Memory Usage (441720K) : norcx_m3m4 has 0 polygons
2026-05-21 12:10:00 +0200: Memory Usage (441720K) : norcx_m3m5 has 0 polygons
2026-05-21 12:10:00 +0200: Memory Usage (441720K) : norcx_m3tm1 has 0 polygons
2026-05-21 12:10:00 +0200: Memory Usage (441720K) : norcx_m3tm2 has 0 polygons
2026-05-21 12:10:00 +0200: Memory Usage (441720K) : norcx_m4m5 has 0 polygons
2026-05-21 12:10:00 +0200: Memory Usage (441848K) : norcx_m4tm1 has 0 polygons
2026-05-21 12:10:00 +0200: Memory Usage (441848K) : norcx_m4tm2 has 0 polygons
2026-05-21 12:10:00 +0200: Memory Usage (441848K) : norcx_m5tm1 has 0 polygons
2026-05-21 12:10:00 +0200: Memory Usage (441848K) : norcx_m5tm2 has 0 polygons
2026-05-21 12:10:00 +0200: Memory Usage (441976K) : norcx_tm1tm2 has 0 polygons
2026-05-21 12:10:00 +0200: Memory Usage (441976K) : norcx_m1sub has 0 polygons
2026-05-21 12:10:00 +0200: Memory Usage (442104K) : norcx_m2sub has 0 polygons
2026-05-21 12:10:00 +0200: Memory Usage (442104K) : norcx_m3sub has 0 polygons
2026-05-21 12:10:00 +0200: Memory Usage (442232K) : norcx_m4sub has 0 polygons
2026-05-21 12:10:00 +0200: Memory Usage (442232K) : norcx_m5sub has 0 polygons
2026-05-21 12:10:00 +0200: Memory Usage (442232K) : norcx_tm1sub has 0 polygons
2026-05-21 12:10:00 +0200: Memory Usage (442360K) : norcx_tm2sub has 0 polygons
2026-05-21 12:10:00 +0200: Memory Usage (442360K) : snsbotvia_drw has 0 polygons
2026-05-21 12:10:00 +0200: Memory Usage (442488K) : snstopvia_drw has 0 polygons
2026-05-21 12:10:00 +0200: Memory Usage (442488K) : deepvia_drw has 0 polygons
2026-05-21 12:10:00 +0200: Memory Usage (442488K) : fgetch_drw has 0 polygons
2026-05-21 12:10:00 +0200: Memory Usage (442616K) : ctrgat_drw has 0 polygons
2026-05-21 12:10:00 +0200: Memory Usage (442616K) : fgimp_drw has 0 polygons
2026-05-21 12:10:00 +0200: Memory Usage (442744K) : emwihv_drw has 0 polygons
2026-05-21 12:10:00 +0200: Memory Usage (442744K) : lbe_drw has 0 polygons
2026-05-21 12:10:00 +0200: Memory Usage (442744K) : alcustop_drw has 0 polygons
2026-05-21 12:10:00 +0200: Memory Usage (442872K) : nometfiller_drw has 0 polygons
2026-05-21 12:10:00 +0200: Memory Usage (442872K) : prboundary_drw has 0 polygons
2026-05-21 12:10:00 +0200: Memory Usage (443000K) : exchange0_drw has 0 polygons
2026-05-21 12:10:00 +0200: Memory Usage (443000K) : exchange0_pin has 0 polygons
2026-05-21 12:10:00 +0200: Memory Usage (443000K) : exchange0_text has 0 polygons
2026-05-21 12:10:00 +0200: Memory Usage (443128K) : exchange1_drw has 0 polygons
2026-05-21 12:10:00 +0200: Memory Usage (443128K) : exchange1_pin has 0 polygons
2026-05-21 12:10:00 +0200: Memory Usage (443256K) : exchange1_text has 0 polygons
2026-05-21 12:10:00 +0200: Memory Usage (443256K) : exchange2_drw has 0 polygons
2026-05-21 12:10:00 +0200: Memory Usage (443256K) : exchange2_pin has 0 polygons
2026-05-21 12:10:00 +0200: Memory Usage (443384K) : exchange2_text has 0 polygons
2026-05-21 12:10:00 +0200: Memory Usage (443384K) : exchange3_drw has 0 polygons
2026-05-21 12:10:00 +0200: Memory Usage (443512K) : exchange3_pin has 0 polygons
2026-05-21 12:10:00 +0200: Memory Usage (443512K) : exchange3_text has 0 polygons
2026-05-21 12:10:00 +0200: Memory Usage (443512K) : exchange4_drw has 0 polygons
2026-05-21 12:10:00 +0200: Memory Usage (443640K) : exchange4_pin has 0 polygons
2026-05-21 12:10:00 +0200: Memory Usage (443640K) : exchange4_text has 0 polygons
2026-05-21 12:10:00 +0200: Memory Usage (443768K) : isonwell_drw has 0 polygons
2026-05-21 12:10:00 +0200: Memory Usage (443768K) : Total no. of polygons in the design is 253
2026-05-21 12:10:00 +0200: Memory Usage (443768K) : Loaded TECH DRC rules values from /opt/pdks/ihp-sg13g2/libs.tech/klayout/python/sg13g2_pycell_lib/sg13g2_tech_mod.json
2026-05-21 12:10:00 +0200: Memory Usage (443768K) : Loaded default DRC rules values from /opt/pdks/ihp-sg13g2/libs.tech/klayout/tech/drc/rule_decks/sg13g2_tech_default.json
2026-05-21 12:10:00 +0200: Memory Usage (443768K) : The following rules values were missing in tech json and default values were used:
2026-05-21 12:10:00 +0200: Memory Usage (443768K) :   - Cnt_c_digibnd
2026-05-21 12:10:00 +0200: Memory Usage (444920K) : Total area of the design is 501.8775 um^2.
2026-05-21 12:10:00 +0200: Memory Usage (444920K) : The design dimensions are 21.939999999999998 µm * 22.875 µm.
2026-05-21 12:10:00 +0200: Memory Usage (444920K) : Starting general IHP-SG13G2 derivations.
2026-05-21 12:10:00 +0200: Memory Usage (444920K) : Starting Pwell derivations
2026-05-21 12:10:00 +0200: Memory Usage (447096K) : Starting n-Activ derivations
2026-05-21 12:10:00 +0200: Memory Usage (447480K) : Starting p-Activ derivations
2026-05-21 12:10:00 +0200: Memory Usage (447480K) : Starting ptap derivations
2026-05-21 12:10:00 +0200: Memory Usage (447480K) : Starting ntap derivations
2026-05-21 12:10:00 +0200: Memory Usage (447480K) : Starting pact FET derivations
2026-05-21 12:10:00 +0200: Memory Usage (447480K) : Starting nact FET derivations
2026-05-21 12:10:00 +0200: Memory Usage (447480K) : Starting Gate derivations
2026-05-21 12:10:00 +0200: Memory Usage (447608K) : Starting cont/contbar general derivations
2026-05-21 12:10:00 +0200: Memory Usage (447736K) : Starting pad general derivations
2026-05-21 12:10:00 +0200: Memory Usage (447992K) : Starting IHP-SG13G2 DRC connectivity related derivations.
2026-05-21 12:10:00 +0200: Memory Usage (448888K) : Starting IHP-SG13G2 DRC connectivity setup
2026-05-21 12:10:00 +0200: Memory Usage (449400K) : Starting IHP-SG13G2 DRC rules.
2026-05-21 12:10:00 +0200: Memory Usage (449400K) : Running all FEOL rules
2026-05-21 12:10:00 +0200: Memory Usage (449400K) : Running all BEOL rules
2026-05-21 12:10:00 +0200: Memory Usage (449400K) : Running all PIN rules
2026-05-21 12:10:00 +0200: Memory Usage (449400K) : Running all FORBIDDEN rules
2026-05-21 12:10:00 +0200: Memory Usage (449400K) : Starting 5.1 NWell table
2026-05-21 12:10:00 +0200: Memory Usage (449400K) : Executing rule NW.b
2026-05-21 12:10:00 +0200: Memory Usage (450040K) : Executing rule NW.b1
2026-05-21 12:10:00 +0200: Memory Usage (450296K) : Starting 5.2 PWell:block
2026-05-21 12:10:00 +0200: Memory Usage (450296K) : Executing rule PWB.e
2026-05-21 12:10:00 +0200: Memory Usage (450424K) : Executing rule PWB.e1
2026-05-21 12:10:00 +0200: Memory Usage (450552K) : Executing rule PWB.f
2026-05-21 12:10:00 +0200: Memory Usage (450680K) : Executing rule PWB.f1
2026-05-21 12:10:00 +0200: Memory Usage (451320K) : Starting 5.3 nBuLay table
2026-05-21 12:10:00 +0200: Memory Usage (451448K) : Executing rule NBL.b
2026-05-21 12:10:00 +0200: Memory Usage (451576K) : Executing rule NBL.c
2026-05-21 12:10:00 +0200: Memory Usage (451832K) : Executing rule NBL.d
2026-05-21 12:10:00 +0200: Memory Usage (452088K) : Executing rule NBL.e
2026-05-21 12:10:00 +0200: Memory Usage (452216K) : Executing rule NBL.f
2026-05-21 12:10:00 +0200: Memory Usage (452344K) : Starting 5.5. Activ table
2026-05-21 12:10:00 +0200: Memory Usage (452344K) : Executing rule Act.a
2026-05-21 12:10:00 +0200: Memory Usage (452344K) : Executing rule Act.b
2026-05-21 12:10:00 +0200: Memory Usage (452600K) : Starting 5.6 Activ:filler table
2026-05-21 12:10:00 +0200: Memory Usage (452856K) : Executing rule AFil.c1
2026-05-21 12:10:00 +0200: Memory Usage (452984K) : Executing rule AFil.c
2026-05-21 12:10:00 +0200: Memory Usage (452984K) : Executing rule AFil.d
2026-05-21 12:10:00 +0200: Memory Usage (453368K) : Executing rule AFil.e
2026-05-21 12:10:00 +0200: Memory Usage (453496K) : Executing rule AFil.j
2026-05-21 12:10:00 +0200: Memory Usage (453752K) : Starting 5.7. ThickGateOx table
2026-05-21 12:10:00 +0200: Memory Usage (453752K) : Executing rule TGO.f
2026-05-21 12:10:00 +0200: Memory Usage (453880K) : Starting 5.8. GatPoly table
2026-05-21 12:10:00 +0200: Memory Usage (453880K) : Executing rule Gat.a
2026-05-21 12:10:00 +0200: Memory Usage (454008K) : Executing rule Gat.b
2026-05-21 12:10:00 +0200: Memory Usage (454008K) : Executing rule Gat.d
2026-05-21 12:10:00 +0200: Memory Usage (454136K) : Executing rule Gat.a1
2026-05-21 12:10:00 +0200: Memory Usage (454776K) : Executing rule Gat.a2
2026-05-21 12:10:00 +0200: Memory Usage (455032K) : Executing rule Gat.g
2026-05-21 12:10:00 +0200: Memory Usage (455416K) : Starting 5.9 GatPoly:filler
2026-05-21 12:10:00 +0200: Memory Usage (455672K) : Executing rule GFil.d
2026-05-21 12:10:00 +0200: Memory Usage (455800K) : Executing rule GFil.e
2026-05-21 12:10:00 +0200: Memory Usage (455928K) : Executing rule GFil.i
2026-05-21 12:10:00 +0200: Memory Usage (456056K) : Starting 5.10 pSD table
2026-05-21 12:10:00 +0200: Memory Usage (456056K) : Executing rule pSD.c1
2026-05-21 12:10:00 +0200: Memory Usage (456312K) : Starting 5.14. Cont table
2026-05-21 12:10:00 +0200: Memory Usage (456312K) : Executing rule Cnt.a
2026-05-21 12:10:00 +0200: Memory Usage (456312K) : Executing rule Cnt.b
2026-05-21 12:10:00 +0200: Memory Usage (456440K) : Executing rule Cnt.c
2026-05-21 12:10:00 +0200: Memory Usage (456568K) : Executing rule Cnt.c
2026-05-21 12:10:00 +0200: Memory Usage (456696K) : Executing rule Cnt.d
2026-05-21 12:10:00 +0200: Memory Usage (456824K) : Executing rule Cnt.e
2026-05-21 12:10:00 +0200: Memory Usage (456952K) : Executing rule Cnt.g1
2026-05-21 12:10:00 +0200: Memory Usage (457208K) : Executing rule Cnt.g2
2026-05-21 12:10:00 +0200: Memory Usage (457336K) : Starting 5.15. ContBar table
2026-05-21 12:10:00 +0200: Memory Usage (457336K) : Executing rule CntB.b1
2026-05-21 12:10:00 +0200: Memory Usage (457464K) : Executing rule CntB.h1
2026-05-21 12:10:00 +0200: Memory Usage (457464K) : Starting 6.1.3 NPN Substrate-Tie table
2026-05-21 12:10:00 +0200: Memory Usage (457592K) : Executing rule npn13G2.bR 
2026-05-21 12:10:00 +0200: Memory Usage (457848K) : Executing rule npn13G2L.cR 
2026-05-21 12:10:00 +0200: Memory Usage (458104K) : Executing rule npn13G2V.cR 
2026-05-21 12:10:00 +0200: Memory Usage (458104K) : Starting 6.7 Schottky diode table
2026-05-21 12:10:00 +0200: Memory Usage (458104K) : Executing rule Sdiod.d
2026-05-21 12:10:00 +0200: Memory Usage (458104K) : Executing rule Sdiod.e
2026-05-21 12:10:00 +0200: Memory Usage (458232K) : Starting 7.2 Latch-up table
2026-05-21 12:10:00 +0200: Memory Usage (458232K) : Executing rule LU.b
2026-05-21 12:10:00 +0200: Memory Usage (458744K) : Starting 5.16. Metal1 table
2026-05-21 12:10:00 +0200: Memory Usage (458744K) : Executing rule M1.a
2026-05-21 12:10:00 +0200: Memory Usage (458744K) : Executing rule M1.b
2026-05-21 12:10:00 +0200: Memory Usage (458744K) : Executing rule M1.e
2026-05-21 12:10:00 +0200: Memory Usage (458872K) : Executing rule M1.f
2026-05-21 12:10:00 +0200: Memory Usage (458872K) : Executing rule M1.g
2026-05-21 12:10:00 +0200: Memory Usage (458872K) : Executing rule M1.i
2026-05-21 12:10:00 +0200: Memory Usage (458872K) : Starting 5.17 Metaln table
2026-05-21 12:10:00 +0200: Memory Usage (458872K) : Executing rule M2.a
2026-05-21 12:10:00 +0200: Memory Usage (458872K) : Executing rule M2.b
2026-05-21 12:10:00 +0200: Memory Usage (458872K) : Executing rule M2.e
2026-05-21 12:10:00 +0200: Memory Usage (458872K) : Executing rule M2.f
2026-05-21 12:10:00 +0200: Memory Usage (458872K) : Executing rule M2.g
2026-05-21 12:10:00 +0200: Memory Usage (458872K) : Executing rule M2.i
2026-05-21 12:10:00 +0200: Memory Usage (458872K) : Executing rule M3.a
2026-05-21 12:10:00 +0200: Memory Usage (458872K) : Executing rule M3.b
2026-05-21 12:10:00 +0200: Memory Usage (458872K) : Executing rule M3.e
2026-05-21 12:10:00 +0200: Memory Usage (458872K) : Executing rule M3.f
2026-05-21 12:10:00 +0200: Memory Usage (458872K) : Executing rule M3.g
2026-05-21 12:10:00 +0200: Memory Usage (458872K) : Executing rule M3.i
2026-05-21 12:10:00 +0200: Memory Usage (458872K) : Executing rule M4.a
2026-05-21 12:10:00 +0200: Memory Usage (458872K) : Executing rule M4.b
2026-05-21 12:10:00 +0200: Memory Usage (458872K) : Executing rule M4.e
2026-05-21 12:10:00 +0200: Memory Usage (458872K) : Executing rule M4.f
2026-05-21 12:10:00 +0200: Memory Usage (458872K) : Executing rule M4.g
2026-05-21 12:10:00 +0200: Memory Usage (458872K) : Executing rule M4.i
2026-05-21 12:10:00 +0200: Memory Usage (458872K) : Executing rule M5.a
2026-05-21 12:10:00 +0200: Memory Usage (458872K) : Executing rule M5.b
2026-05-21 12:10:00 +0200: Memory Usage (458872K) : Executing rule M5.e
2026-05-21 12:10:00 +0200: Memory Usage (458872K) : Executing rule M5.f
2026-05-21 12:10:00 +0200: Memory Usage (458872K) : Executing rule M5.g
2026-05-21 12:10:00 +0200: Memory Usage (458872K) : Executing rule M5.i
2026-05-21 12:10:00 +0200: Memory Usage (458872K) : Starting 5.18 Metaln:filler table
2026-05-21 12:10:00 +0200: Memory Usage (458872K) : Executing rule M1Fil.c
2026-05-21 12:10:00 +0200: Memory Usage (458872K) : Executing rule M1Fil.a2
2026-05-21 12:10:00 +0200: Memory Usage (458872K) : Executing rule M2Fil.c
2026-05-21 12:10:00 +0200: Memory Usage (458872K) : Executing rule M2Fil.a2
2026-05-21 12:10:00 +0200: Memory Usage (458872K) : Executing rule M3Fil.c
2026-05-21 12:10:00 +0200: Memory Usage (458872K) : Executing rule M3Fil.a2
2026-05-21 12:10:00 +0200: Memory Usage (458872K) : Executing rule M4Fil.c
2026-05-21 12:10:00 +0200: Memory Usage (458872K) : Executing rule M4Fil.a2
2026-05-21 12:10:00 +0200: Memory Usage (458872K) : Executing rule M5Fil.c
2026-05-21 12:10:00 +0200: Memory Usage (458872K) : Executing rule M5Fil.a2
2026-05-21 12:10:00 +0200: Memory Usage (458872K) : Starting 5.19. Via1 table
2026-05-21 12:10:00 +0200: Memory Usage (458872K) : Starting 5.19. Via1 table derivations
2026-05-21 12:10:00 +0200: Memory Usage (458872K) : Executing rule V1.a
2026-05-21 12:10:00 +0200: Memory Usage (458872K) : Executing rule V1.b
2026-05-21 12:10:00 +0200: Memory Usage (458872K) : Executing rule V1.c
2026-05-21 12:10:00 +0200: Memory Usage (458872K) : Starting 5.20. Vian table
2026-05-21 12:10:00 +0200: Memory Usage (458872K) : Executing rule V2.a
2026-05-21 12:10:00 +0200: Memory Usage (458872K) : Executing rule V2.b
2026-05-21 12:10:00 +0200: Memory Usage (458872K) : Executing rule V2.c
2026-05-21 12:10:00 +0200: Memory Usage (458872K) : Executing rule V3.a
2026-05-21 12:10:00 +0200: Memory Usage (458872K) : Executing rule V3.b
2026-05-21 12:10:00 +0200: Memory Usage (458872K) : Executing rule V3.c
2026-05-21 12:10:00 +0200: Memory Usage (458872K) : Executing rule V4.a
2026-05-21 12:10:00 +0200: Memory Usage (458872K) : Executing rule V4.b
2026-05-21 12:10:00 +0200: Memory Usage (458872K) : Executing rule V4.c
2026-05-21 12:10:00 +0200: Memory Usage (458872K) : Starting 5.21. TopVia1 table
2026-05-21 12:10:00 +0200: Memory Usage (458872K) : Executing rule TV1.a
2026-05-21 12:10:00 +0200: Memory Usage (458872K) : Executing rule TV1.b
2026-05-21 12:10:00 +0200: Memory Usage (458872K) : Executing rule TV1.c
2026-05-21 12:10:00 +0200: Memory Usage (458872K) : Executing rule TV1.d
2026-05-21 12:10:00 +0200: Memory Usage (458872K) : Starting 5.22. TopMetal1 table
2026-05-21 12:10:00 +0200: Memory Usage (458872K) : Executing rule TM1.a
2026-05-21 12:10:00 +0200: Memory Usage (458872K) : Executing rule TM1.b
2026-05-21 12:10:00 +0200: Memory Usage (458872K) : Starting 5.23 TopMetal1:filler table
2026-05-21 12:10:00 +0200: Memory Usage (458872K) : Executing rule TM1Fil.c
2026-05-21 12:10:00 +0200: Memory Usage (458872K) : Executing rule TM1Fil.a1
2026-05-21 12:10:00 +0200: Memory Usage (458872K) : Starting 5.24. TopVia2 table
2026-05-21 12:10:00 +0200: Memory Usage (458872K) : Executing rule TV2.a
2026-05-21 12:10:00 +0200: Memory Usage (458872K) : Executing rule TV2.b
2026-05-21 12:10:00 +0200: Memory Usage (458872K) : Executing rule TV2.c
2026-05-21 12:10:00 +0200: Memory Usage (458872K) : Executing rule TV2.d
2026-05-21 12:10:00 +0200: Memory Usage (458872K) : Starting 5.25. TopMetal2 table
2026-05-21 12:10:00 +0200: Memory Usage (458872K) : Executing rule TM2.a
2026-05-21 12:10:00 +0200: Memory Usage (458872K) : Executing rule TM2.b
2026-05-21 12:10:00 +0200: Memory Usage (458872K) : Executing rule TM2.bR
2026-05-21 12:10:00 +0200: Memory Usage (458872K) : Starting 5.26 TopMetal2:filler table
2026-05-21 12:10:00 +0200: Memory Usage (458872K) : Executing rule TM2Fil.c
2026-05-21 12:10:00 +0200: Memory Usage (458872K) : Executing rule TM2Fil.a1
2026-05-21 12:10:00 +0200: Memory Usage (458872K) : Starting 5.27. Passiv table
2026-05-21 12:10:00 +0200: Memory Usage (458872K) : Executing rule Pas.a
2026-05-21 12:10:00 +0200: Memory Usage (458872K) : Executing rule Pas.b
2026-05-21 12:10:00 +0200: Memory Usage (458872K) : Executing rule Pas.c
2026-05-21 12:10:00 +0200: Memory Usage (458872K) : Starting 6.9.2 Copper Pillar table
2026-05-21 12:10:00 +0200: Memory Usage (458872K) : Executing rule Padc.a
2026-05-21 12:10:00 +0200: Memory Usage (458872K) : Executing rule Padc.b
2026-05-21 12:10:00 +0200: Memory Usage (458872K) : Executing rule Padc.c
2026-05-21 12:10:00 +0200: Memory Usage (458872K) : Executing rule Padb.f
2026-05-21 12:10:00 +0200: Memory Usage (458872K) : Starting 6.9 Pad table
2026-05-21 12:10:00 +0200: Memory Usage (458872K) : Executing rule Pad.m
2026-05-21 12:10:00 +0200: Memory Usage (458872K) : Executing rule Pad.fR_M1
2026-05-21 12:10:00 +0200: Memory Usage (458872K) : Executing rule Pad.fR_M2
2026-05-21 12:10:00 +0200: Memory Usage (458872K) : Executing rule Pad.fR_M3
2026-05-21 12:10:00 +0200: Memory Usage (458872K) : Executing rule Pad.fR_M4
2026-05-21 12:10:00 +0200: Memory Usage (458872K) : Executing rule Pad.fR_M5
2026-05-21 12:10:00 +0200: Memory Usage (458872K) : Executing rule Pad.fR_TM1
2026-05-21 12:10:00 +0200: Memory Usage (458872K) : Executing rule Pad.fR_TM2
2026-05-21 12:10:00 +0200: Memory Usage (458872K) : Executing rule Pad.i
2026-05-21 12:10:00 +0200: Memory Usage (458872K) : Starting 6.9.1 Solder Bump
2026-05-21 12:10:00 +0200: Memory Usage (458872K) : Executing rule Padb.a
2026-05-21 12:10:00 +0200: Memory Usage (458872K) : Executing rule Padb.b
2026-05-21 12:10:00 +0200: Memory Usage (458872K) : Executing rule Padb.c
2026-05-21 12:10:00 +0200: Memory Usage (458872K) : Executing rule Padb.f
2026-05-21 12:10:00 +0200: Memory Usage (458872K) : Executing rule Padb.d
2026-05-21 12:10:00 +0200: Memory Usage (458872K) : Starting 6.10 Sealring table
2026-05-21 12:10:00 +0200: Memory Usage (458872K) : Executing rule Seal.l
2026-05-21 12:10:00 +0200: Memory Usage (458872K) : Executing rule Seal.n
2026-05-21 12:10:00 +0200: Memory Usage (458872K) : Executing rule seal.b_metal1
2026-05-21 12:10:00 +0200: Memory Usage (458872K) : Executing rule seal.b_metal2
2026-05-21 12:10:00 +0200: Memory Usage (458872K) : Executing rule seal.b_metal3
2026-05-21 12:10:00 +0200: Memory Usage (458872K) : Executing rule seal.b_metal4
2026-05-21 12:10:00 +0200: Memory Usage (458872K) : Executing rule seal.b_metal5
2026-05-21 12:10:00 +0200: Memory Usage (458872K) : Executing rule seal.b_topmetal1
2026-05-21 12:10:00 +0200: Memory Usage (458872K) : Executing rule seal.b_topmetal2
2026-05-21 12:10:00 +0200: Memory Usage (458872K) : Executing rule seal.b_activ
2026-05-21 12:10:00 +0200: Memory Usage (458872K) : Executing rule seal.b_psd
2026-05-21 12:10:00 +0200: Memory Usage (458872K) : Executing rule Seal.k
2026-05-21 12:10:00 +0200: Memory Usage (458872K) : Executing rule Seal.m
2026-05-21 12:10:00 +0200: Memory Usage (458872K) : Starting 6.11 MIM table
2026-05-21 12:10:00 +0200: Memory Usage (458872K) : Executing rule MIM.c
2026-05-21 12:10:00 +0200: Memory Usage (458872K) : Executing rule MIM.d
2026-05-21 12:10:00 +0200: Memory Usage (458872K) : Executing rule MIM.gR
2026-05-21 12:10:00 +0200: Memory Usage (458872K) : Starting 7.3 Metal Slits table
2026-05-21 12:10:00 +0200: Memory Usage (458872K) : Executing rule Slt.e1_M1
2026-05-21 12:10:00 +0200: Memory Usage (458872K) : Executing rule Slt.e1_M2
2026-05-21 12:10:00 +0200: Memory Usage (458872K) : Executing rule Slt.e1_M3
2026-05-21 12:10:00 +0200: Memory Usage (458872K) : Executing rule Slt.e1_M4
2026-05-21 12:10:00 +0200: Memory Usage (458872K) : Executing rule Slt.e1_M5
2026-05-21 12:10:00 +0200: Memory Usage (458872K) : Executing rule Slt.e1_TM1
2026-05-21 12:10:00 +0200: Memory Usage (458872K) : Executing rule Slt.e1_TM2
2026-05-21 12:10:00 +0200: Memory Usage (458872K) : Starting 9.1. LBE table
2026-05-21 12:10:00 +0200: Memory Usage (458872K) : Executing rule LBE.a
2026-05-21 12:10:00 +0200: Memory Usage (458872K) : Executing rule LBE.b
2026-05-21 12:10:00 +0200: Memory Usage (458872K) : Executing rule LBE.b1
2026-05-21 12:10:00 +0200: Memory Usage (458872K) : Executing rule LBE.c
2026-05-21 12:10:00 +0200: Memory Usage (458872K) : Executing rule LBE.d
2026-05-21 12:10:00 +0200: Memory Usage (458872K) : Executing rule LBE.h
2026-05-21 12:10:00 +0200: Memory Usage (458872K) : Starting 7.4. PIN table
2026-05-21 12:10:00 +0200: Memory Usage (458872K) : Executing rule Pin.a
2026-05-21 12:10:00 +0200: Memory Usage (458872K) : Executing rule Pin.b
2026-05-21 12:10:00 +0200: Memory Usage (458872K) : Executing rule Pin.e
2026-05-21 12:10:00 +0200: Memory Usage (458872K) : Executing rule Pin.f_M2
2026-05-21 12:10:00 +0200: Memory Usage (458872K) : Executing rule Pin.f_M3
2026-05-21 12:10:00 +0200: Memory Usage (458872K) : Executing rule Pin.f_M4
2026-05-21 12:10:00 +0200: Memory Usage (458872K) : Executing rule Pin.f_M5
2026-05-21 12:10:00 +0200: Memory Usage (458872K) : Executing rule Pin.g
2026-05-21 12:10:00 +0200: Memory Usage (458872K) : Executing rule Pin.h
2026-05-21 12:10:00 +0200: Memory Usage (458872K) : Starting 3.2. FORBIDDEN table
2026-05-21 12:10:00 +0200: Memory Usage (458872K) : Executing rule forbidden.biwind
2026-05-21 12:10:00 +0200: Memory Usage (458872K) : Executing rule forbidden.pemwind
2026-05-21 12:10:00 +0200: Memory Usage (458872K) : Executing rule forbidden.baspoly
2026-05-21 12:10:00 +0200: Memory Usage (458872K) : Executing rule forbidden.deepco
2026-05-21 12:10:00 +0200: Memory Usage (458872K) : Executing rule forbidden.pempoly
2026-05-21 12:10:00 +0200: Memory Usage (458872K) : Executing rule forbidden.empoly
2026-05-21 12:10:00 +0200: Memory Usage (458872K) : Executing rule forbidden.ldmos
2026-05-21 12:10:00 +0200: Memory Usage (458872K) : Executing rule forbidden.pbiwind
2026-05-21 12:10:00 +0200: Memory Usage (458872K) : Executing rule forbidden.nodrc
2026-05-21 12:10:00 +0200: Memory Usage (458872K) : Executing rule forbidden.flash
2026-05-21 12:10:00 +0200: Memory Usage (458872K) : Executing rule forbidden.colwind
2026-05-21 12:10:00 +0200: Memory Usage (458872K) : KLayout DRC run for tables 'main' completed in 0.84 seconds
