#! /opt/iverilog/25a84/bin/vvp
:ivl_version "13.0 (devel)" "(s20221226-554-g25a84d5cf-dirty)";
:ivl_delay_selection "TYPICAL";
:vpi_time_precision - 12;
:vpi_module "/opt/iverilog/25a84/lib/ivl/system.vpi";
:vpi_module "/opt/iverilog/25a84/lib/ivl/vhdl_sys.vpi";
:vpi_module "/opt/iverilog/25a84/lib/ivl/vhdl_textio.vpi";
:vpi_module "/opt/iverilog/25a84/lib/ivl/v2005_math.vpi";
:vpi_module "/opt/iverilog/25a84/lib/ivl/va_math.vpi";
S_0x5fc70de9f9f0 .scope module, "tb_sinc_sync" "tb_sinc_sync" 2 3;
 .timescale -9 -12;
P_0x5fc70de99ef0 .param/l "DATA_WIDTH" 0 2 6, +C4<00000000000000000000000000100000>;
P_0x5fc70de99f30 .param/l "OSR" 0 2 7, +C4<00000000000000000000000100000000>;
v0x5fc70ded61d0_0 .var "clk", 0 0;
v0x5fc70ded6290_0 .var "data_in", 0 0;
v0x5fc70ded6360_0 .net/s "data_out", 11 0, v0x5fc70ded5570_0;  1 drivers
v0x5fc70ded6460_0 .net "data_valid", 0 0, v0x5fc70ded5650_0;  1 drivers
v0x5fc70ded6530_0 .var "enable_in", 0 0;
v0x5fc70ded65d0_0 .var "rst", 0 0;
S_0x5fc70dea1940 .scope module, "uut" "sinc_sync" 2 23, 3 1 0, S_0x5fc70de9f9f0;
 .timescale 0 0;
    .port_info 0 /INPUT 1 "clk";
    .port_info 1 /INPUT 1 "rst";
    .port_info 2 /INPUT 1 "data_in";
    .port_info 3 /INPUT 1 "enable_in";
    .port_info 4 /OUTPUT 1 "data_valid";
    .port_info 5 /OUTPUT 12 "data_out";
P_0x5fc70deb4bd0 .param/l "BIT_GROWTH" 1 3 28, +C4<0000000000000000000000000000000000000000000000000000000000011000>;
P_0x5fc70deb4c10 .param/l "CNT_WIDTH" 1 3 25, +C4<00000000000000000000000000001000>;
P_0x5fc70deb4c50 .param/l "DATA_WIDTH" 0 3 11, +C4<00000000000000000000000000100000>;
P_0x5fc70deb4c90 .param/l "MSB_BIT" 1 3 29, +C4<0000000000000000000000000000000000000000000000000000000000011000>;
P_0x5fc70deb4cd0 .param/l "OSR" 0 3 12, +C4<00000000000000000000000100000000>;
L_0x7260c4375018 .functor BUFT 1, C4<00000000000000000000000000000001>, C4<0>, C4<0>, C4<0>;
v0x5fc70de9d1f0_0 .net/2s *"_ivl_0", 31 0, L_0x7260c4375018;  1 drivers
L_0x7260c4375060 .functor BUFT 1, C4<11111111111111111111111111111111>, C4<0>, C4<0>, C4<0>;
v0x5fc70de9eb70_0 .net/2s *"_ivl_2", 31 0, L_0x7260c4375060;  1 drivers
v0x5fc70de994f0_0 .var/s "c1", 31 0;
v0x5fc70de9a7e0_0 .var/s "c2", 31 0;
v0x5fc70de9bb10_0 .var/s "c3", 31 0;
v0x5fc70dea0fd0_0 .net "clk", 0 0, v0x5fc70ded61d0_0;  1 drivers
v0x5fc70dea1070_0 .net "data_in", 0 0, v0x5fc70ded6290_0;  1 drivers
v0x5fc70ded5570_0 .var "data_out", 11 0;
v0x5fc70ded5650_0 .var "data_valid", 0 0;
v0x5fc70ded5710_0 .var "dec_cnt", 7 0;
v0x5fc70ded57f0_0 .var "dec_en", 0 0;
v0x5fc70ded58b0_0 .var "dec_en_d", 0 0;
v0x5fc70ded5970_0 .net/s "din", 31 0, L_0x5fc70dee6740;  1 drivers
v0x5fc70ded5a50_0 .net "enable_in", 0 0, v0x5fc70ded6530_0;  1 drivers
v0x5fc70ded5b10_0 .var/s "int1", 31 0;
v0x5fc70ded5bf0_0 .var/s "int2", 31 0;
v0x5fc70ded5cd0_0 .var/s "int3", 31 0;
v0x5fc70ded5db0_0 .net "rst", 0 0, v0x5fc70ded65d0_0;  1 drivers
v0x5fc70ded5e70_0 .var/s "z1", 31 0;
v0x5fc70ded5f50_0 .var/s "z2", 31 0;
v0x5fc70ded6030_0 .var/s "z3", 31 0;
E_0x5fc70deaf1c0 .event posedge, v0x5fc70dea0fd0_0;
L_0x5fc70dee6740 .functor MUXZ 32, L_0x7260c4375060, L_0x7260c4375018, v0x5fc70ded6290_0, C4<>;
    .scope S_0x5fc70dea1940;
T_0 ;
    %wait E_0x5fc70deaf1c0;
    %load/vec4 v0x5fc70ded5db0_0;
    %flag_set/vec4 8;
    %jmp/0xz  T_0.0, 8;
    %pushi/vec4 0, 0, 32;
    %assign/vec4 v0x5fc70ded5b10_0, 0;
    %pushi/vec4 0, 0, 32;
    %assign/vec4 v0x5fc70ded5bf0_0, 0;
    %pushi/vec4 0, 0, 32;
    %assign/vec4 v0x5fc70ded5cd0_0, 0;
    %jmp T_0.1;
T_0.0 ;
    %load/vec4 v0x5fc70ded5a50_0;
    %flag_set/vec4 8;
    %jmp/0xz  T_0.2, 8;
    %load/vec4 v0x5fc70ded5b10_0;
    %load/vec4 v0x5fc70ded5970_0;
    %add;
    %assign/vec4 v0x5fc70ded5b10_0, 0;
    %load/vec4 v0x5fc70ded5bf0_0;
    %load/vec4 v0x5fc70ded5b10_0;
    %add;
    %assign/vec4 v0x5fc70ded5bf0_0, 0;
    %load/vec4 v0x5fc70ded5cd0_0;
    %load/vec4 v0x5fc70ded5bf0_0;
    %add;
    %assign/vec4 v0x5fc70ded5cd0_0, 0;
T_0.2 ;
T_0.1 ;
    %jmp T_0;
    .thread T_0;
    .scope S_0x5fc70dea1940;
T_1 ;
    %wait E_0x5fc70deaf1c0;
    %load/vec4 v0x5fc70ded5db0_0;
    %flag_set/vec4 8;
    %jmp/0xz  T_1.0, 8;
    %pushi/vec4 0, 0, 8;
    %assign/vec4 v0x5fc70ded5710_0, 0;
    %pushi/vec4 0, 0, 1;
    %assign/vec4 v0x5fc70ded57f0_0, 0;
    %jmp T_1.1;
T_1.0 ;
    %load/vec4 v0x5fc70ded5a50_0;
    %flag_set/vec4 8;
    %jmp/0xz  T_1.2, 8;
    %load/vec4 v0x5fc70ded5710_0;
    %cmpi/e 255, 0, 8;
    %jmp/0xz  T_1.4, 4;
    %pushi/vec4 0, 0, 8;
    %assign/vec4 v0x5fc70ded5710_0, 0;
    %pushi/vec4 1, 0, 1;
    %assign/vec4 v0x5fc70ded57f0_0, 0;
    %jmp T_1.5;
T_1.4 ;
    %load/vec4 v0x5fc70ded5710_0;
    %addi 1, 0, 8;
    %assign/vec4 v0x5fc70ded5710_0, 0;
    %pushi/vec4 0, 0, 1;
    %assign/vec4 v0x5fc70ded57f0_0, 0;
T_1.5 ;
    %jmp T_1.3;
T_1.2 ;
    %pushi/vec4 0, 0, 1;
    %assign/vec4 v0x5fc70ded57f0_0, 0;
T_1.3 ;
T_1.1 ;
    %jmp T_1;
    .thread T_1;
    .scope S_0x5fc70dea1940;
T_2 ;
    %wait E_0x5fc70deaf1c0;
    %load/vec4 v0x5fc70ded5db0_0;
    %flag_set/vec4 8;
    %jmp/0xz  T_2.0, 8;
    %pushi/vec4 0, 0, 32;
    %assign/vec4 v0x5fc70ded5e70_0, 0;
    %pushi/vec4 0, 0, 32;
    %assign/vec4 v0x5fc70ded5f50_0, 0;
    %pushi/vec4 0, 0, 32;
    %assign/vec4 v0x5fc70ded6030_0, 0;
    %pushi/vec4 0, 0, 32;
    %assign/vec4 v0x5fc70de994f0_0, 0;
    %pushi/vec4 0, 0, 32;
    %assign/vec4 v0x5fc70de9a7e0_0, 0;
    %pushi/vec4 0, 0, 32;
    %assign/vec4 v0x5fc70de9bb10_0, 0;
    %pushi/vec4 0, 0, 1;
    %assign/vec4 v0x5fc70ded58b0_0, 0;
    %jmp T_2.1;
T_2.0 ;
    %load/vec4 v0x5fc70ded57f0_0;
    %assign/vec4 v0x5fc70ded58b0_0, 0;
    %load/vec4 v0x5fc70ded57f0_0;
    %flag_set/vec4 8;
    %jmp/0xz  T_2.2, 8;
    %load/vec4 v0x5fc70ded5cd0_0;
    %load/vec4 v0x5fc70ded5e70_0;
    %sub;
    %assign/vec4 v0x5fc70de994f0_0, 0;
    %load/vec4 v0x5fc70ded5cd0_0;
    %assign/vec4 v0x5fc70ded5e70_0, 0;
    %load/vec4 v0x5fc70de994f0_0;
    %load/vec4 v0x5fc70ded5f50_0;
    %sub;
    %assign/vec4 v0x5fc70de9a7e0_0, 0;
    %load/vec4 v0x5fc70de994f0_0;
    %assign/vec4 v0x5fc70ded5f50_0, 0;
    %load/vec4 v0x5fc70de9a7e0_0;
    %load/vec4 v0x5fc70ded6030_0;
    %sub;
    %assign/vec4 v0x5fc70de9bb10_0, 0;
    %load/vec4 v0x5fc70de9a7e0_0;
    %assign/vec4 v0x5fc70ded6030_0, 0;
T_2.2 ;
T_2.1 ;
    %jmp T_2;
    .thread T_2;
    .scope S_0x5fc70dea1940;
T_3 ;
    %wait E_0x5fc70deaf1c0;
    %load/vec4 v0x5fc70ded5db0_0;
    %flag_set/vec4 8;
    %jmp/0xz  T_3.0, 8;
    %pushi/vec4 0, 0, 12;
    %assign/vec4 v0x5fc70ded5570_0, 0;
    %pushi/vec4 0, 0, 1;
    %assign/vec4 v0x5fc70ded5650_0, 0;
    %jmp T_3.1;
T_3.0 ;
    %load/vec4 v0x5fc70ded58b0_0;
    %assign/vec4 v0x5fc70ded5650_0, 0;
    %load/vec4 v0x5fc70ded58b0_0;
    %flag_set/vec4 8;
    %jmp/0xz  T_3.2, 8;
    %load/vec4 v0x5fc70de9bb10_0;
    %parti/s 12, 13, 5;
    %assign/vec4 v0x5fc70ded5570_0, 0;
T_3.2 ;
T_3.1 ;
    %jmp T_3;
    .thread T_3;
    .scope S_0x5fc70de9f9f0;
T_4 ;
    %delay 10000, 0;
    %load/vec4 v0x5fc70ded61d0_0;
    %inv;
    %store/vec4 v0x5fc70ded61d0_0, 0, 1;
    %jmp T_4;
    .thread T_4;
    .scope S_0x5fc70de9f9f0;
T_5 ;
    %wait E_0x5fc70deaf1c0;
    %load/vec4 v0x5fc70ded65d0_0;
    %flag_set/vec4 8;
    %jmp/0xz  T_5.0, 8;
    %pushi/vec4 0, 0, 1;
    %assign/vec4 v0x5fc70ded6530_0, 0;
    %jmp T_5.1;
T_5.0 ;
    %pushi/vec4 1, 0, 1;
    %assign/vec4 v0x5fc70ded6530_0, 0;
T_5.1 ;
    %jmp T_5;
    .thread T_5;
    .scope S_0x5fc70de9f9f0;
T_6 ;
    %vpi_call 2 48 "$dumpfile", "sinc_filter_sim.vcd" {0 0 0};
    %vpi_call 2 49 "$dumpvars", 32'sb00000000000000000000000000000000, S_0x5fc70de9f9f0 {0 0 0};
    %pushi/vec4 0, 0, 1;
    %store/vec4 v0x5fc70ded61d0_0, 0, 1;
    %pushi/vec4 1, 0, 1;
    %store/vec4 v0x5fc70ded65d0_0, 0, 1;
    %pushi/vec4 0, 0, 1;
    %store/vec4 v0x5fc70ded6290_0, 0, 1;
    %delay 100000, 0;
    %pushi/vec4 0, 0, 1;
    %store/vec4 v0x5fc70ded65d0_0, 0, 1;
    %vpi_call 2 59 "$display", "[TB] Bat dau mo phong sau Reset..." {0 0 0};
    %vpi_call 2 62 "$display", "[TB] Kich ban 1: Cap chuoi bit toan 1 (+1 mapping)" {0 0 0};
    %pushi/vec4 1, 0, 1;
    %store/vec4 v0x5fc70ded6290_0, 0, 1;
    %delay 20000000, 0;
    %vpi_call 2 68 "$display", "[TB] Kich ban 2: Cap chuoi bit toan 0 (-1 mapping)" {0 0 0};
    %pushi/vec4 0, 0, 1;
    %store/vec4 v0x5fc70ded6290_0, 0, 1;
    %delay 20000000, 0;
    %vpi_call 2 73 "$display", "[TB] Kich ban 3: Cap chuoi bit ngau nhien" {0 0 0};
    %pushi/vec4 2000, 0, 32;
T_6.0 %dup/vec4;
    %cmpi/s 0, 0, 32;
    %jmp/1xz T_6.1, 5;
    %jmp/1 T_6.1, 4;
    %subi 1, 0, 32;
    %wait E_0x5fc70deaf1c0;
    %load/vec4 v0x5fc70ded6530_0;
    %flag_set/vec4 8;
    %jmp/0xz  T_6.2, 8;
    %vpi_func 2 77 "$random" 32 {0 0 0};
    %pushi/vec4 2, 0, 32;
    %mod/s;
    %pad/s 1;
    %assign/vec4 v0x5fc70ded6290_0, 0;
T_6.2 ;
    %jmp T_6.0;
T_6.1 ;
    %pop/vec4 1;
    %vpi_call 2 82 "$display", "[TB] Mo phong hoan thanh." {0 0 0};
    %vpi_call 2 83 "$finish" {0 0 0};
    %end;
    .thread T_6;
    .scope S_0x5fc70de9f9f0;
T_7 ;
    %vpi_call 2 89 "$monitor", "Thoi gian: %0t ns | Data_Valid = %b | Data_Out (HEX) = %h | Data_Out (DEC) = %d", $time, v0x5fc70ded6460_0, v0x5fc70ded6360_0, v0x5fc70ded6360_0 {0 0 0};
    %end;
    .thread T_7;
# The file index is used to find the file name in the following table.
:file_names 4;
    "N/A";
    "<interactive>";
    "tb_sinc_sync.v";
    "sinc_sync.v";
