# Logfile created on 2026-05-18 11:13:08 +0200 by logger.rb/v1.4.3
2026-05-18 11:13:08 +0200: Memory Usage (431120K) : Starting running IHP-SG13G2 KLayout DRC runset on /home/designer/shared/Delta-sigma-adc/gds/DAC/1_bit_DAC.gds
2026-05-18 11:13:08 +0200: Memory Usage (431120K) : Ruby Version for klayout: 3.0.2
2026-05-18 11:13:08 +0200: Memory Usage (432272K) : Loading database to memory is complete.
2026-05-18 11:13:08 +0200: Memory Usage (432272K) : IHP-SG13G2 KLayout DRC runset output at: /home/designer/shared/Delta-sigma-adc/gds/DAC/drc_run_1_bit_DAC/1_bit_DAC_1_bit_DAC_main.lyrdb
2026-05-18 11:13:08 +0200: Memory Usage (432272K) : Evaluate switches.
2026-05-18 11:13:08 +0200: Memory Usage (432272K) : tables selected: main
2026-05-18 11:13:08 +0200: Memory Usage (432272K) : KLayout will use 1 thread(s) in tiling mode.
2026-05-18 11:13:08 +0200: Memory Usage (432272K) : deep mode is enabled.
2026-05-18 11:13:08 +0200: Memory Usage (432272K) : FEOL enabled: true
2026-05-18 11:13:08 +0200: Memory Usage (432272K) : BEOL enabled: true
2026-05-18 11:13:08 +0200: Memory Usage (432272K) : OFFGRID enabled: true
2026-05-18 11:13:08 +0200: Memory Usage (432272K) : PIN enabled: true
2026-05-18 11:13:08 +0200: Memory Usage (432272K) : FORBIDDEN enabled: true
2026-05-18 11:13:08 +0200: Memory Usage (432272K) : RECOMMENDED enabled: false
2026-05-18 11:13:08 +0200: Memory Usage (432272K) : PreCheck DRC enabled: false
2026-05-18 11:13:08 +0200: Memory Usage (432272K) : CONNECTIVITY_RULES enabled: true.
2026-05-18 11:13:08 +0200: Memory Usage (432272K) : Read in polygons from layers.
2026-05-18 11:13:08 +0200: Memory Usage (433168K) : activ_drw has 26 polygons
2026-05-18 11:13:08 +0200: Memory Usage (433168K) : activ_pin has 0 polygons
2026-05-18 11:13:08 +0200: Memory Usage (433168K) : activ_mask has 0 polygons
2026-05-18 11:13:08 +0200: Memory Usage (433168K) : activ_filler has 0 polygons
2026-05-18 11:13:08 +0200: Memory Usage (433168K) : activ_nofill has 0 polygons
2026-05-18 11:13:08 +0200: Memory Usage (433168K) : activ_opc has 0 polygons
2026-05-18 11:13:08 +0200: Memory Usage (433168K) : activ_iopc has 0 polygons
2026-05-18 11:13:08 +0200: Memory Usage (433168K) : activ_noqrc has 0 polygons
2026-05-18 11:13:08 +0200: Memory Usage (433168K) : biwind_drw has 0 polygons
2026-05-18 11:13:08 +0200: Memory Usage (433168K) : biwind_opc has 0 polygons
2026-05-18 11:13:08 +0200: Memory Usage (433168K) : pemwind_drw has 0 polygons
2026-05-18 11:13:08 +0200: Memory Usage (433168K) : gatpoly_drw has 20 polygons
2026-05-18 11:13:08 +0200: Memory Usage (433168K) : gatpoly_pin has 3 polygons
2026-05-18 11:13:08 +0200: Memory Usage (433168K) : gatpoly_filler has 0 polygons
2026-05-18 11:13:08 +0200: Memory Usage (433168K) : gatpoly_nofill has 0 polygons
2026-05-18 11:13:08 +0200: Memory Usage (433168K) : gatpoly_opc has 0 polygons
2026-05-18 11:13:08 +0200: Memory Usage (433168K) : gatpoly_iopc has 0 polygons
2026-05-18 11:13:08 +0200: Memory Usage (433168K) : gatpoly_noqrc has 0 polygons
2026-05-18 11:13:08 +0200: Memory Usage (433168K) : cont_drw has 96 polygons
2026-05-18 11:13:08 +0200: Memory Usage (433168K) : cont_opc has 0 polygons
2026-05-18 11:13:08 +0200: Memory Usage (433168K) : nsd_drw has 0 polygons
2026-05-18 11:13:08 +0200: Memory Usage (433168K) : nsd_block has 0 polygons
2026-05-18 11:13:08 +0200: Memory Usage (433552K) : metal1_drw has 55 polygons
2026-05-18 11:13:08 +0200: Memory Usage (433552K) : metal1_pin has 8 polygons
2026-05-18 11:13:08 +0200: Memory Usage (433680K) : metal1_mask has 0 polygons
2026-05-18 11:13:08 +0200: Memory Usage (433680K) : metal1_filler has 0 polygons
2026-05-18 11:13:08 +0200: Memory Usage (433680K) : metal1_nofill has 0 polygons
2026-05-18 11:13:08 +0200: Memory Usage (433680K) : metal1_slit has 0 polygons
2026-05-18 11:13:08 +0200: Memory Usage (433936K) : metal1_text has 2 polygons
2026-05-18 11:13:08 +0200: Memory Usage (434192K) : metal1_opc has 0 polygons
2026-05-18 11:13:08 +0200: Memory Usage (434192K) : metal1_noqrc has 0 polygons
2026-05-18 11:13:08 +0200: Memory Usage (434192K) : metal1_res has 0 polygons
2026-05-18 11:13:08 +0200: Memory Usage (434192K) : metal1_iprobe has 0 polygons
2026-05-18 11:13:08 +0200: Memory Usage (434192K) : metal1_diffprb has 0 polygons
2026-05-18 11:13:08 +0200: Memory Usage (434192K) : passiv_drw has 0 polygons
2026-05-18 11:13:08 +0200: Memory Usage (434320K) : passiv_pin has 0 polygons
2026-05-18 11:13:08 +0200: Memory Usage (434320K) : passiv_sbump has 0 polygons
2026-05-18 11:13:08 +0200: Memory Usage (434320K) : passiv_pillar has 0 polygons
2026-05-18 11:13:08 +0200: Memory Usage (434448K) : passiv_pdl has 0 polygons
2026-05-18 11:13:08 +0200: Memory Usage (434448K) : metal2_drw has 14 polygons
2026-05-18 11:13:08 +0200: Memory Usage (434448K) : metal2_pin has 2 polygons
2026-05-18 11:13:08 +0200: Memory Usage (434576K) : metal2_mask has 0 polygons
2026-05-18 11:13:08 +0200: Memory Usage (434576K) : metal2_filler has 0 polygons
2026-05-18 11:13:08 +0200: Memory Usage (434576K) : metal2_nofill has 0 polygons
2026-05-18 11:13:08 +0200: Memory Usage (434704K) : metal2_slit has 0 polygons
2026-05-18 11:13:08 +0200: Memory Usage (434704K) : metal2_text has 2 polygons
2026-05-18 11:13:08 +0200: Memory Usage (434704K) : metal2_opc has 0 polygons
2026-05-18 11:13:08 +0200: Memory Usage (434704K) : metal2_noqrc has 0 polygons
2026-05-18 11:13:08 +0200: Memory Usage (434832K) : metal2_res has 0 polygons
2026-05-18 11:13:08 +0200: Memory Usage (434832K) : metal2_iprobe has 0 polygons
2026-05-18 11:13:08 +0200: Memory Usage (434832K) : metal2_diffprb has 0 polygons
2026-05-18 11:13:08 +0200: Memory Usage (434960K) : baspoly_drw has 0 polygons
2026-05-18 11:13:08 +0200: Memory Usage (434960K) : baspoly_pin has 0 polygons
2026-05-18 11:13:08 +0200: Memory Usage (434960K) : psd_drw has 6 polygons
2026-05-18 11:13:08 +0200: Memory Usage (435088K) : nldb_drw has 0 polygons
2026-05-18 11:13:08 +0200: Memory Usage (435088K) : digibnd_drw has 0 polygons
2026-05-18 11:13:08 +0200: Memory Usage (435088K) : via1_drw has 32 polygons
2026-05-18 11:13:08 +0200: Memory Usage (435216K) : backmetal1_drw has 0 polygons
2026-05-18 11:13:08 +0200: Memory Usage (435216K) : backmetal1_pin has 0 polygons
2026-05-18 11:13:08 +0200: Memory Usage (435216K) : backmetal1_mask has 0 polygons
2026-05-18 11:13:08 +0200: Memory Usage (435344K) : backmetal1_filler has 0 polygons
2026-05-18 11:13:08 +0200: Memory Usage (435344K) : backmetal1_nofill has 0 polygons
2026-05-18 11:13:08 +0200: Memory Usage (435344K) : backmetal1_slit has 0 polygons
2026-05-18 11:13:08 +0200: Memory Usage (435472K) : backmetal1_text has 0 polygons
2026-05-18 11:13:08 +0200: Memory Usage (435472K) : backmetal1_opc has 0 polygons
2026-05-18 11:13:08 +0200: Memory Usage (435472K) : backmetal1_noqrc has 0 polygons
2026-05-18 11:13:08 +0200: Memory Usage (435600K) : backmetal1_res has 0 polygons
2026-05-18 11:13:08 +0200: Memory Usage (435600K) : backmetal1_iprobe has 0 polygons
2026-05-18 11:13:08 +0200: Memory Usage (435600K) : backmetal1_diffprb has 0 polygons
2026-05-18 11:13:08 +0200: Memory Usage (435728K) : backpassiv_drw has 0 polygons
2026-05-18 11:13:08 +0200: Memory Usage (435728K) : res_drw has 0 polygons
2026-05-18 11:13:08 +0200: Memory Usage (435728K) : sram_drw has 0 polygons
2026-05-18 11:13:08 +0200: Memory Usage (435728K) : trans_drw has 0 polygons
2026-05-18 11:13:08 +0200: Memory Usage (435856K) : ind_drw has 0 polygons
2026-05-18 11:13:08 +0200: Memory Usage (435856K) : ind_pin has 0 polygons
2026-05-18 11:13:08 +0200: Memory Usage (435856K) : ind_text has 0 polygons
2026-05-18 11:13:08 +0200: Memory Usage (435984K) : salblock_drw has 0 polygons
2026-05-18 11:13:08 +0200: Memory Usage (435984K) : via2_drw has 36 polygons
2026-05-18 11:13:08 +0200: Memory Usage (435984K) : metal3_drw has 17 polygons
2026-05-18 11:13:08 +0200: Memory Usage (436112K) : metal3_pin has 2 polygons
2026-05-18 11:13:08 +0200: Memory Usage (436112K) : metal3_mask has 0 polygons
2026-05-18 11:13:08 +0200: Memory Usage (436112K) : metal3_filler has 0 polygons
2026-05-18 11:13:08 +0200: Memory Usage (436240K) : metal3_nofill has 0 polygons
2026-05-18 11:13:08 +0200: Memory Usage (436240K) : metal3_slit has 0 polygons
2026-05-18 11:13:08 +0200: Memory Usage (436240K) : metal3_text has 2 polygons
2026-05-18 11:13:08 +0200: Memory Usage (436368K) : metal3_opc has 0 polygons
2026-05-18 11:13:08 +0200: Memory Usage (436368K) : metal3_noqrc has 0 polygons
2026-05-18 11:13:08 +0200: Memory Usage (436368K) : metal3_res has 0 polygons
2026-05-18 11:13:08 +0200: Memory Usage (436496K) : metal3_iprobe has 0 polygons
2026-05-18 11:13:08 +0200: Memory Usage (436496K) : metal3_diffprb has 0 polygons
2026-05-18 11:13:08 +0200: Memory Usage (436496K) : nwell_drw has 6 polygons
2026-05-18 11:13:08 +0200: Memory Usage (436624K) : nwell_pin has 0 polygons
2026-05-18 11:13:08 +0200: Memory Usage (436624K) : nbulay_drw has 0 polygons
2026-05-18 11:13:08 +0200: Memory Usage (436624K) : nbulay_pin has 0 polygons
2026-05-18 11:13:08 +0200: Memory Usage (436752K) : nbulay_block has 0 polygons
2026-05-18 11:13:08 +0200: Memory Usage (436752K) : emwind_drw has 0 polygons
2026-05-18 11:13:08 +0200: Memory Usage (436752K) : emwind_opc has 0 polygons
2026-05-18 11:13:08 +0200: Memory Usage (436752K) : deepco_drw has 0 polygons
2026-05-18 11:13:08 +0200: Memory Usage (436752K) : deepco_drw has 0 polygons
2026-05-18 11:13:08 +0200: Memory Usage (436880K) : mim_drw has 0 polygons
2026-05-18 11:13:08 +0200: Memory Usage (436880K) : edgeseal_drw has 0 polygons
2026-05-18 11:13:08 +0200: Memory Usage (436880K) : edgeseal_bound has 0 polygons
2026-05-18 11:13:08 +0200: Memory Usage (437008K) : substrate_drw has 3 polygons
2026-05-18 11:13:08 +0200: Memory Usage (437008K) : substrate_text has 0 polygons
2026-05-18 11:13:08 +0200: Memory Usage (437008K) : dfpad_drw has 0 polygons
2026-05-18 11:13:08 +0200: Memory Usage (437008K) : dfpad_pillar has 0 polygons
2026-05-18 11:13:08 +0200: Memory Usage (437136K) : dfpad_sbump has 0 polygons
2026-05-18 11:13:08 +0200: Memory Usage (437136K) : thickgateox_drw has 0 polygons
2026-05-18 11:13:08 +0200: Memory Usage (437264K) : pldb_drw has 0 polygons
2026-05-18 11:13:08 +0200: Memory Usage (437264K) : pwell_drw has 1 polygons
2026-05-18 11:13:08 +0200: Memory Usage (437392K) : pwell_pin has 0 polygons
2026-05-18 11:13:08 +0200: Memory Usage (437392K) : pwell_block has 0 polygons
2026-05-18 11:13:08 +0200: Memory Usage (437392K) : ic_drw has 0 polygons
2026-05-18 11:13:08 +0200: Memory Usage (437520K) : via3_drw has 81 polygons
2026-05-18 11:13:08 +0200: Memory Usage (437520K) : metal4_drw has 4 polygons
2026-05-18 11:13:08 +0200: Memory Usage (437648K) : metal4_pin has 0 polygons
2026-05-18 11:13:08 +0200: Memory Usage (437648K) : metal4_mask has 0 polygons
2026-05-18 11:13:08 +0200: Memory Usage (437648K) : metal4_filler has 0 polygons
2026-05-18 11:13:08 +0200: Memory Usage (437776K) : metal4_nofill has 0 polygons
2026-05-18 11:13:08 +0200: Memory Usage (437776K) : metal4_slit has 0 polygons
2026-05-18 11:13:08 +0200: Memory Usage (437776K) : metal4_text has 0 polygons
2026-05-18 11:13:08 +0200: Memory Usage (437776K) : metal4_opc has 0 polygons
2026-05-18 11:13:08 +0200: Memory Usage (437904K) : metal4_noqrc has 0 polygons
2026-05-18 11:13:08 +0200: Memory Usage (437904K) : metal4_res has 0 polygons
2026-05-18 11:13:08 +0200: Memory Usage (438032K) : metal4_iprobe has 0 polygons
2026-05-18 11:13:08 +0200: Memory Usage (438032K) : metal4_diffprb has 0 polygons
2026-05-18 11:13:08 +0200: Memory Usage (438160K) : heattrans_drw has 6 polygons
2026-05-18 11:13:08 +0200: Memory Usage (438160K) : heatres_drw has 0 polygons
2026-05-18 11:13:08 +0200: Memory Usage (438160K) : pempoly_drw has 0 polygons
2026-05-18 11:13:08 +0200: Memory Usage (438288K) : fbe_drw has 0 polygons
2026-05-18 11:13:08 +0200: Memory Usage (438288K) : empoly_drw has 0 polygons
2026-05-18 11:13:08 +0200: Memory Usage (438416K) : ldmos_drw has 0 polygons
2026-05-18 11:13:08 +0200: Memory Usage (438416K) : pbiwind_drw has 0 polygons
2026-05-18 11:13:08 +0200: Memory Usage (438544K) : digisub_drw has 0 polygons
2026-05-18 11:13:08 +0200: Memory Usage (438544K) : nodrc_drw has 0 polygons
2026-05-18 11:13:08 +0200: Memory Usage (438544K) : text_drw has 6 polygons
2026-05-18 11:13:08 +0200: Memory Usage (438672K) : via4_drw has 0 polygons
2026-05-18 11:13:08 +0200: Memory Usage (438672K) : metal5_drw has 0 polygons
2026-05-18 11:13:08 +0200: Memory Usage (438800K) : metal5_pin has 0 polygons
2026-05-18 11:13:08 +0200: Memory Usage (438800K) : metal5_mask has 0 polygons
2026-05-18 11:13:08 +0200: Memory Usage (438928K) : metal5_filler has 0 polygons
2026-05-18 11:13:08 +0200: Memory Usage (438928K) : metal5_nofill has 0 polygons
2026-05-18 11:13:08 +0200: Memory Usage (438928K) : metal5_slit has 0 polygons
2026-05-18 11:13:08 +0200: Memory Usage (438928K) : metal5_text has 0 polygons
2026-05-18 11:13:08 +0200: Memory Usage (438928K) : metal5_opc has 0 polygons
2026-05-18 11:13:08 +0200: Memory Usage (439056K) : metal5_noqrc has 0 polygons
2026-05-18 11:13:08 +0200: Memory Usage (439056K) : metal5_res has 0 polygons
2026-05-18 11:13:08 +0200: Memory Usage (439184K) : metal5_iprobe has 0 polygons
2026-05-18 11:13:08 +0200: Memory Usage (439184K) : metal5_diffprb has 0 polygons
2026-05-18 11:13:08 +0200: Memory Usage (439312K) : radhard_drw has 0 polygons
2026-05-18 11:13:08 +0200: Memory Usage (439312K) : memcap_drw has 0 polygons
2026-05-18 11:13:08 +0200: Memory Usage (439312K) : varicap_drw has 0 polygons
2026-05-18 11:13:08 +0200: Memory Usage (439440K) : flash_drw has 0 polygons
2026-05-18 11:13:08 +0200: Memory Usage (439440K) : intbondvia_drw has 0 polygons
2026-05-18 11:13:08 +0200: Memory Usage (439568K) : intbondmet_drw has 0 polygons
2026-05-18 11:13:08 +0200: Memory Usage (439568K) : devbondvia_drw has 0 polygons
2026-05-18 11:13:08 +0200: Memory Usage (439696K) : devbondmet_drw has 0 polygons
2026-05-18 11:13:08 +0200: Memory Usage (439696K) : devtrench_drw has 0 polygons
2026-05-18 11:13:08 +0200: Memory Usage (439696K) : redist_drw has 0 polygons
2026-05-18 11:13:08 +0200: Memory Usage (439824K) : graphbot_drw has 0 polygons
2026-05-18 11:13:08 +0200: Memory Usage (439824K) : graphtop_drw has 0 polygons
2026-05-18 11:13:08 +0200: Memory Usage (439952K) : antvia1_drw has 0 polygons
2026-05-18 11:13:08 +0200: Memory Usage (439952K) : antmetal2_drw has 0 polygons
2026-05-18 11:13:08 +0200: Memory Usage (440080K) : graphcont_drw has 0 polygons
2026-05-18 11:13:08 +0200: Memory Usage (440080K) : siwg_drw has 0 polygons
2026-05-18 11:13:08 +0200: Memory Usage (440080K) : siwg_filler has 0 polygons
2026-05-18 11:13:08 +0200: Memory Usage (440208K) : siwg_nofill has 0 polygons
2026-05-18 11:13:08 +0200: Memory Usage (440208K) : sigrating_drw has 0 polygons
2026-05-18 11:13:08 +0200: Memory Usage (440208K) : singrating_drw has 0 polygons
2026-05-18 11:13:08 +0200: Memory Usage (440208K) : graphpas_drw has 0 polygons
2026-05-18 11:13:08 +0200: Memory Usage (440336K) : emwind3_drw has 0 polygons
2026-05-18 11:13:08 +0200: Memory Usage (440336K) : emwihv3_drw has 0 polygons
2026-05-18 11:13:08 +0200: Memory Usage (440336K) : redbulay_drw has 0 polygons
2026-05-18 11:13:08 +0200: Memory Usage (440464K) : smos_drw has 0 polygons
2026-05-18 11:13:08 +0200: Memory Usage (440464K) : graphpad_drw has 0 polygons
2026-05-18 11:13:08 +0200: Memory Usage (440592K) : polimide_drw has 0 polygons
2026-05-18 11:13:08 +0200: Memory Usage (440592K) : polimide_pin has 0 polygons
2026-05-18 11:13:08 +0200: Memory Usage (440720K) : recog_drw has 0 polygons
2026-05-18 11:13:08 +0200: Memory Usage (440720K) : recog_pin has 0 polygons
2026-05-18 11:13:08 +0200: Memory Usage (440720K) : recog_esd has 0 polygons
2026-05-18 11:13:08 +0200: Memory Usage (440848K) : recog_diode has 0 polygons
2026-05-18 11:13:08 +0200: Memory Usage (440848K) : recog_tsv has 0 polygons
2026-05-18 11:13:08 +0200: Memory Usage (440976K) : recog_iprobe has 0 polygons
2026-05-18 11:13:08 +0200: Memory Usage (440976K) : recog_diffprb has 0 polygons
2026-05-18 11:13:08 +0200: Memory Usage (441104K) : recog_pillar has 0 polygons
2026-05-18 11:13:08 +0200: Memory Usage (441104K) : recog_sbump has 0 polygons
2026-05-18 11:13:08 +0200: Memory Usage (441104K) : recog_otp has 0 polygons
2026-05-18 11:13:08 +0200: Memory Usage (441232K) : recog_pdiode has 0 polygons
2026-05-18 11:13:08 +0200: Memory Usage (441232K) : recog_mom has 0 polygons
2026-05-18 11:13:08 +0200: Memory Usage (441360K) : recog_pcm has 0 polygons
2026-05-18 11:13:08 +0200: Memory Usage (441360K) : colopen_drw has 0 polygons
2026-05-18 11:13:08 +0200: Memory Usage (441360K) : graphmetal1_drw has 0 polygons
2026-05-18 11:13:08 +0200: Memory Usage (441488K) : graphmetal1_filler has 0 polygons
2026-05-18 11:13:08 +0200: Memory Usage (441488K) : graphmetal1_nofill has 0 polygons
2026-05-18 11:13:08 +0200: Memory Usage (441616K) : graphmetal1_slit has 0 polygons
2026-05-18 11:13:08 +0200: Memory Usage (441616K) : graphmetal1_opc has 0 polygons
2026-05-18 11:13:08 +0200: Memory Usage (441744K) : graphmet1l_drw has 0 polygons
2026-05-18 11:13:08 +0200: Memory Usage (441744K) : graphmet1l_filler has 0 polygons
2026-05-18 11:13:08 +0200: Memory Usage (441744K) : graphmet1l_nofill has 0 polygons
2026-05-18 11:13:08 +0200: Memory Usage (441872K) : graphmet1l_slit has 0 polygons
2026-05-18 11:13:08 +0200: Memory Usage (441872K) : graphmet1l_opc has 0 polygons
2026-05-18 11:13:08 +0200: Memory Usage (442000K) : extblock_drw has 0 polygons
2026-05-18 11:13:08 +0200: Memory Usage (442000K) : nldd_drw has 0 polygons
2026-05-18 11:13:08 +0200: Memory Usage (442128K) : pldd_drw has 0 polygons
2026-05-18 11:13:08 +0200: Memory Usage (442128K) : next_drw has 0 polygons
2026-05-18 11:13:08 +0200: Memory Usage (442128K) : pext_drw has 0 polygons
2026-05-18 11:13:08 +0200: Memory Usage (442256K) : nexthv_drw has 0 polygons
2026-05-18 11:13:08 +0200: Memory Usage (442256K) : pexthv_drw has 0 polygons
2026-05-18 11:13:08 +0200: Memory Usage (442384K) : graphgate_drw has 0 polygons
2026-05-18 11:13:08 +0200: Memory Usage (442384K) : sinwg_drw has 0 polygons
2026-05-18 11:13:08 +0200: Memory Usage (442384K) : sinwg_filler has 0 polygons
2026-05-18 11:13:08 +0200: Memory Usage (442512K) : sinwg_nofill has 0 polygons
2026-05-18 11:13:08 +0200: Memory Usage (442512K) : mempad_drw has 0 polygons
2026-05-18 11:13:08 +0200: Memory Usage (442640K) : topvia1_drw has 0 polygons
2026-05-18 11:13:08 +0200: Memory Usage (442640K) : topmetal1_drw has 0 polygons
2026-05-18 11:13:08 +0200: Memory Usage (442768K) : topmetal1_pin has 0 polygons
2026-05-18 11:13:08 +0200: Memory Usage (442768K) : topmetal1_mask has 0 polygons
2026-05-18 11:13:08 +0200: Memory Usage (442768K) : topmetal1_filler has 0 polygons
2026-05-18 11:13:08 +0200: Memory Usage (442896K) : topmetal1_nofill has 0 polygons
2026-05-18 11:13:08 +0200: Memory Usage (442896K) : topmetal1_slit has 0 polygons
2026-05-18 11:13:08 +0200: Memory Usage (443024K) : topmetal1_text has 0 polygons
2026-05-18 11:13:08 +0200: Memory Usage (443024K) : topmetal1_noqrc has 0 polygons
2026-05-18 11:13:08 +0200: Memory Usage (443024K) : topmetal1_res has 0 polygons
2026-05-18 11:13:08 +0200: Memory Usage (443152K) : topmetal1_iprobe has 0 polygons
2026-05-18 11:13:08 +0200: Memory Usage (443152K) : topmetal1_diffprb has 0 polygons
2026-05-18 11:13:08 +0200: Memory Usage (443280K) : inldpwl_drw has 0 polygons
2026-05-18 11:13:08 +0200: Memory Usage (443280K) : polyres_drw has 0 polygons
2026-05-18 11:13:08 +0200: Memory Usage (443408K) : polyres_pin has 0 polygons
2026-05-18 11:13:08 +0200: Memory Usage (443408K) : vmim_drw has 0 polygons
2026-05-18 11:13:08 +0200: Memory Usage (443408K) : nbulaycut_drw has 0 polygons
2026-05-18 11:13:08 +0200: Memory Usage (443536K) : antmetal1_drw has 0 polygons
2026-05-18 11:13:08 +0200: Memory Usage (443536K) : topvia2_drw has 0 polygons
2026-05-18 11:13:08 +0200: Memory Usage (443664K) : topmetal2_drw has 0 polygons
2026-05-18 11:13:08 +0200: Memory Usage (443664K) : topmetal2_pin has 0 polygons
2026-05-18 11:13:08 +0200: Memory Usage (443664K) : topmetal2_mask has 0 polygons
2026-05-18 11:13:08 +0200: Memory Usage (443792K) : topmetal2_filler has 0 polygons
2026-05-18 11:13:08 +0200: Memory Usage (443792K) : topmetal2_nofill has 0 polygons
2026-05-18 11:13:08 +0200: Memory Usage (443920K) : topmetal2_slit has 0 polygons
2026-05-18 11:13:08 +0200: Memory Usage (443920K) : topmetal2_text has 0 polygons
2026-05-18 11:13:08 +0200: Memory Usage (444048K) : topmetal2_noqrc has 0 polygons
2026-05-18 11:13:08 +0200: Memory Usage (444048K) : topmetal2_res has 0 polygons
2026-05-18 11:13:08 +0200: Memory Usage (444048K) : topmetal2_iprobe has 0 polygons
2026-05-18 11:13:08 +0200: Memory Usage (444176K) : topmetal2_diffprb has 0 polygons
2026-05-18 11:13:08 +0200: Memory Usage (444176K) : snsring_drw has 0 polygons
2026-05-18 11:13:08 +0200: Memory Usage (444304K) : sensor_drw has 0 polygons
2026-05-18 11:13:08 +0200: Memory Usage (444304K) : snsarms_drw has 0 polygons
2026-05-18 11:13:08 +0200: Memory Usage (444304K) : snscmosvia_drw has 0 polygons
2026-05-18 11:13:08 +0200: Memory Usage (444432K) : colwind_drw has 0 polygons
2026-05-18 11:13:08 +0200: Memory Usage (444432K) : flm_drw has 0 polygons
2026-05-18 11:13:08 +0200: Memory Usage (444560K) : hafniumox_drw has 0 polygons
2026-05-18 11:13:08 +0200: Memory Usage (444560K) : memvia_drw has 0 polygons
2026-05-18 11:13:08 +0200: Memory Usage (444688K) : thinfilmres_drw has 0 polygons
2026-05-18 11:13:08 +0200: Memory Usage (444688K) : rfmem_drw has 0 polygons
2026-05-18 11:13:08 +0200: Memory Usage (444688K) : norcx_drw has 0 polygons
2026-05-18 11:13:08 +0200: Memory Usage (444816K) : norcx_m2m3 has 0 polygons
2026-05-18 11:13:08 +0200: Memory Usage (444816K) : norcx_m2m4 has 0 polygons
2026-05-18 11:13:08 +0200: Memory Usage (444944K) : norcx_m2m5 has 0 polygons
2026-05-18 11:13:08 +0200: Memory Usage (444944K) : norcx_m2tm1 has 0 polygons
2026-05-18 11:13:08 +0200: Memory Usage (445072K) : norcx_m2tm2 has 0 polygons
2026-05-18 11:13:08 +0200: Memory Usage (445072K) : norcx_m3m4 has 0 polygons
2026-05-18 11:13:08 +0200: Memory Usage (445072K) : norcx_m3m5 has 0 polygons
2026-05-18 11:13:08 +0200: Memory Usage (445072K) : norcx_m3tm1 has 0 polygons
2026-05-18 11:13:08 +0200: Memory Usage (445072K) : norcx_m3tm2 has 0 polygons
2026-05-18 11:13:08 +0200: Memory Usage (445072K) : norcx_m4m5 has 0 polygons
2026-05-18 11:13:08 +0200: Memory Usage (445072K) : norcx_m4tm1 has 0 polygons
2026-05-18 11:13:08 +0200: Memory Usage (445200K) : norcx_m4tm2 has 0 polygons
2026-05-18 11:13:08 +0200: Memory Usage (445200K) : norcx_m5tm1 has 0 polygons
2026-05-18 11:13:08 +0200: Memory Usage (445200K) : norcx_m5tm2 has 0 polygons
2026-05-18 11:13:08 +0200: Memory Usage (445328K) : norcx_tm1tm2 has 0 polygons
2026-05-18 11:13:08 +0200: Memory Usage (445328K) : norcx_m1sub has 0 polygons
2026-05-18 11:13:08 +0200: Memory Usage (445456K) : norcx_m2sub has 0 polygons
2026-05-18 11:13:08 +0200: Memory Usage (445456K) : norcx_m3sub has 0 polygons
2026-05-18 11:13:08 +0200: Memory Usage (445456K) : norcx_m4sub has 0 polygons
2026-05-18 11:13:08 +0200: Memory Usage (445584K) : norcx_m5sub has 0 polygons
2026-05-18 11:13:08 +0200: Memory Usage (445584K) : norcx_tm1sub has 0 polygons
2026-05-18 11:13:08 +0200: Memory Usage (445712K) : norcx_tm2sub has 0 polygons
2026-05-18 11:13:08 +0200: Memory Usage (445712K) : snsbotvia_drw has 0 polygons
2026-05-18 11:13:08 +0200: Memory Usage (445712K) : snstopvia_drw has 0 polygons
2026-05-18 11:13:08 +0200: Memory Usage (445840K) : deepvia_drw has 0 polygons
2026-05-18 11:13:08 +0200: Memory Usage (445840K) : fgetch_drw has 0 polygons
2026-05-18 11:13:08 +0200: Memory Usage (445968K) : ctrgat_drw has 0 polygons
2026-05-18 11:13:08 +0200: Memory Usage (445968K) : fgimp_drw has 0 polygons
2026-05-18 11:13:08 +0200: Memory Usage (446096K) : emwihv_drw has 0 polygons
2026-05-18 11:13:08 +0200: Memory Usage (446096K) : lbe_drw has 0 polygons
2026-05-18 11:13:08 +0200: Memory Usage (446096K) : alcustop_drw has 0 polygons
2026-05-18 11:13:08 +0200: Memory Usage (446224K) : nometfiller_drw has 0 polygons
2026-05-18 11:13:08 +0200: Memory Usage (446224K) : prboundary_drw has 0 polygons
2026-05-18 11:13:08 +0200: Memory Usage (446224K) : exchange0_drw has 0 polygons
2026-05-18 11:13:08 +0200: Memory Usage (446352K) : exchange0_pin has 0 polygons
2026-05-18 11:13:08 +0200: Memory Usage (446352K) : exchange0_text has 0 polygons
2026-05-18 11:13:08 +0200: Memory Usage (446352K) : exchange1_drw has 0 polygons
2026-05-18 11:13:08 +0200: Memory Usage (446480K) : exchange1_pin has 0 polygons
2026-05-18 11:13:08 +0200: Memory Usage (446480K) : exchange1_text has 0 polygons
2026-05-18 11:13:08 +0200: Memory Usage (446608K) : exchange2_drw has 0 polygons
2026-05-18 11:13:08 +0200: Memory Usage (446608K) : exchange2_pin has 0 polygons
2026-05-18 11:13:08 +0200: Memory Usage (446736K) : exchange2_text has 0 polygons
2026-05-18 11:13:08 +0200: Memory Usage (446736K) : exchange3_drw has 0 polygons
2026-05-18 11:13:08 +0200: Memory Usage (446736K) : exchange3_pin has 0 polygons
2026-05-18 11:13:08 +0200: Memory Usage (446864K) : exchange3_text has 0 polygons
2026-05-18 11:13:08 +0200: Memory Usage (446864K) : exchange4_drw has 0 polygons
2026-05-18 11:13:08 +0200: Memory Usage (446992K) : exchange4_pin has 0 polygons
2026-05-18 11:13:08 +0200: Memory Usage (446992K) : exchange4_text has 0 polygons
2026-05-18 11:13:08 +0200: Memory Usage (446992K) : isonwell_drw has 0 polygons
2026-05-18 11:13:08 +0200: Memory Usage (446992K) : Total no. of polygons in the design is 430
2026-05-18 11:13:08 +0200: Memory Usage (446992K) : Loaded TECH DRC rules values from /opt/pdks/ihp-sg13g2/libs.tech/klayout/python/sg13g2_pycell_lib/sg13g2_tech_mod.json
2026-05-18 11:13:08 +0200: Memory Usage (446992K) : Loaded default DRC rules values from /opt/pdks/ihp-sg13g2/libs.tech/klayout/tech/drc/rule_decks/sg13g2_tech_default.json
2026-05-18 11:13:08 +0200: Memory Usage (446992K) : The following rules values were missing in tech json and default values were used:
2026-05-18 11:13:08 +0200: Memory Usage (446992K) :   - Cnt_c_digibnd
2026-05-18 11:13:08 +0200: Memory Usage (448272K) : Total area of the design is 339.6194 um^2.
2026-05-18 11:13:08 +0200: Memory Usage (448272K) : The design dimensions are 17.015 µm * 19.96 µm.
2026-05-18 11:13:08 +0200: Memory Usage (448272K) : Starting general IHP-SG13G2 derivations.
2026-05-18 11:13:08 +0200: Memory Usage (448272K) : Starting Pwell derivations
2026-05-18 11:13:08 +0200: Memory Usage (450704K) : Starting n-Activ derivations
2026-05-18 11:13:08 +0200: Memory Usage (450960K) : Starting p-Activ derivations
2026-05-18 11:13:08 +0200: Memory Usage (450960K) : Starting ptap derivations
2026-05-18 11:13:08 +0200: Memory Usage (451088K) : Starting ntap derivations
2026-05-18 11:13:08 +0200: Memory Usage (451088K) : Starting pact FET derivations
2026-05-18 11:13:08 +0200: Memory Usage (451088K) : Starting nact FET derivations
2026-05-18 11:13:08 +0200: Memory Usage (451216K) : Starting Gate derivations
2026-05-18 11:13:08 +0200: Memory Usage (451344K) : Starting cont/contbar general derivations
2026-05-18 11:13:08 +0200: Memory Usage (451472K) : Starting pad general derivations
2026-05-18 11:13:08 +0200: Memory Usage (451728K) : Starting IHP-SG13G2 DRC connectivity related derivations.
2026-05-18 11:13:08 +0200: Memory Usage (452752K) : Starting IHP-SG13G2 DRC connectivity setup
2026-05-18 11:13:08 +0200: Memory Usage (453264K) : Starting IHP-SG13G2 DRC rules.
2026-05-18 11:13:08 +0200: Memory Usage (453264K) : Running all FEOL rules
2026-05-18 11:13:08 +0200: Memory Usage (453264K) : Running all BEOL rules
2026-05-18 11:13:08 +0200: Memory Usage (453264K) : Running all PIN rules
2026-05-18 11:13:08 +0200: Memory Usage (453264K) : Running all FORBIDDEN rules
2026-05-18 11:13:08 +0200: Memory Usage (453264K) : Starting 5.1 NWell table
2026-05-18 11:13:08 +0200: Memory Usage (453264K) : Executing rule NW.b
2026-05-18 11:13:08 +0200: Memory Usage (453904K) : Executing rule NW.b1
2026-05-18 11:13:08 +0200: Memory Usage (454160K) : Starting 5.2 PWell:block
2026-05-18 11:13:08 +0200: Memory Usage (454160K) : Executing rule PWB.e
2026-05-18 11:13:08 +0200: Memory Usage (454288K) : Executing rule PWB.e1
2026-05-18 11:13:08 +0200: Memory Usage (454416K) : Executing rule PWB.f
2026-05-18 11:13:08 +0200: Memory Usage (454672K) : Executing rule PWB.f1
2026-05-18 11:13:08 +0200: Memory Usage (455184K) : Starting 5.3 nBuLay table
2026-05-18 11:13:08 +0200: Memory Usage (455312K) : Executing rule NBL.b
2026-05-18 11:13:08 +0200: Memory Usage (455440K) : Executing rule NBL.c
2026-05-18 11:13:08 +0200: Memory Usage (455696K) : Executing rule NBL.d
2026-05-18 11:13:08 +0200: Memory Usage (455952K) : Executing rule NBL.e
2026-05-18 11:13:08 +0200: Memory Usage (456080K) : Executing rule NBL.f
2026-05-18 11:13:08 +0200: Memory Usage (456208K) : Starting 5.5. Activ table
2026-05-18 11:13:08 +0200: Memory Usage (456208K) : Executing rule Act.a
2026-05-18 11:13:08 +0200: Memory Usage (456208K) : Executing rule Act.b
2026-05-18 11:13:08 +0200: Memory Usage (456464K) : Starting 5.6 Activ:filler table
2026-05-18 11:13:08 +0200: Memory Usage (456720K) : Executing rule AFil.c1
2026-05-18 11:13:08 +0200: Memory Usage (456848K) : Executing rule AFil.c
2026-05-18 11:13:08 +0200: Memory Usage (456976K) : Executing rule AFil.d
2026-05-18 11:13:08 +0200: Memory Usage (457232K) : Executing rule AFil.e
2026-05-18 11:13:08 +0200: Memory Usage (457360K) : Executing rule AFil.j
2026-05-18 11:13:08 +0200: Memory Usage (457616K) : Starting 5.7. ThickGateOx table
2026-05-18 11:13:08 +0200: Memory Usage (457616K) : Executing rule TGO.f
2026-05-18 11:13:08 +0200: Memory Usage (457744K) : Starting 5.8. GatPoly table
2026-05-18 11:13:08 +0200: Memory Usage (457744K) : Executing rule Gat.a
2026-05-18 11:13:08 +0200: Memory Usage (457872K) : Executing rule Gat.b
2026-05-18 11:13:08 +0200: Memory Usage (457872K) : Executing rule Gat.d
2026-05-18 11:13:08 +0200: Memory Usage (458000K) : Executing rule Gat.a1
2026-05-18 11:13:08 +0200: Memory Usage (458768K) : Executing rule Gat.a2
2026-05-18 11:13:08 +0200: Memory Usage (459024K) : Executing rule Gat.g
2026-05-18 11:13:08 +0200: Memory Usage (459280K) : Starting 5.9 GatPoly:filler
2026-05-18 11:13:08 +0200: Memory Usage (459536K) : Executing rule GFil.d
2026-05-18 11:13:08 +0200: Memory Usage (459664K) : Executing rule GFil.e
2026-05-18 11:13:08 +0200: Memory Usage (459792K) : Executing rule GFil.i
2026-05-18 11:13:08 +0200: Memory Usage (459792K) : Starting 5.10 pSD table
2026-05-18 11:13:08 +0200: Memory Usage (459792K) : Executing rule pSD.c1
2026-05-18 11:13:08 +0200: Memory Usage (460048K) : Starting 5.14. Cont table
2026-05-18 11:13:08 +0200: Memory Usage (460048K) : Executing rule Cnt.a
2026-05-18 11:13:08 +0200: Memory Usage (460176K) : Executing rule Cnt.b
2026-05-18 11:13:08 +0200: Memory Usage (460304K) : Executing rule Cnt.c
2026-05-18 11:13:08 +0200: Memory Usage (460432K) : Executing rule Cnt.c
2026-05-18 11:13:08 +0200: Memory Usage (460560K) : Executing rule Cnt.d
2026-05-18 11:13:08 +0200: Memory Usage (460688K) : Executing rule Cnt.e
2026-05-18 11:13:08 +0200: Memory Usage (460816K) : Executing rule Cnt.g1
2026-05-18 11:13:08 +0200: Memory Usage (460944K) : Executing rule Cnt.g2
2026-05-18 11:13:08 +0200: Memory Usage (460944K) : Starting 5.15. ContBar table
2026-05-18 11:13:08 +0200: Memory Usage (460944K) : Executing rule CntB.b1
2026-05-18 11:13:08 +0200: Memory Usage (460944K) : Executing rule CntB.h1
2026-05-18 11:13:08 +0200: Memory Usage (460944K) : Starting 6.1.3 NPN Substrate-Tie table
2026-05-18 11:13:08 +0200: Memory Usage (460944K) : Executing rule npn13G2.bR 
2026-05-18 11:13:08 +0200: Memory Usage (460944K) : Executing rule npn13G2L.cR 
2026-05-18 11:13:08 +0200: Memory Usage (460944K) : Executing rule npn13G2V.cR 
2026-05-18 11:13:08 +0200: Memory Usage (460944K) : Starting 6.7 Schottky diode table
2026-05-18 11:13:08 +0200: Memory Usage (460944K) : Executing rule Sdiod.d
2026-05-18 11:13:08 +0200: Memory Usage (460944K) : Executing rule Sdiod.e
2026-05-18 11:13:08 +0200: Memory Usage (460944K) : Starting 7.2 Latch-up table
2026-05-18 11:13:08 +0200: Memory Usage (460944K) : Executing rule LU.b
2026-05-18 11:13:08 +0200: Memory Usage (460944K) : Starting 5.16. Metal1 table
2026-05-18 11:13:08 +0200: Memory Usage (460944K) : Executing rule M1.a
2026-05-18 11:13:08 +0200: Memory Usage (460944K) : Executing rule M1.b
2026-05-18 11:13:08 +0200: Memory Usage (460944K) : Executing rule M1.e
2026-05-18 11:13:08 +0200: Memory Usage (460944K) : Executing rule M1.f
2026-05-18 11:13:08 +0200: Memory Usage (460944K) : Executing rule M1.g
2026-05-18 11:13:08 +0200: Memory Usage (460944K) : Executing rule M1.i
2026-05-18 11:13:08 +0200: Memory Usage (460944K) : Starting 5.17 Metaln table
2026-05-18 11:13:08 +0200: Memory Usage (460944K) : Executing rule M2.a
2026-05-18 11:13:08 +0200: Memory Usage (460944K) : Executing rule M2.b
2026-05-18 11:13:08 +0200: Memory Usage (460944K) : Executing rule M2.e
2026-05-18 11:13:08 +0200: Memory Usage (460944K) : Executing rule M2.f
2026-05-18 11:13:08 +0200: Memory Usage (460944K) : Executing rule M2.g
2026-05-18 11:13:08 +0200: Memory Usage (460944K) : Executing rule M2.i
2026-05-18 11:13:08 +0200: Memory Usage (460944K) : Executing rule M3.a
2026-05-18 11:13:08 +0200: Memory Usage (460944K) : Executing rule M3.b
2026-05-18 11:13:08 +0200: Memory Usage (460944K) : Executing rule M3.e
2026-05-18 11:13:08 +0200: Memory Usage (460944K) : Executing rule M3.f
2026-05-18 11:13:08 +0200: Memory Usage (460944K) : Executing rule M3.g
2026-05-18 11:13:08 +0200: Memory Usage (460944K) : Executing rule M3.i
2026-05-18 11:13:08 +0200: Memory Usage (460944K) : Executing rule M4.a
2026-05-18 11:13:08 +0200: Memory Usage (460944K) : Executing rule M4.b
2026-05-18 11:13:08 +0200: Memory Usage (460944K) : Executing rule M4.e
2026-05-18 11:13:08 +0200: Memory Usage (460944K) : Executing rule M4.f
2026-05-18 11:13:08 +0200: Memory Usage (460944K) : Executing rule M4.g
2026-05-18 11:13:08 +0200: Memory Usage (460944K) : Executing rule M4.i
2026-05-18 11:13:08 +0200: Memory Usage (460944K) : Executing rule M5.a
2026-05-18 11:13:08 +0200: Memory Usage (460944K) : Executing rule M5.b
2026-05-18 11:13:08 +0200: Memory Usage (460944K) : Executing rule M5.e
2026-05-18 11:13:08 +0200: Memory Usage (460944K) : Executing rule M5.f
2026-05-18 11:13:08 +0200: Memory Usage (460944K) : Executing rule M5.g
2026-05-18 11:13:08 +0200: Memory Usage (460944K) : Executing rule M5.i
2026-05-18 11:13:08 +0200: Memory Usage (460944K) : Starting 5.18 Metaln:filler table
2026-05-18 11:13:08 +0200: Memory Usage (460944K) : Executing rule M1Fil.c
2026-05-18 11:13:08 +0200: Memory Usage (460944K) : Executing rule M1Fil.a2
2026-05-18 11:13:08 +0200: Memory Usage (460944K) : Executing rule M2Fil.c
2026-05-18 11:13:08 +0200: Memory Usage (460944K) : Executing rule M2Fil.a2
2026-05-18 11:13:08 +0200: Memory Usage (460944K) : Executing rule M3Fil.c
2026-05-18 11:13:08 +0200: Memory Usage (460944K) : Executing rule M3Fil.a2
2026-05-18 11:13:08 +0200: Memory Usage (460944K) : Executing rule M4Fil.c
2026-05-18 11:13:08 +0200: Memory Usage (460944K) : Executing rule M4Fil.a2
2026-05-18 11:13:08 +0200: Memory Usage (460944K) : Executing rule M5Fil.c
2026-05-18 11:13:08 +0200: Memory Usage (460944K) : Executing rule M5Fil.a2
2026-05-18 11:13:08 +0200: Memory Usage (460944K) : Starting 5.19. Via1 table
2026-05-18 11:13:08 +0200: Memory Usage (460944K) : Starting 5.19. Via1 table derivations
2026-05-18 11:13:08 +0200: Memory Usage (460944K) : Executing rule V1.a
2026-05-18 11:13:08 +0200: Memory Usage (460944K) : Executing rule V1.b
2026-05-18 11:13:08 +0200: Memory Usage (460944K) : Executing rule V1.c
2026-05-18 11:13:08 +0200: Memory Usage (460944K) : Starting 5.20. Vian table
2026-05-18 11:13:08 +0200: Memory Usage (460944K) : Executing rule V2.a
2026-05-18 11:13:08 +0200: Memory Usage (460944K) : Executing rule V2.b
2026-05-18 11:13:08 +0200: Memory Usage (460944K) : Executing rule V2.c
2026-05-18 11:13:08 +0200: Memory Usage (460944K) : Executing rule V3.a
2026-05-18 11:13:08 +0200: Memory Usage (460944K) : Executing rule V3.b
2026-05-18 11:13:08 +0200: Memory Usage (460944K) : Executing rule V3.c
2026-05-18 11:13:08 +0200: Memory Usage (460944K) : Executing rule V4.a
2026-05-18 11:13:08 +0200: Memory Usage (460944K) : Executing rule V4.b
2026-05-18 11:13:08 +0200: Memory Usage (460944K) : Executing rule V4.c
2026-05-18 11:13:08 +0200: Memory Usage (460944K) : Starting 5.21. TopVia1 table
2026-05-18 11:13:08 +0200: Memory Usage (460944K) : Executing rule TV1.a
2026-05-18 11:13:08 +0200: Memory Usage (460944K) : Executing rule TV1.b
2026-05-18 11:13:08 +0200: Memory Usage (460944K) : Executing rule TV1.c
2026-05-18 11:13:08 +0200: Memory Usage (460944K) : Executing rule TV1.d
2026-05-18 11:13:08 +0200: Memory Usage (460944K) : Starting 5.22. TopMetal1 table
2026-05-18 11:13:08 +0200: Memory Usage (460944K) : Executing rule TM1.a
2026-05-18 11:13:08 +0200: Memory Usage (460944K) : Executing rule TM1.b
2026-05-18 11:13:08 +0200: Memory Usage (460944K) : Starting 5.23 TopMetal1:filler table
2026-05-18 11:13:08 +0200: Memory Usage (460944K) : Executing rule TM1Fil.c
2026-05-18 11:13:08 +0200: Memory Usage (460944K) : Executing rule TM1Fil.a1
2026-05-18 11:13:08 +0200: Memory Usage (460944K) : Starting 5.24. TopVia2 table
2026-05-18 11:13:08 +0200: Memory Usage (460944K) : Executing rule TV2.a
2026-05-18 11:13:08 +0200: Memory Usage (460944K) : Executing rule TV2.b
2026-05-18 11:13:08 +0200: Memory Usage (460944K) : Executing rule TV2.c
2026-05-18 11:13:08 +0200: Memory Usage (460944K) : Executing rule TV2.d
2026-05-18 11:13:08 +0200: Memory Usage (460944K) : Starting 5.25. TopMetal2 table
2026-05-18 11:13:08 +0200: Memory Usage (460944K) : Executing rule TM2.a
2026-05-18 11:13:08 +0200: Memory Usage (460944K) : Executing rule TM2.b
2026-05-18 11:13:08 +0200: Memory Usage (460944K) : Executing rule TM2.bR
2026-05-18 11:13:08 +0200: Memory Usage (460944K) : Starting 5.26 TopMetal2:filler table
2026-05-18 11:13:08 +0200: Memory Usage (460944K) : Executing rule TM2Fil.c
2026-05-18 11:13:08 +0200: Memory Usage (460944K) : Executing rule TM2Fil.a1
2026-05-18 11:13:08 +0200: Memory Usage (460944K) : Starting 5.27. Passiv table
2026-05-18 11:13:08 +0200: Memory Usage (460944K) : Executing rule Pas.a
2026-05-18 11:13:08 +0200: Memory Usage (460944K) : Executing rule Pas.b
2026-05-18 11:13:08 +0200: Memory Usage (460944K) : Executing rule Pas.c
2026-05-18 11:13:08 +0200: Memory Usage (460944K) : Starting 6.9.2 Copper Pillar table
2026-05-18 11:13:08 +0200: Memory Usage (460944K) : Executing rule Padc.a
2026-05-18 11:13:08 +0200: Memory Usage (460944K) : Executing rule Padc.b
2026-05-18 11:13:08 +0200: Memory Usage (460944K) : Executing rule Padc.c
2026-05-18 11:13:08 +0200: Memory Usage (460944K) : Executing rule Padb.f
2026-05-18 11:13:08 +0200: Memory Usage (460944K) : Starting 6.9.1 Solder Bump
2026-05-18 11:13:08 +0200: Memory Usage (460944K) : Executing rule Padb.a
2026-05-18 11:13:08 +0200: Memory Usage (460944K) : Executing rule Padb.b
2026-05-18 11:13:08 +0200: Memory Usage (460944K) : Executing rule Padb.c
2026-05-18 11:13:08 +0200: Memory Usage (460944K) : Executing rule Padb.f
2026-05-18 11:13:09 +0200: Memory Usage (460944K) : Executing rule Padb.d
2026-05-18 11:13:09 +0200: Memory Usage (460944K) : Starting 6.10 Sealring table
2026-05-18 11:13:09 +0200: Memory Usage (460944K) : Executing rule Seal.l
2026-05-18 11:13:09 +0200: Memory Usage (460944K) : Executing rule Seal.n
2026-05-18 11:13:09 +0200: Memory Usage (460944K) : Executing rule seal.b_metal1
2026-05-18 11:13:09 +0200: Memory Usage (460944K) : Executing rule seal.b_metal2
2026-05-18 11:13:09 +0200: Memory Usage (460944K) : Executing rule seal.b_metal3
2026-05-18 11:13:09 +0200: Memory Usage (460944K) : Executing rule seal.b_metal4
2026-05-18 11:13:09 +0200: Memory Usage (460944K) : Executing rule seal.b_metal5
2026-05-18 11:13:09 +0200: Memory Usage (460944K) : Executing rule seal.b_topmetal1
2026-05-18 11:13:09 +0200: Memory Usage (460944K) : Executing rule seal.b_topmetal2
2026-05-18 11:13:09 +0200: Memory Usage (460944K) : Executing rule seal.b_activ
2026-05-18 11:13:09 +0200: Memory Usage (460944K) : Executing rule seal.b_psd
2026-05-18 11:13:09 +0200: Memory Usage (460944K) : Executing rule Seal.k
2026-05-18 11:13:09 +0200: Memory Usage (460944K) : Executing rule Seal.m
2026-05-18 11:13:09 +0200: Memory Usage (460944K) : Starting 6.11 MIM table
2026-05-18 11:13:09 +0200: Memory Usage (460944K) : Executing rule MIM.c
2026-05-18 11:13:09 +0200: Memory Usage (460944K) : Executing rule MIM.d
2026-05-18 11:13:09 +0200: Memory Usage (460944K) : Executing rule MIM.gR
2026-05-18 11:13:09 +0200: Memory Usage (460944K) : Starting 7.3 Metal Slits table
2026-05-18 11:13:09 +0200: Memory Usage (460944K) : Executing rule Slt.e1_M1
2026-05-18 11:13:09 +0200: Memory Usage (460944K) : Executing rule Slt.e1_M2
2026-05-18 11:13:09 +0200: Memory Usage (460944K) : Executing rule Slt.e1_M3
2026-05-18 11:13:09 +0200: Memory Usage (460944K) : Executing rule Slt.e1_M4
2026-05-18 11:13:09 +0200: Memory Usage (460944K) : Executing rule Slt.e1_M5
2026-05-18 11:13:09 +0200: Memory Usage (460944K) : Executing rule Slt.e1_TM1
2026-05-18 11:13:09 +0200: Memory Usage (460944K) : Executing rule Slt.e1_TM2
2026-05-18 11:13:09 +0200: Memory Usage (460944K) : Starting 9.1. LBE table
2026-05-18 11:13:09 +0200: Memory Usage (460944K) : Executing rule LBE.a
2026-05-18 11:13:09 +0200: Memory Usage (460944K) : Executing rule LBE.b
2026-05-18 11:13:09 +0200: Memory Usage (460944K) : Executing rule LBE.b1
2026-05-18 11:13:09 +0200: Memory Usage (460944K) : Executing rule LBE.c
2026-05-18 11:13:09 +0200: Memory Usage (460944K) : Executing rule LBE.d
2026-05-18 11:13:09 +0200: Memory Usage (460944K) : Executing rule LBE.h
2026-05-18 11:13:09 +0200: Memory Usage (460944K) : Starting 7.4. PIN table
2026-05-18 11:13:09 +0200: Memory Usage (460944K) : Executing rule Pin.a
2026-05-18 11:13:09 +0200: Memory Usage (460944K) : Executing rule Pin.b
2026-05-18 11:13:09 +0200: Memory Usage (460944K) : Executing rule Pin.e
2026-05-18 11:13:09 +0200: Memory Usage (460944K) : Executing rule Pin.f_M2
2026-05-18 11:13:09 +0200: Memory Usage (460944K) : Executing rule Pin.f_M3
2026-05-18 11:13:09 +0200: Memory Usage (460944K) : Executing rule Pin.f_M4
2026-05-18 11:13:09 +0200: Memory Usage (460944K) : Executing rule Pin.f_M5
2026-05-18 11:13:09 +0200: Memory Usage (460944K) : Executing rule Pin.g
2026-05-18 11:13:09 +0200: Memory Usage (460944K) : Executing rule Pin.h
2026-05-18 11:13:09 +0200: Memory Usage (460944K) : Starting 3.2. FORBIDDEN table
2026-05-18 11:13:09 +0200: Memory Usage (460944K) : Executing rule forbidden.biwind
2026-05-18 11:13:09 +0200: Memory Usage (460944K) : Executing rule forbidden.pemwind
2026-05-18 11:13:09 +0200: Memory Usage (460944K) : Executing rule forbidden.baspoly
2026-05-18 11:13:09 +0200: Memory Usage (460944K) : Executing rule forbidden.deepco
2026-05-18 11:13:09 +0200: Memory Usage (460944K) : Executing rule forbidden.pempoly
2026-05-18 11:13:09 +0200: Memory Usage (460944K) : Executing rule forbidden.empoly
2026-05-18 11:13:09 +0200: Memory Usage (460944K) : Executing rule forbidden.ldmos
2026-05-18 11:13:09 +0200: Memory Usage (460944K) : Executing rule forbidden.pbiwind
2026-05-18 11:13:09 +0200: Memory Usage (460944K) : Executing rule forbidden.nodrc
2026-05-18 11:13:09 +0200: Memory Usage (460944K) : Executing rule forbidden.flash
2026-05-18 11:13:09 +0200: Memory Usage (460944K) : Executing rule forbidden.colwind
2026-05-18 11:13:09 +0200: Memory Usage (460944K) : KLayout DRC run for tables 'main' completed in 0.97 seconds
