# Logfile created on 2026-05-25 12:43:28 +0200 by logger.rb/v1.4.3
2026-05-25 12:43:28 +0200: Memory Usage (428568K) : Starting running IHP-SG13G2 KLayout DRC runset on /home/designer/shared/Delta-sigma-adc/gds/SC_integrator/SC_integrator.gds
2026-05-25 12:43:28 +0200: Memory Usage (428568K) : Ruby Version for klayout: 3.0.2
2026-05-25 12:43:28 +0200: Memory Usage (429848K) : Loading database to memory is complete.
2026-05-25 12:43:28 +0200: Memory Usage (429848K) : IHP-SG13G2 KLayout DRC runset output at: /home/designer/shared/Delta-sigma-adc/gds/SC_integrator/drc_run_SC_integrator/SC_integrator_SC_integrator_main.lyrdb
2026-05-25 12:43:28 +0200: Memory Usage (429848K) : Evaluate switches.
2026-05-25 12:43:28 +0200: Memory Usage (429848K) : tables selected: main
2026-05-25 12:43:28 +0200: Memory Usage (429848K) : KLayout will use 1 thread(s) in tiling mode.
2026-05-25 12:43:28 +0200: Memory Usage (429848K) : deep mode is enabled.
2026-05-25 12:43:28 +0200: Memory Usage (429848K) : FEOL enabled: true
2026-05-25 12:43:28 +0200: Memory Usage (429848K) : BEOL enabled: true
2026-05-25 12:43:28 +0200: Memory Usage (429848K) : OFFGRID enabled: true
2026-05-25 12:43:28 +0200: Memory Usage (429848K) : PIN enabled: true
2026-05-25 12:43:28 +0200: Memory Usage (429848K) : FORBIDDEN enabled: true
2026-05-25 12:43:28 +0200: Memory Usage (429848K) : RECOMMENDED enabled: true
2026-05-25 12:43:28 +0200: Memory Usage (429848K) : PreCheck DRC enabled: false
2026-05-25 12:43:28 +0200: Memory Usage (429848K) : CONNECTIVITY_RULES enabled: true.
2026-05-25 12:43:28 +0200: Memory Usage (429848K) : Read in polygons from layers.
2026-05-25 12:43:28 +0200: Memory Usage (430616K) : activ_drw has 139 polygons
2026-05-25 12:43:28 +0200: Memory Usage (430616K) : activ_pin has 0 polygons
2026-05-25 12:43:28 +0200: Memory Usage (430616K) : activ_mask has 0 polygons
2026-05-25 12:43:28 +0200: Memory Usage (430616K) : activ_filler has 0 polygons
2026-05-25 12:43:28 +0200: Memory Usage (430616K) : activ_nofill has 0 polygons
2026-05-25 12:43:28 +0200: Memory Usage (430616K) : activ_opc has 0 polygons
2026-05-25 12:43:28 +0200: Memory Usage (430616K) : activ_iopc has 0 polygons
2026-05-25 12:43:28 +0200: Memory Usage (430616K) : activ_noqrc has 0 polygons
2026-05-25 12:43:28 +0200: Memory Usage (430616K) : biwind_drw has 0 polygons
2026-05-25 12:43:28 +0200: Memory Usage (430616K) : biwind_opc has 0 polygons
2026-05-25 12:43:28 +0200: Memory Usage (430616K) : pemwind_drw has 0 polygons
2026-05-25 12:43:28 +0200: Memory Usage (430616K) : gatpoly_drw has 199 polygons
2026-05-25 12:43:28 +0200: Memory Usage (430616K) : gatpoly_pin has 12 polygons
2026-05-25 12:43:28 +0200: Memory Usage (430616K) : gatpoly_filler has 0 polygons
2026-05-25 12:43:28 +0200: Memory Usage (430616K) : gatpoly_nofill has 0 polygons
2026-05-25 12:43:28 +0200: Memory Usage (430616K) : gatpoly_opc has 0 polygons
2026-05-25 12:43:28 +0200: Memory Usage (430616K) : gatpoly_iopc has 0 polygons
2026-05-25 12:43:28 +0200: Memory Usage (430616K) : gatpoly_noqrc has 0 polygons
2026-05-25 12:43:28 +0200: Memory Usage (430616K) : cont_drw has 3062 polygons
2026-05-25 12:43:28 +0200: Memory Usage (430616K) : cont_opc has 0 polygons
2026-05-25 12:43:28 +0200: Memory Usage (430616K) : nsd_drw has 0 polygons
2026-05-25 12:43:28 +0200: Memory Usage (430616K) : nsd_block has 0 polygons
2026-05-25 12:43:28 +0200: Memory Usage (430616K) : metal1_drw has 370 polygons
2026-05-25 12:43:28 +0200: Memory Usage (430616K) : metal1_pin has 33 polygons
2026-05-25 12:43:28 +0200: Memory Usage (430744K) : metal1_mask has 0 polygons
2026-05-25 12:43:28 +0200: Memory Usage (430744K) : metal1_filler has 0 polygons
2026-05-25 12:43:28 +0200: Memory Usage (430744K) : metal1_nofill has 0 polygons
2026-05-25 12:43:28 +0200: Memory Usage (430744K) : metal1_slit has 0 polygons
2026-05-25 12:43:28 +0200: Memory Usage (431256K) : metal1_text has 5 polygons
2026-05-25 12:43:28 +0200: Memory Usage (431256K) : metal1_opc has 0 polygons
2026-05-25 12:43:28 +0200: Memory Usage (431256K) : metal1_noqrc has 0 polygons
2026-05-25 12:43:28 +0200: Memory Usage (431384K) : metal1_res has 0 polygons
2026-05-25 12:43:28 +0200: Memory Usage (431384K) : metal1_iprobe has 0 polygons
2026-05-25 12:43:28 +0200: Memory Usage (431384K) : metal1_diffprb has 0 polygons
2026-05-25 12:43:28 +0200: Memory Usage (431384K) : passiv_drw has 0 polygons
2026-05-25 12:43:28 +0200: Memory Usage (431384K) : passiv_pin has 0 polygons
2026-05-25 12:43:28 +0200: Memory Usage (431512K) : passiv_sbump has 0 polygons
2026-05-25 12:43:28 +0200: Memory Usage (431512K) : passiv_pillar has 0 polygons
2026-05-25 12:43:28 +0200: Memory Usage (431512K) : passiv_pdl has 0 polygons
2026-05-25 12:43:28 +0200: Memory Usage (431640K) : metal2_drw has 105 polygons
2026-05-25 12:43:28 +0200: Memory Usage (431640K) : metal2_pin has 5 polygons
2026-05-25 12:43:28 +0200: Memory Usage (431640K) : metal2_mask has 0 polygons
2026-05-25 12:43:28 +0200: Memory Usage (431768K) : metal2_filler has 0 polygons
2026-05-25 12:43:28 +0200: Memory Usage (431768K) : metal2_nofill has 0 polygons
2026-05-25 12:43:28 +0200: Memory Usage (431768K) : metal2_slit has 0 polygons
2026-05-25 12:43:28 +0200: Memory Usage (431896K) : metal2_text has 7 polygons
2026-05-25 12:43:28 +0200: Memory Usage (431896K) : metal2_opc has 0 polygons
2026-05-25 12:43:28 +0200: Memory Usage (431896K) : metal2_noqrc has 0 polygons
2026-05-25 12:43:28 +0200: Memory Usage (432024K) : metal2_res has 0 polygons
2026-05-25 12:43:28 +0200: Memory Usage (432024K) : metal2_iprobe has 0 polygons
2026-05-25 12:43:28 +0200: Memory Usage (432024K) : metal2_diffprb has 0 polygons
2026-05-25 12:43:28 +0200: Memory Usage (432152K) : baspoly_drw has 0 polygons
2026-05-25 12:43:28 +0200: Memory Usage (432152K) : baspoly_pin has 0 polygons
2026-05-25 12:43:28 +0200: Memory Usage (432152K) : psd_drw has 18 polygons
2026-05-25 12:43:28 +0200: Memory Usage (432152K) : nldb_drw has 0 polygons
2026-05-25 12:43:28 +0200: Memory Usage (432280K) : digibnd_drw has 0 polygons
2026-05-25 12:43:28 +0200: Memory Usage (432280K) : via1_drw has 248 polygons
2026-05-25 12:43:28 +0200: Memory Usage (432408K) : backmetal1_drw has 0 polygons
2026-05-25 12:43:28 +0200: Memory Usage (432408K) : backmetal1_pin has 0 polygons
2026-05-25 12:43:28 +0200: Memory Usage (432408K) : backmetal1_mask has 0 polygons
2026-05-25 12:43:28 +0200: Memory Usage (432408K) : backmetal1_filler has 0 polygons
2026-05-25 12:43:28 +0200: Memory Usage (432536K) : backmetal1_nofill has 0 polygons
2026-05-25 12:43:28 +0200: Memory Usage (432536K) : backmetal1_slit has 0 polygons
2026-05-25 12:43:28 +0200: Memory Usage (432536K) : backmetal1_text has 0 polygons
2026-05-25 12:43:28 +0200: Memory Usage (432664K) : backmetal1_opc has 0 polygons
2026-05-25 12:43:28 +0200: Memory Usage (432664K) : backmetal1_noqrc has 0 polygons
2026-05-25 12:43:28 +0200: Memory Usage (432664K) : backmetal1_res has 0 polygons
2026-05-25 12:43:28 +0200: Memory Usage (432792K) : backmetal1_iprobe has 0 polygons
2026-05-25 12:43:28 +0200: Memory Usage (432792K) : backmetal1_diffprb has 0 polygons
2026-05-25 12:43:28 +0200: Memory Usage (432792K) : backpassiv_drw has 0 polygons
2026-05-25 12:43:28 +0200: Memory Usage (432920K) : res_drw has 0 polygons
2026-05-25 12:43:28 +0200: Memory Usage (432920K) : sram_drw has 0 polygons
2026-05-25 12:43:28 +0200: Memory Usage (432920K) : trans_drw has 0 polygons
2026-05-25 12:43:28 +0200: Memory Usage (433048K) : ind_drw has 0 polygons
2026-05-25 12:43:28 +0200: Memory Usage (433048K) : ind_pin has 0 polygons
2026-05-25 12:43:28 +0200: Memory Usage (433048K) : ind_text has 0 polygons
2026-05-25 12:43:28 +0200: Memory Usage (433176K) : salblock_drw has 0 polygons
2026-05-25 12:43:28 +0200: Memory Usage (433176K) : via2_drw has 154 polygons
2026-05-25 12:43:28 +0200: Memory Usage (433176K) : metal3_drw has 64 polygons
2026-05-25 12:43:28 +0200: Memory Usage (433304K) : metal3_pin has 3 polygons
2026-05-25 12:43:28 +0200: Memory Usage (433304K) : metal3_mask has 0 polygons
2026-05-25 12:43:28 +0200: Memory Usage (433304K) : metal3_filler has 0 polygons
2026-05-25 12:43:28 +0200: Memory Usage (433432K) : metal3_nofill has 0 polygons
2026-05-25 12:43:28 +0200: Memory Usage (433432K) : metal3_slit has 0 polygons
2026-05-25 12:43:28 +0200: Memory Usage (433432K) : metal3_text has 3 polygons
2026-05-25 12:43:28 +0200: Memory Usage (433432K) : metal3_opc has 0 polygons
2026-05-25 12:43:28 +0200: Memory Usage (433560K) : metal3_noqrc has 0 polygons
2026-05-25 12:43:28 +0200: Memory Usage (433560K) : metal3_res has 0 polygons
2026-05-25 12:43:28 +0200: Memory Usage (433688K) : metal3_iprobe has 0 polygons
2026-05-25 12:43:28 +0200: Memory Usage (433688K) : metal3_diffprb has 0 polygons
2026-05-25 12:43:28 +0200: Memory Usage (433688K) : nwell_drw has 30 polygons
2026-05-25 12:43:28 +0200: Memory Usage (433816K) : nwell_pin has 0 polygons
2026-05-25 12:43:28 +0200: Memory Usage (433816K) : nbulay_drw has 7 polygons
2026-05-25 12:43:28 +0200: Memory Usage (433944K) : nbulay_pin has 0 polygons
2026-05-25 12:43:28 +0200: Memory Usage (433944K) : nbulay_block has 0 polygons
2026-05-25 12:43:28 +0200: Memory Usage (433944K) : emwind_drw has 0 polygons
2026-05-25 12:43:28 +0200: Memory Usage (433944K) : emwind_opc has 0 polygons
2026-05-25 12:43:28 +0200: Memory Usage (434072K) : deepco_drw has 0 polygons
2026-05-25 12:43:28 +0200: Memory Usage (434072K) : deepco_drw has 0 polygons
2026-05-25 12:43:28 +0200: Memory Usage (434072K) : mim_drw has 304 polygons
2026-05-25 12:43:28 +0200: Memory Usage (434200K) : edgeseal_drw has 0 polygons
2026-05-25 12:43:28 +0200: Memory Usage (434200K) : edgeseal_bound has 0 polygons
2026-05-25 12:43:28 +0200: Memory Usage (434328K) : substrate_drw has 10 polygons
2026-05-25 12:43:28 +0200: Memory Usage (434328K) : substrate_text has 0 polygons
2026-05-25 12:43:28 +0200: Memory Usage (434456K) : dfpad_drw has 0 polygons
2026-05-25 12:43:28 +0200: Memory Usage (434456K) : dfpad_pillar has 0 polygons
2026-05-25 12:43:28 +0200: Memory Usage (434456K) : dfpad_sbump has 0 polygons
2026-05-25 12:43:28 +0200: Memory Usage (434584K) : thickgateox_drw has 0 polygons
2026-05-25 12:43:28 +0200: Memory Usage (434584K) : pldb_drw has 0 polygons
2026-05-25 12:43:28 +0200: Memory Usage (434712K) : pwell_drw has 0 polygons
2026-05-25 12:43:28 +0200: Memory Usage (434712K) : pwell_pin has 0 polygons
2026-05-25 12:43:28 +0200: Memory Usage (434712K) : pwell_block has 0 polygons
2026-05-25 12:43:28 +0200: Memory Usage (434840K) : ic_drw has 0 polygons
2026-05-25 12:43:28 +0200: Memory Usage (434840K) : via3_drw has 246 polygons
2026-05-25 12:43:28 +0200: Memory Usage (434968K) : metal4_drw has 20 polygons
2026-05-25 12:43:28 +0200: Memory Usage (434968K) : metal4_pin has 0 polygons
2026-05-25 12:43:28 +0200: Memory Usage (434968K) : metal4_mask has 0 polygons
2026-05-25 12:43:28 +0200: Memory Usage (435096K) : metal4_filler has 0 polygons
2026-05-25 12:43:28 +0200: Memory Usage (435096K) : metal4_nofill has 0 polygons
2026-05-25 12:43:28 +0200: Memory Usage (435096K) : metal4_slit has 0 polygons
2026-05-25 12:43:28 +0200: Memory Usage (435224K) : metal4_text has 0 polygons
2026-05-25 12:43:28 +0200: Memory Usage (435224K) : metal4_opc has 0 polygons
2026-05-25 12:43:28 +0200: Memory Usage (435224K) : metal4_noqrc has 0 polygons
2026-05-25 12:43:28 +0200: Memory Usage (435352K) : metal4_res has 0 polygons
2026-05-25 12:43:28 +0200: Memory Usage (435352K) : metal4_iprobe has 0 polygons
2026-05-25 12:43:28 +0200: Memory Usage (435480K) : metal4_diffprb has 0 polygons
2026-05-25 12:43:28 +0200: Memory Usage (435480K) : heattrans_drw has 78 polygons
2026-05-25 12:43:28 +0200: Memory Usage (435608K) : heatres_drw has 0 polygons
2026-05-25 12:43:28 +0200: Memory Usage (435608K) : pempoly_drw has 0 polygons
2026-05-25 12:43:28 +0200: Memory Usage (435608K) : fbe_drw has 0 polygons
2026-05-25 12:43:28 +0200: Memory Usage (435736K) : empoly_drw has 0 polygons
2026-05-25 12:43:28 +0200: Memory Usage (435736K) : ldmos_drw has 0 polygons
2026-05-25 12:43:28 +0200: Memory Usage (435864K) : pbiwind_drw has 0 polygons
2026-05-25 12:43:28 +0200: Memory Usage (435864K) : digisub_drw has 0 polygons
2026-05-25 12:43:28 +0200: Memory Usage (435992K) : nodrc_drw has 0 polygons
2026-05-25 12:43:28 +0200: Memory Usage (435992K) : text_drw has 22 polygons
2026-05-25 12:43:28 +0200: Memory Usage (435992K) : via4_drw has 54 polygons
2026-05-25 12:43:28 +0200: Memory Usage (436120K) : metal5_drw has 421 polygons
2026-05-25 12:43:28 +0200: Memory Usage (436120K) : metal5_pin has 2 polygons
2026-05-25 12:43:28 +0200: Memory Usage (436248K) : metal5_mask has 0 polygons
2026-05-25 12:43:28 +0200: Memory Usage (436248K) : metal5_filler has 0 polygons
2026-05-25 12:43:28 +0200: Memory Usage (436248K) : metal5_nofill has 0 polygons
2026-05-25 12:43:28 +0200: Memory Usage (436248K) : metal5_slit has 0 polygons
2026-05-25 12:43:28 +0200: Memory Usage (436376K) : metal5_text has 2 polygons
2026-05-25 12:43:28 +0200: Memory Usage (436376K) : metal5_opc has 0 polygons
2026-05-25 12:43:28 +0200: Memory Usage (436376K) : metal5_noqrc has 0 polygons
2026-05-25 12:43:28 +0200: Memory Usage (436504K) : metal5_res has 0 polygons
2026-05-25 12:43:28 +0200: Memory Usage (436504K) : metal5_iprobe has 0 polygons
2026-05-25 12:43:28 +0200: Memory Usage (436632K) : metal5_diffprb has 0 polygons
2026-05-25 12:43:28 +0200: Memory Usage (436632K) : radhard_drw has 0 polygons
2026-05-25 12:43:28 +0200: Memory Usage (436760K) : memcap_drw has 0 polygons
2026-05-25 12:43:28 +0200: Memory Usage (436760K) : varicap_drw has 0 polygons
2026-05-25 12:43:28 +0200: Memory Usage (436760K) : flash_drw has 0 polygons
2026-05-25 12:43:28 +0200: Memory Usage (436888K) : intbondvia_drw has 0 polygons
2026-05-25 12:43:28 +0200: Memory Usage (436888K) : intbondmet_drw has 0 polygons
2026-05-25 12:43:28 +0200: Memory Usage (437016K) : devbondvia_drw has 0 polygons
2026-05-25 12:43:28 +0200: Memory Usage (437016K) : devbondmet_drw has 0 polygons
2026-05-25 12:43:28 +0200: Memory Usage (437144K) : devtrench_drw has 0 polygons
2026-05-25 12:43:28 +0200: Memory Usage (437144K) : redist_drw has 0 polygons
2026-05-25 12:43:28 +0200: Memory Usage (437144K) : graphbot_drw has 0 polygons
2026-05-25 12:43:28 +0200: Memory Usage (437272K) : graphtop_drw has 0 polygons
2026-05-25 12:43:28 +0200: Memory Usage (437272K) : antvia1_drw has 0 polygons
2026-05-25 12:43:28 +0200: Memory Usage (437400K) : antmetal2_drw has 0 polygons
2026-05-25 12:43:28 +0200: Memory Usage (437400K) : graphcont_drw has 0 polygons
2026-05-25 12:43:28 +0200: Memory Usage (437400K) : siwg_drw has 0 polygons
2026-05-25 12:43:28 +0200: Memory Usage (437528K) : siwg_filler has 0 polygons
2026-05-25 12:43:28 +0200: Memory Usage (437528K) : siwg_nofill has 0 polygons
2026-05-25 12:43:28 +0200: Memory Usage (437528K) : sigrating_drw has 0 polygons
2026-05-25 12:43:28 +0200: Memory Usage (437528K) : singrating_drw has 0 polygons
2026-05-25 12:43:28 +0200: Memory Usage (437656K) : graphpas_drw has 0 polygons
2026-05-25 12:43:28 +0200: Memory Usage (437656K) : emwind3_drw has 0 polygons
2026-05-25 12:43:28 +0200: Memory Usage (437784K) : emwihv3_drw has 0 polygons
2026-05-25 12:43:28 +0200: Memory Usage (437784K) : redbulay_drw has 0 polygons
2026-05-25 12:43:28 +0200: Memory Usage (437784K) : smos_drw has 0 polygons
2026-05-25 12:43:28 +0200: Memory Usage (437912K) : graphpad_drw has 0 polygons
2026-05-25 12:43:28 +0200: Memory Usage (437912K) : polimide_drw has 0 polygons
2026-05-25 12:43:28 +0200: Memory Usage (438040K) : polimide_pin has 0 polygons
2026-05-25 12:43:28 +0200: Memory Usage (438040K) : recog_drw has 0 polygons
2026-05-25 12:43:28 +0200: Memory Usage (438168K) : recog_pin has 0 polygons
2026-05-25 12:43:28 +0200: Memory Usage (438168K) : recog_esd has 0 polygons
2026-05-25 12:43:28 +0200: Memory Usage (438168K) : recog_diode has 0 polygons
2026-05-25 12:43:28 +0200: Memory Usage (438296K) : recog_tsv has 0 polygons
2026-05-25 12:43:28 +0200: Memory Usage (438296K) : recog_iprobe has 0 polygons
2026-05-25 12:43:28 +0200: Memory Usage (438424K) : recog_diffprb has 0 polygons
2026-05-25 12:43:28 +0200: Memory Usage (438424K) : recog_pillar has 0 polygons
2026-05-25 12:43:28 +0200: Memory Usage (438552K) : recog_sbump has 0 polygons
2026-05-25 12:43:28 +0200: Memory Usage (438552K) : recog_otp has 0 polygons
2026-05-25 12:43:28 +0200: Memory Usage (438552K) : recog_pdiode has 0 polygons
2026-05-25 12:43:28 +0200: Memory Usage (438680K) : recog_mom has 0 polygons
2026-05-25 12:43:28 +0200: Memory Usage (438680K) : recog_pcm has 0 polygons
2026-05-25 12:43:28 +0200: Memory Usage (438808K) : colopen_drw has 0 polygons
2026-05-25 12:43:28 +0200: Memory Usage (438808K) : graphmetal1_drw has 0 polygons
2026-05-25 12:43:28 +0200: Memory Usage (438808K) : graphmetal1_filler has 0 polygons
2026-05-25 12:43:28 +0200: Memory Usage (438936K) : graphmetal1_nofill has 0 polygons
2026-05-25 12:43:28 +0200: Memory Usage (438936K) : graphmetal1_slit has 0 polygons
2026-05-25 12:43:28 +0200: Memory Usage (439064K) : graphmetal1_opc has 0 polygons
2026-05-25 12:43:28 +0200: Memory Usage (439064K) : graphmet1l_drw has 0 polygons
2026-05-25 12:43:28 +0200: Memory Usage (439192K) : graphmet1l_filler has 0 polygons
2026-05-25 12:43:28 +0200: Memory Usage (439192K) : graphmet1l_nofill has 0 polygons
2026-05-25 12:43:28 +0200: Memory Usage (439192K) : graphmet1l_slit has 0 polygons
2026-05-25 12:43:28 +0200: Memory Usage (439320K) : graphmet1l_opc has 0 polygons
2026-05-25 12:43:28 +0200: Memory Usage (439320K) : extblock_drw has 0 polygons
2026-05-25 12:43:28 +0200: Memory Usage (439448K) : nldd_drw has 0 polygons
2026-05-25 12:43:28 +0200: Memory Usage (439448K) : pldd_drw has 0 polygons
2026-05-25 12:43:28 +0200: Memory Usage (439448K) : next_drw has 0 polygons
2026-05-25 12:43:28 +0200: Memory Usage (439576K) : pext_drw has 0 polygons
2026-05-25 12:43:28 +0200: Memory Usage (439576K) : nexthv_drw has 0 polygons
2026-05-25 12:43:28 +0200: Memory Usage (439704K) : pexthv_drw has 0 polygons
2026-05-25 12:43:28 +0200: Memory Usage (439704K) : graphgate_drw has 0 polygons
2026-05-25 12:43:28 +0200: Memory Usage (439832K) : sinwg_drw has 0 polygons
2026-05-25 12:43:28 +0200: Memory Usage (439832K) : sinwg_filler has 0 polygons
2026-05-25 12:43:28 +0200: Memory Usage (439832K) : sinwg_nofill has 0 polygons
2026-05-25 12:43:28 +0200: Memory Usage (439960K) : mempad_drw has 0 polygons
2026-05-25 12:43:28 +0200: Memory Usage (439960K) : topvia1_drw has 6 polygons
2026-05-25 12:43:28 +0200: Memory Usage (440088K) : topmetal1_drw has 412 polygons
2026-05-25 12:43:28 +0200: Memory Usage (440088K) : topmetal1_pin has 1 polygons
2026-05-25 12:43:28 +0200: Memory Usage (440216K) : topmetal1_mask has 0 polygons
2026-05-25 12:43:28 +0200: Memory Usage (440216K) : topmetal1_filler has 0 polygons
2026-05-25 12:43:28 +0200: Memory Usage (440216K) : topmetal1_nofill has 0 polygons
2026-05-25 12:43:28 +0200: Memory Usage (440344K) : topmetal1_slit has 0 polygons
2026-05-25 12:43:28 +0200: Memory Usage (440344K) : topmetal1_text has 1 polygons
2026-05-25 12:43:28 +0200: Memory Usage (440472K) : topmetal1_noqrc has 0 polygons
2026-05-25 12:43:28 +0200: Memory Usage (440472K) : topmetal1_res has 0 polygons
2026-05-25 12:43:28 +0200: Memory Usage (440472K) : topmetal1_iprobe has 0 polygons
2026-05-25 12:43:28 +0200: Memory Usage (440600K) : topmetal1_diffprb has 0 polygons
2026-05-25 12:43:28 +0200: Memory Usage (440600K) : inldpwl_drw has 0 polygons
2026-05-25 12:43:28 +0200: Memory Usage (440728K) : polyres_drw has 0 polygons
2026-05-25 12:43:28 +0200: Memory Usage (440728K) : polyres_pin has 0 polygons
2026-05-25 12:43:28 +0200: Memory Usage (440856K) : vmim_drw has 4864 polygons
2026-05-25 12:43:28 +0200: Memory Usage (440856K) : nbulaycut_drw has 0 polygons
2026-05-25 12:43:28 +0200: Memory Usage (440856K) : antmetal1_drw has 0 polygons
2026-05-25 12:43:28 +0200: Memory Usage (440984K) : topvia2_drw has 0 polygons
2026-05-25 12:43:28 +0200: Memory Usage (440984K) : topmetal2_drw has 0 polygons
2026-05-25 12:43:28 +0200: Memory Usage (441112K) : topmetal2_pin has 0 polygons
2026-05-25 12:43:28 +0200: Memory Usage (441112K) : topmetal2_mask has 0 polygons
2026-05-25 12:43:28 +0200: Memory Usage (441240K) : topmetal2_filler has 0 polygons
2026-05-25 12:43:28 +0200: Memory Usage (441240K) : topmetal2_nofill has 0 polygons
2026-05-25 12:43:28 +0200: Memory Usage (441240K) : topmetal2_slit has 0 polygons
2026-05-25 12:43:28 +0200: Memory Usage (441368K) : topmetal2_text has 0 polygons
2026-05-25 12:43:28 +0200: Memory Usage (441368K) : topmetal2_noqrc has 0 polygons
2026-05-25 12:43:28 +0200: Memory Usage (441496K) : topmetal2_res has 0 polygons
2026-05-25 12:43:28 +0200: Memory Usage (441496K) : topmetal2_iprobe has 0 polygons
2026-05-25 12:43:28 +0200: Memory Usage (441496K) : topmetal2_diffprb has 0 polygons
2026-05-25 12:43:28 +0200: Memory Usage (441624K) : snsring_drw has 0 polygons
2026-05-25 12:43:28 +0200: Memory Usage (441624K) : sensor_drw has 0 polygons
2026-05-25 12:43:28 +0200: Memory Usage (441752K) : snsarms_drw has 0 polygons
2026-05-25 12:43:28 +0200: Memory Usage (441752K) : snscmosvia_drw has 0 polygons
2026-05-25 12:43:28 +0200: Memory Usage (441880K) : colwind_drw has 0 polygons
2026-05-25 12:43:28 +0200: Memory Usage (441880K) : flm_drw has 0 polygons
2026-05-25 12:43:28 +0200: Memory Usage (441880K) : hafniumox_drw has 0 polygons
2026-05-25 12:43:28 +0200: Memory Usage (442008K) : memvia_drw has 0 polygons
2026-05-25 12:43:28 +0200: Memory Usage (442008K) : thinfilmres_drw has 0 polygons
2026-05-25 12:43:28 +0200: Memory Usage (442136K) : rfmem_drw has 0 polygons
2026-05-25 12:43:28 +0200: Memory Usage (442136K) : norcx_drw has 0 polygons
2026-05-25 12:43:28 +0200: Memory Usage (442136K) : norcx_m2m3 has 0 polygons
2026-05-25 12:43:28 +0200: Memory Usage (442264K) : norcx_m2m4 has 0 polygons
2026-05-25 12:43:28 +0200: Memory Usage (442264K) : norcx_m2m5 has 0 polygons
2026-05-25 12:43:28 +0200: Memory Usage (442392K) : norcx_m2tm1 has 0 polygons
2026-05-25 12:43:28 +0200: Memory Usage (442392K) : norcx_m2tm2 has 0 polygons
2026-05-25 12:43:28 +0200: Memory Usage (442392K) : norcx_m3m4 has 0 polygons
2026-05-25 12:43:28 +0200: Memory Usage (442392K) : norcx_m3m5 has 0 polygons
2026-05-25 12:43:28 +0200: Memory Usage (442392K) : norcx_m3tm1 has 0 polygons
2026-05-25 12:43:28 +0200: Memory Usage (442392K) : norcx_m3tm2 has 0 polygons
2026-05-25 12:43:28 +0200: Memory Usage (442520K) : norcx_m4m5 has 0 polygons
2026-05-25 12:43:28 +0200: Memory Usage (442520K) : norcx_m4tm1 has 0 polygons
2026-05-25 12:43:28 +0200: Memory Usage (442520K) : norcx_m4tm2 has 0 polygons
2026-05-25 12:43:28 +0200: Memory Usage (442520K) : norcx_m5tm1 has 0 polygons
2026-05-25 12:43:28 +0200: Memory Usage (442648K) : norcx_m5tm2 has 0 polygons
2026-05-25 12:43:28 +0200: Memory Usage (442648K) : norcx_tm1tm2 has 0 polygons
2026-05-25 12:43:28 +0200: Memory Usage (442776K) : norcx_m1sub has 0 polygons
2026-05-25 12:43:28 +0200: Memory Usage (442776K) : norcx_m2sub has 0 polygons
2026-05-25 12:43:28 +0200: Memory Usage (442904K) : norcx_m3sub has 0 polygons
2026-05-25 12:43:28 +0200: Memory Usage (442904K) : norcx_m4sub has 0 polygons
2026-05-25 12:43:28 +0200: Memory Usage (442904K) : norcx_m5sub has 0 polygons
2026-05-25 12:43:28 +0200: Memory Usage (443032K) : norcx_tm1sub has 0 polygons
2026-05-25 12:43:28 +0200: Memory Usage (443032K) : norcx_tm2sub has 0 polygons
2026-05-25 12:43:28 +0200: Memory Usage (443160K) : snsbotvia_drw has 0 polygons
2026-05-25 12:43:28 +0200: Memory Usage (443160K) : snstopvia_drw has 0 polygons
2026-05-25 12:43:28 +0200: Memory Usage (443160K) : deepvia_drw has 0 polygons
2026-05-25 12:43:28 +0200: Memory Usage (443288K) : fgetch_drw has 0 polygons
2026-05-25 12:43:28 +0200: Memory Usage (443288K) : ctrgat_drw has 0 polygons
2026-05-25 12:43:28 +0200: Memory Usage (443416K) : fgimp_drw has 0 polygons
2026-05-25 12:43:28 +0200: Memory Usage (443416K) : emwihv_drw has 0 polygons
2026-05-25 12:43:28 +0200: Memory Usage (443416K) : lbe_drw has 0 polygons
2026-05-25 12:43:28 +0200: Memory Usage (443544K) : alcustop_drw has 0 polygons
2026-05-25 12:43:28 +0200: Memory Usage (443544K) : nometfiller_drw has 0 polygons
2026-05-25 12:43:28 +0200: Memory Usage (443672K) : prboundary_drw has 0 polygons
2026-05-25 12:43:28 +0200: Memory Usage (443672K) : exchange0_drw has 0 polygons
2026-05-25 12:43:28 +0200: Memory Usage (443672K) : exchange0_pin has 0 polygons
2026-05-25 12:43:28 +0200: Memory Usage (443800K) : exchange0_text has 0 polygons
2026-05-25 12:43:28 +0200: Memory Usage (443800K) : exchange1_drw has 0 polygons
2026-05-25 12:43:28 +0200: Memory Usage (443800K) : exchange1_pin has 0 polygons
2026-05-25 12:43:28 +0200: Memory Usage (443928K) : exchange1_text has 0 polygons
2026-05-25 12:43:28 +0200: Memory Usage (443928K) : exchange2_drw has 0 polygons
2026-05-25 12:43:28 +0200: Memory Usage (444056K) : exchange2_pin has 0 polygons
2026-05-25 12:43:28 +0200: Memory Usage (444056K) : exchange2_text has 0 polygons
2026-05-25 12:43:28 +0200: Memory Usage (444184K) : exchange3_drw has 0 polygons
2026-05-25 12:43:28 +0200: Memory Usage (444184K) : exchange3_pin has 0 polygons
2026-05-25 12:43:28 +0200: Memory Usage (444184K) : exchange3_text has 0 polygons
2026-05-25 12:43:28 +0200: Memory Usage (444312K) : exchange4_drw has 0 polygons
2026-05-25 12:43:28 +0200: Memory Usage (444312K) : exchange4_pin has 0 polygons
2026-05-25 12:43:28 +0200: Memory Usage (444440K) : exchange4_text has 0 polygons
2026-05-25 12:43:28 +0200: Memory Usage (444440K) : isonwell_drw has 0 polygons
2026-05-25 12:43:28 +0200: Memory Usage (444440K) : Total no. of polygons in the design is 10907
2026-05-25 12:43:28 +0200: Memory Usage (444440K) : Loaded TECH DRC rules values from /opt/pdks/ihp-sg13g2/libs.tech/klayout/python/sg13g2_pycell_lib/sg13g2_tech_mod.json
2026-05-25 12:43:28 +0200: Memory Usage (444440K) : Loaded default DRC rules values from /opt/pdks/ihp-sg13g2/libs.tech/klayout/tech/drc/rule_decks/sg13g2_tech_default.json
2026-05-25 12:43:28 +0200: Memory Usage (444440K) : The following rules values were missing in tech json and default values were used:
2026-05-25 12:43:28 +0200: Memory Usage (444440K) :   - Cnt_c_digibnd
2026-05-25 12:43:28 +0200: Memory Usage (445848K) : Total area of the design is 28429.459525 um^2.
2026-05-25 12:43:28 +0200: Memory Usage (445848K) : The design dimensions are 205.705 µm * 138.20499999999998 µm.
2026-05-25 12:43:28 +0200: Memory Usage (445848K) : Starting general IHP-SG13G2 derivations.
2026-05-25 12:43:28 +0200: Memory Usage (445848K) : Starting Pwell derivations
2026-05-25 12:43:28 +0200: Memory Usage (448280K) : Starting n-Activ derivations
2026-05-25 12:43:28 +0200: Memory Usage (448664K) : Starting p-Activ derivations
2026-05-25 12:43:28 +0200: Memory Usage (448792K) : Starting ptap derivations
2026-05-25 12:43:28 +0200: Memory Usage (448792K) : Starting ntap derivations
2026-05-25 12:43:28 +0200: Memory Usage (448792K) : Starting pact FET derivations
2026-05-25 12:43:28 +0200: Memory Usage (448920K) : Starting nact FET derivations
2026-05-25 12:43:28 +0200: Memory Usage (448920K) : Starting Gate derivations
2026-05-25 12:43:28 +0200: Memory Usage (449048K) : Starting cont/contbar general derivations
2026-05-25 12:43:28 +0200: Memory Usage (449560K) : Starting pad general derivations
2026-05-25 12:43:28 +0200: Memory Usage (449560K) : Starting IHP-SG13G2 DRC connectivity related derivations.
2026-05-25 12:43:28 +0200: Memory Usage (450456K) : Starting IHP-SG13G2 DRC connectivity setup
2026-05-25 12:43:28 +0200: Memory Usage (450712K) : Starting IHP-SG13G2 DRC rules.
2026-05-25 12:43:28 +0200: Memory Usage (450712K) : Running all FEOL rules
2026-05-25 12:43:28 +0200: Memory Usage (450712K) : Running all BEOL rules
2026-05-25 12:43:28 +0200: Memory Usage (450712K) : Running all PIN rules
2026-05-25 12:43:28 +0200: Memory Usage (450712K) : Running all FORBIDDEN rules
2026-05-25 12:43:28 +0200: Memory Usage (450712K) : Starting 5.1 NWell table
2026-05-25 12:43:28 +0200: Memory Usage (450712K) : Executing rule NW.b
2026-05-25 12:43:28 +0200: Memory Usage (451224K) : Executing rule NW.b1
2026-05-25 12:43:28 +0200: Memory Usage (451480K) : Starting 5.2 PWell:block
2026-05-25 12:43:28 +0200: Memory Usage (451480K) : Executing rule PWB.e
2026-05-25 12:43:28 +0200: Memory Usage (451608K) : Executing rule PWB.e1
2026-05-25 12:43:28 +0200: Memory Usage (451864K) : Executing rule PWB.f
2026-05-25 12:43:28 +0200: Memory Usage (451992K) : Executing rule PWB.f1
2026-05-25 12:43:28 +0200: Memory Usage (452504K) : Starting 5.3 nBuLay table
2026-05-25 12:43:28 +0200: Memory Usage (452760K) : Executing rule NBL.b
2026-05-25 12:43:28 +0200: Memory Usage (452760K) : Executing rule NBL.c
2026-05-25 12:43:28 +0200: Memory Usage (453016K) : Executing rule NBL.d
2026-05-25 12:43:28 +0200: Memory Usage (453272K) : Executing rule NBL.e
2026-05-25 12:43:28 +0200: Memory Usage (453528K) : Executing rule NBL.f
2026-05-25 12:43:28 +0200: Memory Usage (453656K) : Starting 5.5. Activ table
2026-05-25 12:43:28 +0200: Memory Usage (453656K) : Executing rule Act.a
2026-05-25 12:43:28 +0200: Memory Usage (453784K) : Executing rule Act.b
2026-05-25 12:43:28 +0200: Memory Usage (453912K) : Starting 5.6 Activ:filler table
2026-05-25 12:43:28 +0200: Memory Usage (454040K) : Executing rule AFil.c1
2026-05-25 12:43:28 +0200: Memory Usage (454168K) : Executing rule AFil.c
2026-05-25 12:43:28 +0200: Memory Usage (454296K) : Executing rule AFil.d
2026-05-25 12:43:28 +0200: Memory Usage (454552K) : Executing rule AFil.e
2026-05-25 12:43:28 +0200: Memory Usage (454680K) : Executing rule AFil.j
2026-05-25 12:43:28 +0200: Memory Usage (455064K) : Starting 5.7. ThickGateOx table
2026-05-25 12:43:28 +0200: Memory Usage (455064K) : Executing rule TGO.f
2026-05-25 12:43:28 +0200: Memory Usage (455064K) : Starting 5.8. GatPoly table
2026-05-25 12:43:28 +0200: Memory Usage (455064K) : Executing rule Gat.a
2026-05-25 12:43:28 +0200: Memory Usage (455192K) : Executing rule Gat.b
2026-05-25 12:43:28 +0200: Memory Usage (455320K) : Executing rule Gat.d
2026-05-25 12:43:28 +0200: Memory Usage (455320K) : Executing rule Gat.a1
2026-05-25 12:43:28 +0200: Memory Usage (455960K) : Executing rule Gat.a2
2026-05-25 12:43:28 +0200: Memory Usage (455960K) : Executing rule Gat.g
2026-05-25 12:43:28 +0200: Memory Usage (455960K) : Starting 5.9 GatPoly:filler
2026-05-25 12:43:28 +0200: Memory Usage (455960K) : Executing rule GFil.d
2026-05-25 12:43:28 +0200: Memory Usage (455960K) : Executing rule GFil.e
2026-05-25 12:43:28 +0200: Memory Usage (455960K) : Executing rule GFil.i
2026-05-25 12:43:28 +0200: Memory Usage (455960K) : Starting 5.10 pSD table
2026-05-25 12:43:28 +0200: Memory Usage (455960K) : Executing rule pSD.c1
2026-05-25 12:43:28 +0200: Memory Usage (455960K) : Starting 5.14. Cont table
2026-05-25 12:43:28 +0200: Memory Usage (455960K) : Executing rule Cnt.a
2026-05-25 12:43:28 +0200: Memory Usage (455960K) : Executing rule Cnt.b
2026-05-25 12:43:28 +0200: Memory Usage (456088K) : Executing rule Cnt.c
2026-05-25 12:43:28 +0200: Memory Usage (456088K) : Executing rule Cnt.c
2026-05-25 12:43:28 +0200: Memory Usage (456088K) : Executing rule Cnt.d
2026-05-25 12:43:28 +0200: Memory Usage (456088K) : Executing rule Cnt.e
2026-05-25 12:43:28 +0200: Memory Usage (456088K) : Executing rule Cnt.g1
2026-05-25 12:43:28 +0200: Memory Usage (456088K) : Executing rule Cnt.g2
2026-05-25 12:43:28 +0200: Memory Usage (456088K) : Starting 5.15. ContBar table
2026-05-25 12:43:28 +0200: Memory Usage (456088K) : Executing rule CntB.b1
2026-05-25 12:43:28 +0200: Memory Usage (456088K) : Executing rule CntB.h1
2026-05-25 12:43:28 +0200: Memory Usage (456088K) : Starting 6.1.3 NPN Substrate-Tie table
2026-05-25 12:43:28 +0200: Memory Usage (456088K) : Executing rule npn13G2.bR 
2026-05-25 12:43:28 +0200: Memory Usage (456088K) : Executing rule npn13G2L.cR 
2026-05-25 12:43:28 +0200: Memory Usage (456088K) : Executing rule npn13G2V.cR 
2026-05-25 12:43:28 +0200: Memory Usage (456088K) : Starting 6.7 Schottky diode table
2026-05-25 12:43:28 +0200: Memory Usage (456088K) : Executing rule Sdiod.d
2026-05-25 12:43:28 +0200: Memory Usage (456088K) : Executing rule Sdiod.e
2026-05-25 12:43:28 +0200: Memory Usage (456088K) : Starting 7.2 Latch-up table
2026-05-25 12:43:28 +0200: Memory Usage (456088K) : Executing rule LU.b
2026-05-25 12:43:28 +0200: Memory Usage (456088K) : Starting 5.16. Metal1 table
2026-05-25 12:43:28 +0200: Memory Usage (456088K) : Executing rule M1.a
2026-05-25 12:43:28 +0200: Memory Usage (456088K) : Executing rule M1.b
2026-05-25 12:43:28 +0200: Memory Usage (456088K) : Executing rule M1.e
2026-05-25 12:43:28 +0200: Memory Usage (456088K) : Executing rule M1.f
2026-05-25 12:43:28 +0200: Memory Usage (456088K) : Executing rule M1.g
2026-05-25 12:43:28 +0200: Memory Usage (456088K) : Executing rule M1.i
2026-05-25 12:43:28 +0200: Memory Usage (456088K) : Starting 5.17 Metaln table
2026-05-25 12:43:28 +0200: Memory Usage (456088K) : Executing rule M2.a
2026-05-25 12:43:28 +0200: Memory Usage (456088K) : Executing rule M2.b
2026-05-25 12:43:28 +0200: Memory Usage (456088K) : Executing rule M2.e
2026-05-25 12:43:28 +0200: Memory Usage (456088K) : Executing rule M2.f
2026-05-25 12:43:28 +0200: Memory Usage (456088K) : Executing rule M2.g
2026-05-25 12:43:28 +0200: Memory Usage (456088K) : Executing rule M2.i
2026-05-25 12:43:28 +0200: Memory Usage (456088K) : Executing rule M3.a
2026-05-25 12:43:28 +0200: Memory Usage (456088K) : Executing rule M3.b
2026-05-25 12:43:28 +0200: Memory Usage (456088K) : Executing rule M3.e
2026-05-25 12:43:28 +0200: Memory Usage (456088K) : Executing rule M3.f
2026-05-25 12:43:28 +0200: Memory Usage (456088K) : Executing rule M3.g
2026-05-25 12:43:28 +0200: Memory Usage (456088K) : Executing rule M3.i
2026-05-25 12:43:28 +0200: Memory Usage (456088K) : Executing rule M4.a
2026-05-25 12:43:28 +0200: Memory Usage (456088K) : Executing rule M4.b
2026-05-25 12:43:28 +0200: Memory Usage (456088K) : Executing rule M4.e
2026-05-25 12:43:28 +0200: Memory Usage (456088K) : Executing rule M4.f
2026-05-25 12:43:28 +0200: Memory Usage (456088K) : Executing rule M4.g
2026-05-25 12:43:28 +0200: Memory Usage (456088K) : Executing rule M4.i
2026-05-25 12:43:28 +0200: Memory Usage (456088K) : Executing rule M5.a
2026-05-25 12:43:28 +0200: Memory Usage (456088K) : Executing rule M5.b
2026-05-25 12:43:29 +0200: Memory Usage (456088K) : Executing rule M5.e
2026-05-25 12:43:29 +0200: Memory Usage (456088K) : Executing rule M5.f
2026-05-25 12:43:29 +0200: Memory Usage (456088K) : Executing rule M5.g
2026-05-25 12:43:29 +0200: Memory Usage (456088K) : Executing rule M5.i
2026-05-25 12:43:29 +0200: Memory Usage (456088K) : Starting 5.18 Metaln:filler table
2026-05-25 12:43:29 +0200: Memory Usage (456088K) : Executing rule M1Fil.c
2026-05-25 12:43:29 +0200: Memory Usage (456088K) : Executing rule M1Fil.a2
2026-05-25 12:43:29 +0200: Memory Usage (456088K) : Executing rule M2Fil.c
2026-05-25 12:43:29 +0200: Memory Usage (456088K) : Executing rule M2Fil.a2
2026-05-25 12:43:29 +0200: Memory Usage (456088K) : Executing rule M3Fil.c
2026-05-25 12:43:29 +0200: Memory Usage (456088K) : Executing rule M3Fil.a2
2026-05-25 12:43:29 +0200: Memory Usage (456088K) : Executing rule M4Fil.c
2026-05-25 12:43:29 +0200: Memory Usage (456088K) : Executing rule M4Fil.a2
2026-05-25 12:43:29 +0200: Memory Usage (456088K) : Executing rule M5Fil.c
2026-05-25 12:43:29 +0200: Memory Usage (456088K) : Executing rule M5Fil.a2
2026-05-25 12:43:29 +0200: Memory Usage (456088K) : Starting 5.19. Via1 table
2026-05-25 12:43:29 +0200: Memory Usage (456088K) : Starting 5.19. Via1 table derivations
2026-05-25 12:43:29 +0200: Memory Usage (456088K) : Executing rule V1.a
2026-05-25 12:43:29 +0200: Memory Usage (456088K) : Executing rule V1.b
2026-05-25 12:43:29 +0200: Memory Usage (456088K) : Executing rule V1.c
2026-05-25 12:43:29 +0200: Memory Usage (456088K) : Starting 5.20. Vian table
2026-05-25 12:43:29 +0200: Memory Usage (456088K) : Executing rule V2.a
2026-05-25 12:43:29 +0200: Memory Usage (456088K) : Executing rule V2.b
2026-05-25 12:43:29 +0200: Memory Usage (456088K) : Executing rule V2.c
2026-05-25 12:43:29 +0200: Memory Usage (456088K) : Executing rule V3.a
2026-05-25 12:43:29 +0200: Memory Usage (456088K) : Executing rule V3.b
2026-05-25 12:43:29 +0200: Memory Usage (456088K) : Executing rule V3.c
2026-05-25 12:43:29 +0200: Memory Usage (456088K) : Executing rule V4.a
2026-05-25 12:43:29 +0200: Memory Usage (456088K) : Executing rule V4.b
2026-05-25 12:43:29 +0200: Memory Usage (456088K) : Executing rule V4.c
2026-05-25 12:43:29 +0200: Memory Usage (456088K) : Starting 5.21. TopVia1 table
2026-05-25 12:43:29 +0200: Memory Usage (456088K) : Executing rule TV1.a
2026-05-25 12:43:29 +0200: Memory Usage (456088K) : Executing rule TV1.b
2026-05-25 12:43:29 +0200: Memory Usage (456088K) : Executing rule TV1.c
2026-05-25 12:43:29 +0200: Memory Usage (456088K) : Executing rule TV1.d
2026-05-25 12:43:29 +0200: Memory Usage (456088K) : Starting 5.22. TopMetal1 table
2026-05-25 12:43:29 +0200: Memory Usage (456088K) : Executing rule TM1.a
2026-05-25 12:43:29 +0200: Memory Usage (456088K) : Executing rule TM1.b
2026-05-25 12:43:29 +0200: Memory Usage (456344K) : Starting 5.23 TopMetal1:filler table
2026-05-25 12:43:29 +0200: Memory Usage (456344K) : Executing rule TM1Fil.c
2026-05-25 12:43:29 +0200: Memory Usage (456344K) : Executing rule TM1Fil.a1
2026-05-25 12:43:29 +0200: Memory Usage (456344K) : Starting 5.24. TopVia2 table
2026-05-25 12:43:29 +0200: Memory Usage (456344K) : Executing rule TV2.a
2026-05-25 12:43:29 +0200: Memory Usage (456344K) : Executing rule TV2.b
2026-05-25 12:43:29 +0200: Memory Usage (456344K) : Executing rule TV2.c
2026-05-25 12:43:29 +0200: Memory Usage (456344K) : Executing rule TV2.d
2026-05-25 12:43:29 +0200: Memory Usage (456344K) : Starting 5.25. TopMetal2 table
2026-05-25 12:43:29 +0200: Memory Usage (456344K) : Executing rule TM2.a
2026-05-25 12:43:29 +0200: Memory Usage (456344K) : Executing rule TM2.b
2026-05-25 12:43:29 +0200: Memory Usage (456344K) : Executing rule TM2.bR
2026-05-25 12:43:29 +0200: Memory Usage (456344K) : Starting 5.26 TopMetal2:filler table
2026-05-25 12:43:29 +0200: Memory Usage (456344K) : Executing rule TM2Fil.c
2026-05-25 12:43:29 +0200: Memory Usage (456344K) : Executing rule TM2Fil.a1
2026-05-25 12:43:29 +0200: Memory Usage (456344K) : Starting 5.27. Passiv table
2026-05-25 12:43:29 +0200: Memory Usage (456344K) : Executing rule Pas.a
2026-05-25 12:43:29 +0200: Memory Usage (456344K) : Executing rule Pas.b
2026-05-25 12:43:29 +0200: Memory Usage (456344K) : Executing rule Pas.c
2026-05-25 12:43:29 +0200: Memory Usage (456344K) : Starting 6.9.2 Copper Pillar table
2026-05-25 12:43:29 +0200: Memory Usage (456344K) : Executing rule Padc.a
2026-05-25 12:43:29 +0200: Memory Usage (456344K) : Executing rule Padc.b
2026-05-25 12:43:29 +0200: Memory Usage (456344K) : Executing rule Padc.c
2026-05-25 12:43:29 +0200: Memory Usage (456344K) : Executing rule Padb.f
2026-05-25 12:43:29 +0200: Memory Usage (456344K) : Starting 6.9 Pad table
2026-05-25 12:43:29 +0200: Memory Usage (456344K) : Executing rule Pad.m
2026-05-25 12:43:29 +0200: Memory Usage (456344K) : Executing rule Pad.fR_M1
2026-05-25 12:43:29 +0200: Memory Usage (456344K) : Executing rule Pad.fR_M2
2026-05-25 12:43:29 +0200: Memory Usage (456344K) : Executing rule Pad.fR_M3
2026-05-25 12:43:29 +0200: Memory Usage (456344K) : Executing rule Pad.fR_M4
2026-05-25 12:43:29 +0200: Memory Usage (456344K) : Executing rule Pad.fR_M5
2026-05-25 12:43:29 +0200: Memory Usage (456344K) : Executing rule Pad.fR_TM1
2026-05-25 12:43:29 +0200: Memory Usage (456344K) : Executing rule Pad.fR_TM2
2026-05-25 12:43:29 +0200: Memory Usage (456344K) : Executing rule Pad.i
2026-05-25 12:43:29 +0200: Memory Usage (456344K) : Starting 6.9.1 Solder Bump
2026-05-25 12:43:29 +0200: Memory Usage (456344K) : Executing rule Padb.a
2026-05-25 12:43:29 +0200: Memory Usage (456344K) : Executing rule Padb.b
2026-05-25 12:43:29 +0200: Memory Usage (456344K) : Executing rule Padb.c
2026-05-25 12:43:29 +0200: Memory Usage (456344K) : Executing rule Padb.f
2026-05-25 12:43:29 +0200: Memory Usage (456344K) : Executing rule Padb.d
2026-05-25 12:43:29 +0200: Memory Usage (456344K) : Starting 6.10 Sealring table
2026-05-25 12:43:29 +0200: Memory Usage (456344K) : Executing rule Seal.l
2026-05-25 12:43:29 +0200: Memory Usage (456344K) : Executing rule Seal.n
2026-05-25 12:43:29 +0200: Memory Usage (456344K) : Executing rule seal.b_metal1
2026-05-25 12:43:29 +0200: Memory Usage (456344K) : Executing rule seal.b_metal2
2026-05-25 12:43:29 +0200: Memory Usage (456344K) : Executing rule seal.b_metal3
2026-05-25 12:43:29 +0200: Memory Usage (456344K) : Executing rule seal.b_metal4
2026-05-25 12:43:29 +0200: Memory Usage (456344K) : Executing rule seal.b_metal5
2026-05-25 12:43:29 +0200: Memory Usage (456344K) : Executing rule seal.b_topmetal1
2026-05-25 12:43:29 +0200: Memory Usage (456344K) : Executing rule seal.b_topmetal2
2026-05-25 12:43:29 +0200: Memory Usage (456344K) : Executing rule seal.b_activ
2026-05-25 12:43:29 +0200: Memory Usage (456344K) : Executing rule seal.b_psd
2026-05-25 12:43:29 +0200: Memory Usage (456344K) : Executing rule Seal.k
2026-05-25 12:43:29 +0200: Memory Usage (456344K) : Executing rule Seal.m
2026-05-25 12:43:29 +0200: Memory Usage (456344K) : Starting 6.11 MIM table
2026-05-25 12:43:29 +0200: Memory Usage (456344K) : Executing rule MIM.c
2026-05-25 12:43:29 +0200: Memory Usage (456344K) : Executing rule MIM.d
2026-05-25 12:43:29 +0200: Memory Usage (456344K) : Executing rule MIM.gR
2026-05-25 12:43:29 +0200: Memory Usage (456344K) : Starting 7.3 Metal Slits table
2026-05-25 12:43:29 +0200: Memory Usage (456344K) : Executing rule Slt.e1_M1
2026-05-25 12:43:29 +0200: Memory Usage (456344K) : Executing rule Slt.e1_M2
2026-05-25 12:43:29 +0200: Memory Usage (456344K) : Executing rule Slt.e1_M3
2026-05-25 12:43:29 +0200: Memory Usage (456344K) : Executing rule Slt.e1_M4
2026-05-25 12:43:29 +0200: Memory Usage (456344K) : Executing rule Slt.e1_M5
2026-05-25 12:43:29 +0200: Memory Usage (456344K) : Executing rule Slt.e1_TM1
2026-05-25 12:43:29 +0200: Memory Usage (456344K) : Executing rule Slt.e1_TM2
2026-05-25 12:43:29 +0200: Memory Usage (456344K) : Starting 9.1. LBE table
2026-05-25 12:43:29 +0200: Memory Usage (456344K) : Executing rule LBE.a
2026-05-25 12:43:29 +0200: Memory Usage (456344K) : Executing rule LBE.b
2026-05-25 12:43:29 +0200: Memory Usage (456344K) : Executing rule LBE.b1
2026-05-25 12:43:29 +0200: Memory Usage (456344K) : Executing rule LBE.c
2026-05-25 12:43:29 +0200: Memory Usage (456344K) : Executing rule LBE.d
2026-05-25 12:43:29 +0200: Memory Usage (456344K) : Executing rule LBE.h
2026-05-25 12:43:29 +0200: Memory Usage (456344K) : Starting 7.4. PIN table
2026-05-25 12:43:29 +0200: Memory Usage (456344K) : Executing rule Pin.a
2026-05-25 12:43:29 +0200: Memory Usage (456344K) : Executing rule Pin.b
2026-05-25 12:43:29 +0200: Memory Usage (456344K) : Executing rule Pin.e
2026-05-25 12:43:29 +0200: Memory Usage (456344K) : Executing rule Pin.f_M2
2026-05-25 12:43:29 +0200: Memory Usage (456344K) : Executing rule Pin.f_M3
2026-05-25 12:43:29 +0200: Memory Usage (456344K) : Executing rule Pin.f_M4
2026-05-25 12:43:29 +0200: Memory Usage (456344K) : Executing rule Pin.f_M5
2026-05-25 12:43:29 +0200: Memory Usage (456344K) : Executing rule Pin.g
2026-05-25 12:43:29 +0200: Memory Usage (456344K) : Executing rule Pin.h
2026-05-25 12:43:29 +0200: Memory Usage (456344K) : Starting 3.2. FORBIDDEN table
2026-05-25 12:43:29 +0200: Memory Usage (456344K) : Executing rule forbidden.biwind
2026-05-25 12:43:29 +0200: Memory Usage (456344K) : Executing rule forbidden.pemwind
2026-05-25 12:43:29 +0200: Memory Usage (456344K) : Executing rule forbidden.baspoly
2026-05-25 12:43:29 +0200: Memory Usage (456344K) : Executing rule forbidden.deepco
2026-05-25 12:43:29 +0200: Memory Usage (456344K) : Executing rule forbidden.pempoly
2026-05-25 12:43:29 +0200: Memory Usage (456344K) : Executing rule forbidden.empoly
2026-05-25 12:43:29 +0200: Memory Usage (456344K) : Executing rule forbidden.ldmos
2026-05-25 12:43:29 +0200: Memory Usage (456344K) : Executing rule forbidden.pbiwind
2026-05-25 12:43:29 +0200: Memory Usage (456344K) : Executing rule forbidden.nodrc
2026-05-25 12:43:29 +0200: Memory Usage (456344K) : Executing rule forbidden.flash
2026-05-25 12:43:29 +0200: Memory Usage (456344K) : Executing rule forbidden.colwind
2026-05-25 12:43:29 +0200: Memory Usage (456344K) : KLayout DRC run for tables 'main' completed in 1.26 seconds
