# Logfile created on 2026-05-25 20:10:46 +0200 by logger.rb/v1.4.3
2026-05-25 20:10:46 +0200: Memory Usage (430748K) : Starting running IHP-SG13G2 KLayout DRC runset on /home/designer/shared/Delta-sigma-adc/gds/first_order_modulator/first_order_modulator.gds
2026-05-25 20:10:46 +0200: Memory Usage (430748K) : Ruby Version for klayout: 3.0.2
2026-05-25 20:10:46 +0200: Memory Usage (431772K) : Loading database to memory is complete.
2026-05-25 20:10:46 +0200: Memory Usage (431772K) : IHP-SG13G2 KLayout DRC runset output at: /home/designer/shared/Delta-sigma-adc/gds/first_order_modulator/drc_run_first_order_modulator/first_order_modulator_first_order_modulator_main.lyrdb
2026-05-25 20:10:46 +0200: Memory Usage (431900K) : Evaluate switches.
2026-05-25 20:10:46 +0200: Memory Usage (431900K) : tables selected: main
2026-05-25 20:10:46 +0200: Memory Usage (431900K) : KLayout will use 1 thread(s) in tiling mode.
2026-05-25 20:10:46 +0200: Memory Usage (431900K) : deep mode is enabled.
2026-05-25 20:10:46 +0200: Memory Usage (431900K) : FEOL enabled: true
2026-05-25 20:10:46 +0200: Memory Usage (431900K) : BEOL enabled: true
2026-05-25 20:10:46 +0200: Memory Usage (431900K) : OFFGRID enabled: true
2026-05-25 20:10:46 +0200: Memory Usage (431900K) : PIN enabled: true
2026-05-25 20:10:46 +0200: Memory Usage (431900K) : FORBIDDEN enabled: true
2026-05-25 20:10:46 +0200: Memory Usage (431900K) : RECOMMENDED enabled: true
2026-05-25 20:10:46 +0200: Memory Usage (431900K) : PreCheck DRC enabled: false
2026-05-25 20:10:46 +0200: Memory Usage (431900K) : CONNECTIVITY_RULES enabled: true.
2026-05-25 20:10:46 +0200: Memory Usage (431900K) : Read in polygons from layers.
2026-05-25 20:10:46 +0200: Memory Usage (432668K) : activ_drw has 229 polygons
2026-05-25 20:10:46 +0200: Memory Usage (432668K) : activ_pin has 0 polygons
2026-05-25 20:10:46 +0200: Memory Usage (432668K) : activ_mask has 0 polygons
2026-05-25 20:10:46 +0200: Memory Usage (432668K) : activ_filler has 0 polygons
2026-05-25 20:10:46 +0200: Memory Usage (432668K) : activ_nofill has 0 polygons
2026-05-25 20:10:46 +0200: Memory Usage (432668K) : activ_opc has 0 polygons
2026-05-25 20:10:46 +0200: Memory Usage (432668K) : activ_iopc has 0 polygons
2026-05-25 20:10:46 +0200: Memory Usage (432668K) : activ_noqrc has 0 polygons
2026-05-25 20:10:46 +0200: Memory Usage (432668K) : biwind_drw has 0 polygons
2026-05-25 20:10:46 +0200: Memory Usage (432668K) : biwind_opc has 0 polygons
2026-05-25 20:10:46 +0200: Memory Usage (432668K) : pemwind_drw has 0 polygons
2026-05-25 20:10:46 +0200: Memory Usage (433180K) : gatpoly_drw has 269 polygons
2026-05-25 20:10:46 +0200: Memory Usage (433180K) : gatpoly_pin has 23 polygons
2026-05-25 20:10:46 +0200: Memory Usage (433180K) : gatpoly_filler has 0 polygons
2026-05-25 20:10:46 +0200: Memory Usage (433180K) : gatpoly_nofill has 0 polygons
2026-05-25 20:10:46 +0200: Memory Usage (433180K) : gatpoly_opc has 0 polygons
2026-05-25 20:10:46 +0200: Memory Usage (433180K) : gatpoly_iopc has 0 polygons
2026-05-25 20:10:46 +0200: Memory Usage (433180K) : gatpoly_noqrc has 0 polygons
2026-05-25 20:10:46 +0200: Memory Usage (433308K) : cont_drw has 4018 polygons
2026-05-25 20:10:46 +0200: Memory Usage (433308K) : cont_opc has 0 polygons
2026-05-25 20:10:46 +0200: Memory Usage (433308K) : nsd_drw has 0 polygons
2026-05-25 20:10:46 +0200: Memory Usage (433308K) : nsd_block has 0 polygons
2026-05-25 20:10:46 +0200: Memory Usage (433308K) : metal1_drw has 574 polygons
2026-05-25 20:10:46 +0200: Memory Usage (433308K) : metal1_pin has 52 polygons
2026-05-25 20:10:46 +0200: Memory Usage (433436K) : metal1_mask has 0 polygons
2026-05-25 20:10:46 +0200: Memory Usage (433436K) : metal1_filler has 0 polygons
2026-05-25 20:10:46 +0200: Memory Usage (433436K) : metal1_nofill has 0 polygons
2026-05-25 20:10:46 +0200: Memory Usage (433436K) : metal1_slit has 0 polygons
2026-05-25 20:10:46 +0200: Memory Usage (433692K) : metal1_text has 8 polygons
2026-05-25 20:10:46 +0200: Memory Usage (433948K) : metal1_opc has 0 polygons
2026-05-25 20:10:46 +0200: Memory Usage (433948K) : metal1_noqrc has 0 polygons
2026-05-25 20:10:46 +0200: Memory Usage (433948K) : metal1_res has 0 polygons
2026-05-25 20:10:46 +0200: Memory Usage (433948K) : metal1_iprobe has 0 polygons
2026-05-25 20:10:46 +0200: Memory Usage (433948K) : metal1_diffprb has 0 polygons
2026-05-25 20:10:46 +0200: Memory Usage (433948K) : passiv_drw has 0 polygons
2026-05-25 20:10:46 +0200: Memory Usage (434076K) : passiv_pin has 0 polygons
2026-05-25 20:10:46 +0200: Memory Usage (434076K) : passiv_sbump has 0 polygons
2026-05-25 20:10:46 +0200: Memory Usage (434076K) : passiv_pillar has 0 polygons
2026-05-25 20:10:46 +0200: Memory Usage (434204K) : passiv_pdl has 0 polygons
2026-05-25 20:10:46 +0200: Memory Usage (434204K) : metal2_drw has 167 polygons
2026-05-25 20:10:46 +0200: Memory Usage (434204K) : metal2_pin has 10 polygons
2026-05-25 20:10:46 +0200: Memory Usage (434204K) : metal2_mask has 0 polygons
2026-05-25 20:10:46 +0200: Memory Usage (434332K) : metal2_filler has 0 polygons
2026-05-25 20:10:46 +0200: Memory Usage (434332K) : metal2_nofill has 0 polygons
2026-05-25 20:10:46 +0200: Memory Usage (434332K) : metal2_slit has 0 polygons
2026-05-25 20:10:46 +0200: Memory Usage (434460K) : metal2_text has 10 polygons
2026-05-25 20:10:46 +0200: Memory Usage (434460K) : metal2_opc has 0 polygons
2026-05-25 20:10:46 +0200: Memory Usage (434460K) : metal2_noqrc has 0 polygons
2026-05-25 20:10:46 +0200: Memory Usage (434588K) : metal2_res has 0 polygons
2026-05-25 20:10:46 +0200: Memory Usage (434588K) : metal2_iprobe has 0 polygons
2026-05-25 20:10:46 +0200: Memory Usage (434588K) : metal2_diffprb has 0 polygons
2026-05-25 20:10:46 +0200: Memory Usage (434716K) : baspoly_drw has 0 polygons
2026-05-25 20:10:46 +0200: Memory Usage (434716K) : baspoly_pin has 0 polygons
2026-05-25 20:10:46 +0200: Memory Usage (434716K) : psd_drw has 34 polygons
2026-05-25 20:10:46 +0200: Memory Usage (434844K) : nldb_drw has 0 polygons
2026-05-25 20:10:46 +0200: Memory Usage (434844K) : digibnd_drw has 0 polygons
2026-05-25 20:10:46 +0200: Memory Usage (434844K) : via1_drw has 339 polygons
2026-05-25 20:10:46 +0200: Memory Usage (434972K) : backmetal1_drw has 0 polygons
2026-05-25 20:10:46 +0200: Memory Usage (434972K) : backmetal1_pin has 0 polygons
2026-05-25 20:10:46 +0200: Memory Usage (434972K) : backmetal1_mask has 0 polygons
2026-05-25 20:10:46 +0200: Memory Usage (435100K) : backmetal1_filler has 0 polygons
2026-05-25 20:10:46 +0200: Memory Usage (435100K) : backmetal1_nofill has 0 polygons
2026-05-25 20:10:46 +0200: Memory Usage (435100K) : backmetal1_slit has 0 polygons
2026-05-25 20:10:46 +0200: Memory Usage (435228K) : backmetal1_text has 0 polygons
2026-05-25 20:10:46 +0200: Memory Usage (435228K) : backmetal1_opc has 0 polygons
2026-05-25 20:10:46 +0200: Memory Usage (435228K) : backmetal1_noqrc has 0 polygons
2026-05-25 20:10:46 +0200: Memory Usage (435356K) : backmetal1_res has 0 polygons
2026-05-25 20:10:46 +0200: Memory Usage (435356K) : backmetal1_iprobe has 0 polygons
2026-05-25 20:10:46 +0200: Memory Usage (435356K) : backmetal1_diffprb has 0 polygons
2026-05-25 20:10:46 +0200: Memory Usage (435484K) : backpassiv_drw has 0 polygons
2026-05-25 20:10:46 +0200: Memory Usage (435484K) : res_drw has 0 polygons
2026-05-25 20:10:46 +0200: Memory Usage (435484K) : sram_drw has 0 polygons
2026-05-25 20:10:46 +0200: Memory Usage (435484K) : trans_drw has 0 polygons
2026-05-25 20:10:46 +0200: Memory Usage (435612K) : ind_drw has 0 polygons
2026-05-25 20:10:46 +0200: Memory Usage (435612K) : ind_pin has 0 polygons
2026-05-25 20:10:46 +0200: Memory Usage (435612K) : ind_text has 0 polygons
2026-05-25 20:10:46 +0200: Memory Usage (435740K) : salblock_drw has 0 polygons
2026-05-25 20:10:46 +0200: Memory Usage (435740K) : via2_drw has 215 polygons
2026-05-25 20:10:46 +0200: Memory Usage (435740K) : metal3_drw has 97 polygons
2026-05-25 20:10:46 +0200: Memory Usage (435868K) : metal3_pin has 0 polygons
2026-05-25 20:10:46 +0200: Memory Usage (435868K) : metal3_mask has 0 polygons
2026-05-25 20:10:46 +0200: Memory Usage (435868K) : metal3_filler has 0 polygons
2026-05-25 20:10:46 +0200: Memory Usage (435996K) : metal3_nofill has 0 polygons
2026-05-25 20:10:46 +0200: Memory Usage (435996K) : metal3_slit has 0 polygons
2026-05-25 20:10:46 +0200: Memory Usage (435996K) : metal3_text has 3 polygons
2026-05-25 20:10:46 +0200: Memory Usage (436124K) : metal3_opc has 0 polygons
2026-05-25 20:10:46 +0200: Memory Usage (436124K) : metal3_noqrc has 0 polygons
2026-05-25 20:10:46 +0200: Memory Usage (436124K) : metal3_res has 0 polygons
2026-05-25 20:10:46 +0200: Memory Usage (436124K) : metal3_iprobe has 0 polygons
2026-05-25 20:10:46 +0200: Memory Usage (436252K) : metal3_diffprb has 0 polygons
2026-05-25 20:10:46 +0200: Memory Usage (436252K) : nwell_drw has 43 polygons
2026-05-25 20:10:46 +0200: Memory Usage (436380K) : nwell_pin has 0 polygons
2026-05-25 20:10:46 +0200: Memory Usage (436380K) : nbulay_drw has 11 polygons
2026-05-25 20:10:46 +0200: Memory Usage (436380K) : nbulay_pin has 0 polygons
2026-05-25 20:10:46 +0200: Memory Usage (436508K) : nbulay_block has 0 polygons
2026-05-25 20:10:46 +0200: Memory Usage (436508K) : emwind_drw has 0 polygons
2026-05-25 20:10:46 +0200: Memory Usage (436508K) : emwind_opc has 0 polygons
2026-05-25 20:10:46 +0200: Memory Usage (436508K) : deepco_drw has 0 polygons
2026-05-25 20:10:46 +0200: Memory Usage (436636K) : deepco_drw has 0 polygons
2026-05-25 20:10:46 +0200: Memory Usage (436636K) : mim_drw has 442 polygons
2026-05-25 20:10:46 +0200: Memory Usage (436764K) : edgeseal_drw has 0 polygons
2026-05-25 20:10:46 +0200: Memory Usage (436764K) : edgeseal_bound has 0 polygons
2026-05-25 20:10:46 +0200: Memory Usage (436764K) : substrate_drw has 17 polygons
2026-05-25 20:10:46 +0200: Memory Usage (436892K) : substrate_text has 0 polygons
2026-05-25 20:10:46 +0200: Memory Usage (436892K) : dfpad_drw has 0 polygons
2026-05-25 20:10:46 +0200: Memory Usage (437020K) : dfpad_pillar has 0 polygons
2026-05-25 20:10:46 +0200: Memory Usage (437020K) : dfpad_sbump has 0 polygons
2026-05-25 20:10:46 +0200: Memory Usage (437020K) : thickgateox_drw has 0 polygons
2026-05-25 20:10:46 +0200: Memory Usage (437148K) : pldb_drw has 0 polygons
2026-05-25 20:10:46 +0200: Memory Usage (437148K) : pwell_drw has 2 polygons
2026-05-25 20:10:46 +0200: Memory Usage (437276K) : pwell_pin has 0 polygons
2026-05-25 20:10:46 +0200: Memory Usage (437276K) : pwell_block has 0 polygons
2026-05-25 20:10:46 +0200: Memory Usage (437404K) : ic_drw has 0 polygons
2026-05-25 20:10:46 +0200: Memory Usage (437404K) : via3_drw has 513 polygons
2026-05-25 20:10:46 +0200: Memory Usage (437404K) : metal4_drw has 40 polygons
2026-05-25 20:10:46 +0200: Memory Usage (437532K) : metal4_pin has 0 polygons
2026-05-25 20:10:46 +0200: Memory Usage (437532K) : metal4_mask has 0 polygons
2026-05-25 20:10:46 +0200: Memory Usage (437660K) : metal4_filler has 0 polygons
2026-05-25 20:10:46 +0200: Memory Usage (437660K) : metal4_nofill has 0 polygons
2026-05-25 20:10:46 +0200: Memory Usage (437660K) : metal4_slit has 0 polygons
2026-05-25 20:10:46 +0200: Memory Usage (437660K) : metal4_text has 0 polygons
2026-05-25 20:10:46 +0200: Memory Usage (437788K) : metal4_opc has 0 polygons
2026-05-25 20:10:46 +0200: Memory Usage (437788K) : metal4_noqrc has 0 polygons
2026-05-25 20:10:46 +0200: Memory Usage (437916K) : metal4_res has 0 polygons
2026-05-25 20:10:46 +0200: Memory Usage (437916K) : metal4_iprobe has 0 polygons
2026-05-25 20:10:46 +0200: Memory Usage (437916K) : metal4_diffprb has 0 polygons
2026-05-25 20:10:46 +0200: Memory Usage (438044K) : heattrans_drw has 112 polygons
2026-05-25 20:10:46 +0200: Memory Usage (438044K) : heatres_drw has 0 polygons
2026-05-25 20:10:46 +0200: Memory Usage (438172K) : pempoly_drw has 0 polygons
2026-05-25 20:10:46 +0200: Memory Usage (438172K) : fbe_drw has 0 polygons
2026-05-25 20:10:46 +0200: Memory Usage (438300K) : empoly_drw has 0 polygons
2026-05-25 20:10:46 +0200: Memory Usage (438300K) : ldmos_drw has 0 polygons
2026-05-25 20:10:46 +0200: Memory Usage (438300K) : pbiwind_drw has 0 polygons
2026-05-25 20:10:46 +0200: Memory Usage (438428K) : digisub_drw has 0 polygons
2026-05-25 20:10:46 +0200: Memory Usage (438428K) : nodrc_drw has 0 polygons
2026-05-25 20:10:46 +0200: Memory Usage (438556K) : text_drw has 41 polygons
2026-05-25 20:10:46 +0200: Memory Usage (438556K) : via4_drw has 96 polygons
2026-05-25 20:10:46 +0200: Memory Usage (438684K) : metal5_drw has 600 polygons
2026-05-25 20:10:46 +0200: Memory Usage (438684K) : metal5_pin has 0 polygons
2026-05-25 20:10:46 +0200: Memory Usage (438684K) : metal5_mask has 0 polygons
2026-05-25 20:10:46 +0200: Memory Usage (438812K) : metal5_filler has 0 polygons
2026-05-25 20:10:46 +0200: Memory Usage (438812K) : metal5_nofill has 0 polygons
2026-05-25 20:10:46 +0200: Memory Usage (438812K) : metal5_slit has 0 polygons
2026-05-25 20:10:46 +0200: Memory Usage (438940K) : metal5_text has 3 polygons
2026-05-25 20:10:46 +0200: Memory Usage (438940K) : metal5_opc has 0 polygons
2026-05-25 20:10:46 +0200: Memory Usage (438940K) : metal5_noqrc has 0 polygons
2026-05-25 20:10:46 +0200: Memory Usage (439068K) : metal5_res has 0 polygons
2026-05-25 20:10:46 +0200: Memory Usage (439068K) : metal5_iprobe has 0 polygons
2026-05-25 20:10:46 +0200: Memory Usage (439068K) : metal5_diffprb has 0 polygons
2026-05-25 20:10:46 +0200: Memory Usage (439196K) : radhard_drw has 0 polygons
2026-05-25 20:10:46 +0200: Memory Usage (439196K) : memcap_drw has 0 polygons
2026-05-25 20:10:46 +0200: Memory Usage (439324K) : varicap_drw has 0 polygons
2026-05-25 20:10:46 +0200: Memory Usage (439324K) : flash_drw has 0 polygons
2026-05-25 20:10:46 +0200: Memory Usage (439452K) : intbondvia_drw has 0 polygons
2026-05-25 20:10:46 +0200: Memory Usage (439452K) : intbondmet_drw has 0 polygons
2026-05-25 20:10:46 +0200: Memory Usage (439452K) : devbondvia_drw has 0 polygons
2026-05-25 20:10:46 +0200: Memory Usage (439580K) : devbondmet_drw has 0 polygons
2026-05-25 20:10:46 +0200: Memory Usage (439580K) : devtrench_drw has 0 polygons
2026-05-25 20:10:46 +0200: Memory Usage (439708K) : redist_drw has 0 polygons
2026-05-25 20:10:46 +0200: Memory Usage (439708K) : graphbot_drw has 0 polygons
2026-05-25 20:10:46 +0200: Memory Usage (439836K) : graphtop_drw has 0 polygons
2026-05-25 20:10:46 +0200: Memory Usage (439836K) : antvia1_drw has 0 polygons
2026-05-25 20:10:46 +0200: Memory Usage (439836K) : antmetal2_drw has 0 polygons
2026-05-25 20:10:46 +0200: Memory Usage (439964K) : graphcont_drw has 0 polygons
2026-05-25 20:10:46 +0200: Memory Usage (439964K) : siwg_drw has 0 polygons
2026-05-25 20:10:46 +0200: Memory Usage (440092K) : siwg_filler has 0 polygons
2026-05-25 20:10:46 +0200: Memory Usage (440092K) : siwg_nofill has 0 polygons
2026-05-25 20:10:46 +0200: Memory Usage (440092K) : sigrating_drw has 0 polygons
2026-05-25 20:10:46 +0200: Memory Usage (440092K) : singrating_drw has 0 polygons
2026-05-25 20:10:46 +0200: Memory Usage (440220K) : graphpas_drw has 0 polygons
2026-05-25 20:10:46 +0200: Memory Usage (440220K) : emwind3_drw has 0 polygons
2026-05-25 20:10:46 +0200: Memory Usage (440220K) : emwihv3_drw has 0 polygons
2026-05-25 20:10:46 +0200: Memory Usage (440348K) : redbulay_drw has 0 polygons
2026-05-25 20:10:46 +0200: Memory Usage (440348K) : smos_drw has 0 polygons
2026-05-25 20:10:46 +0200: Memory Usage (440476K) : graphpad_drw has 0 polygons
2026-05-25 20:10:46 +0200: Memory Usage (440476K) : polimide_drw has 0 polygons
2026-05-25 20:10:46 +0200: Memory Usage (440476K) : polimide_pin has 0 polygons
2026-05-25 20:10:46 +0200: Memory Usage (440604K) : recog_drw has 0 polygons
2026-05-25 20:10:46 +0200: Memory Usage (440604K) : recog_pin has 0 polygons
2026-05-25 20:10:46 +0200: Memory Usage (440732K) : recog_esd has 0 polygons
2026-05-25 20:10:46 +0200: Memory Usage (440732K) : recog_diode has 0 polygons
2026-05-25 20:10:46 +0200: Memory Usage (440860K) : recog_tsv has 0 polygons
2026-05-25 20:10:46 +0200: Memory Usage (440860K) : recog_iprobe has 0 polygons
2026-05-25 20:10:46 +0200: Memory Usage (440860K) : recog_diffprb has 0 polygons
2026-05-25 20:10:46 +0200: Memory Usage (440988K) : recog_pillar has 0 polygons
2026-05-25 20:10:46 +0200: Memory Usage (440988K) : recog_sbump has 0 polygons
2026-05-25 20:10:46 +0200: Memory Usage (441116K) : recog_otp has 0 polygons
2026-05-25 20:10:46 +0200: Memory Usage (441116K) : recog_pdiode has 0 polygons
2026-05-25 20:10:46 +0200: Memory Usage (441116K) : recog_mom has 0 polygons
2026-05-25 20:10:46 +0200: Memory Usage (441244K) : recog_pcm has 0 polygons
2026-05-25 20:10:46 +0200: Memory Usage (441244K) : colopen_drw has 0 polygons
2026-05-25 20:10:46 +0200: Memory Usage (441372K) : graphmetal1_drw has 0 polygons
2026-05-25 20:10:46 +0200: Memory Usage (441372K) : graphmetal1_filler has 0 polygons
2026-05-25 20:10:46 +0200: Memory Usage (441500K) : graphmetal1_nofill has 0 polygons
2026-05-25 20:10:46 +0200: Memory Usage (441500K) : graphmetal1_slit has 0 polygons
2026-05-25 20:10:46 +0200: Memory Usage (441500K) : graphmetal1_opc has 0 polygons
2026-05-25 20:10:46 +0200: Memory Usage (441628K) : graphmet1l_drw has 0 polygons
2026-05-25 20:10:46 +0200: Memory Usage (441628K) : graphmet1l_filler has 0 polygons
2026-05-25 20:10:46 +0200: Memory Usage (441756K) : graphmet1l_nofill has 0 polygons
2026-05-25 20:10:46 +0200: Memory Usage (441756K) : graphmet1l_slit has 0 polygons
2026-05-25 20:10:46 +0200: Memory Usage (441756K) : graphmet1l_opc has 0 polygons
2026-05-25 20:10:46 +0200: Memory Usage (441884K) : extblock_drw has 0 polygons
2026-05-25 20:10:46 +0200: Memory Usage (441884K) : nldd_drw has 0 polygons
2026-05-25 20:10:46 +0200: Memory Usage (442012K) : pldd_drw has 0 polygons
2026-05-25 20:10:46 +0200: Memory Usage (442012K) : next_drw has 0 polygons
2026-05-25 20:10:46 +0200: Memory Usage (442140K) : pext_drw has 0 polygons
2026-05-25 20:10:46 +0200: Memory Usage (442140K) : nexthv_drw has 0 polygons
2026-05-25 20:10:46 +0200: Memory Usage (442140K) : pexthv_drw has 0 polygons
2026-05-25 20:10:46 +0200: Memory Usage (442268K) : graphgate_drw has 0 polygons
2026-05-25 20:10:46 +0200: Memory Usage (442268K) : sinwg_drw has 0 polygons
2026-05-25 20:10:46 +0200: Memory Usage (442396K) : sinwg_filler has 0 polygons
2026-05-25 20:10:46 +0200: Memory Usage (442396K) : sinwg_nofill has 0 polygons
2026-05-25 20:10:46 +0200: Memory Usage (442524K) : mempad_drw has 0 polygons
2026-05-25 20:10:46 +0200: Memory Usage (442524K) : topvia1_drw has 14 polygons
2026-05-25 20:10:46 +0200: Memory Usage (442524K) : topmetal1_drw has 600 polygons
2026-05-25 20:10:46 +0200: Memory Usage (442652K) : topmetal1_pin has 0 polygons
2026-05-25 20:10:46 +0200: Memory Usage (442652K) : topmetal1_mask has 0 polygons
2026-05-25 20:10:46 +0200: Memory Usage (442780K) : topmetal1_filler has 0 polygons
2026-05-25 20:10:46 +0200: Memory Usage (442780K) : topmetal1_nofill has 0 polygons
2026-05-25 20:10:46 +0200: Memory Usage (442908K) : topmetal1_slit has 0 polygons
2026-05-25 20:10:46 +0200: Memory Usage (442908K) : topmetal1_text has 1 polygons
2026-05-25 20:10:46 +0200: Memory Usage (442908K) : topmetal1_noqrc has 0 polygons
2026-05-25 20:10:46 +0200: Memory Usage (443036K) : topmetal1_res has 0 polygons
2026-05-25 20:10:46 +0200: Memory Usage (443036K) : topmetal1_iprobe has 0 polygons
2026-05-25 20:10:46 +0200: Memory Usage (443164K) : topmetal1_diffprb has 0 polygons
2026-05-25 20:10:46 +0200: Memory Usage (443164K) : inldpwl_drw has 0 polygons
2026-05-25 20:10:46 +0200: Memory Usage (443164K) : polyres_drw has 0 polygons
2026-05-25 20:10:46 +0200: Memory Usage (443292K) : polyres_pin has 0 polygons
2026-05-25 20:10:46 +0200: Memory Usage (443292K) : vmim_drw has 7072 polygons
2026-05-25 20:10:46 +0200: Memory Usage (443420K) : nbulaycut_drw has 0 polygons
2026-05-25 20:10:46 +0200: Memory Usage (443420K) : antmetal1_drw has 0 polygons
2026-05-25 20:10:46 +0200: Memory Usage (443548K) : topvia2_drw has 0 polygons
2026-05-25 20:10:46 +0200: Memory Usage (443548K) : topmetal2_drw has 0 polygons
2026-05-25 20:10:46 +0200: Memory Usage (443548K) : topmetal2_pin has 0 polygons
2026-05-25 20:10:46 +0200: Memory Usage (443676K) : topmetal2_mask has 0 polygons
2026-05-25 20:10:46 +0200: Memory Usage (443676K) : topmetal2_filler has 0 polygons
2026-05-25 20:10:46 +0200: Memory Usage (443804K) : topmetal2_nofill has 0 polygons
2026-05-25 20:10:46 +0200: Memory Usage (443804K) : topmetal2_slit has 0 polygons
2026-05-25 20:10:46 +0200: Memory Usage (443932K) : topmetal2_text has 0 polygons
2026-05-25 20:10:46 +0200: Memory Usage (443932K) : topmetal2_noqrc has 0 polygons
2026-05-25 20:10:46 +0200: Memory Usage (443932K) : topmetal2_res has 0 polygons
2026-05-25 20:10:46 +0200: Memory Usage (444060K) : topmetal2_iprobe has 0 polygons
2026-05-25 20:10:46 +0200: Memory Usage (444060K) : topmetal2_diffprb has 0 polygons
2026-05-25 20:10:46 +0200: Memory Usage (444188K) : snsring_drw has 0 polygons
2026-05-25 20:10:46 +0200: Memory Usage (444188K) : sensor_drw has 0 polygons
2026-05-25 20:10:46 +0200: Memory Usage (444188K) : snsarms_drw has 0 polygons
2026-05-25 20:10:46 +0200: Memory Usage (444316K) : snscmosvia_drw has 0 polygons
2026-05-25 20:10:46 +0200: Memory Usage (444316K) : colwind_drw has 0 polygons
2026-05-25 20:10:46 +0200: Memory Usage (444444K) : flm_drw has 0 polygons
2026-05-25 20:10:46 +0200: Memory Usage (444444K) : hafniumox_drw has 0 polygons
2026-05-25 20:10:46 +0200: Memory Usage (444572K) : memvia_drw has 0 polygons
2026-05-25 20:10:46 +0200: Memory Usage (444572K) : thinfilmres_drw has 0 polygons
2026-05-25 20:10:46 +0200: Memory Usage (444572K) : rfmem_drw has 0 polygons
2026-05-25 20:10:46 +0200: Memory Usage (444700K) : norcx_drw has 0 polygons
2026-05-25 20:10:46 +0200: Memory Usage (444700K) : norcx_m2m3 has 0 polygons
2026-05-25 20:10:46 +0200: Memory Usage (444828K) : norcx_m2m4 has 0 polygons
2026-05-25 20:10:46 +0200: Memory Usage (444828K) : norcx_m2m5 has 0 polygons
2026-05-25 20:10:46 +0200: Memory Usage (444956K) : norcx_m2tm1 has 0 polygons
2026-05-25 20:10:46 +0200: Memory Usage (444956K) : norcx_m2tm2 has 0 polygons
2026-05-25 20:10:46 +0200: Memory Usage (444956K) : norcx_m3m4 has 0 polygons
2026-05-25 20:10:46 +0200: Memory Usage (444956K) : norcx_m3m5 has 0 polygons
2026-05-25 20:10:46 +0200: Memory Usage (444956K) : norcx_m3tm1 has 0 polygons
2026-05-25 20:10:46 +0200: Memory Usage (444956K) : norcx_m3tm2 has 0 polygons
2026-05-25 20:10:46 +0200: Memory Usage (444956K) : norcx_m4m5 has 0 polygons
2026-05-25 20:10:46 +0200: Memory Usage (445084K) : norcx_m4tm1 has 0 polygons
2026-05-25 20:10:46 +0200: Memory Usage (445084K) : norcx_m4tm2 has 0 polygons
2026-05-25 20:10:46 +0200: Memory Usage (445084K) : norcx_m5tm1 has 0 polygons
2026-05-25 20:10:46 +0200: Memory Usage (445212K) : norcx_m5tm2 has 0 polygons
2026-05-25 20:10:46 +0200: Memory Usage (445212K) : norcx_tm1tm2 has 0 polygons
2026-05-25 20:10:46 +0200: Memory Usage (445340K) : norcx_m1sub has 0 polygons
2026-05-25 20:10:46 +0200: Memory Usage (445340K) : norcx_m2sub has 0 polygons
2026-05-25 20:10:46 +0200: Memory Usage (445340K) : norcx_m3sub has 0 polygons
2026-05-25 20:10:46 +0200: Memory Usage (445468K) : norcx_m4sub has 0 polygons
2026-05-25 20:10:46 +0200: Memory Usage (445468K) : norcx_m5sub has 0 polygons
2026-05-25 20:10:46 +0200: Memory Usage (445596K) : norcx_tm1sub has 0 polygons
2026-05-25 20:10:46 +0200: Memory Usage (445596K) : norcx_tm2sub has 0 polygons
2026-05-25 20:10:46 +0200: Memory Usage (445596K) : snsbotvia_drw has 0 polygons
2026-05-25 20:10:46 +0200: Memory Usage (445724K) : snstopvia_drw has 0 polygons
2026-05-25 20:10:46 +0200: Memory Usage (445724K) : deepvia_drw has 0 polygons
2026-05-25 20:10:46 +0200: Memory Usage (445852K) : fgetch_drw has 0 polygons
2026-05-25 20:10:46 +0200: Memory Usage (445852K) : ctrgat_drw has 0 polygons
2026-05-25 20:10:46 +0200: Memory Usage (445980K) : fgimp_drw has 0 polygons
2026-05-25 20:10:46 +0200: Memory Usage (445980K) : emwihv_drw has 0 polygons
2026-05-25 20:10:46 +0200: Memory Usage (445980K) : lbe_drw has 0 polygons
2026-05-25 20:10:46 +0200: Memory Usage (446108K) : alcustop_drw has 0 polygons
2026-05-25 20:10:46 +0200: Memory Usage (446108K) : nometfiller_drw has 0 polygons
2026-05-25 20:10:46 +0200: Memory Usage (446108K) : prboundary_drw has 0 polygons
2026-05-25 20:10:46 +0200: Memory Usage (446236K) : exchange0_drw has 0 polygons
2026-05-25 20:10:46 +0200: Memory Usage (446236K) : exchange0_pin has 0 polygons
2026-05-25 20:10:46 +0200: Memory Usage (446236K) : exchange0_text has 0 polygons
2026-05-25 20:10:46 +0200: Memory Usage (446364K) : exchange1_drw has 0 polygons
2026-05-25 20:10:46 +0200: Memory Usage (446364K) : exchange1_pin has 0 polygons
2026-05-25 20:10:46 +0200: Memory Usage (446492K) : exchange1_text has 0 polygons
2026-05-25 20:10:46 +0200: Memory Usage (446492K) : exchange2_drw has 0 polygons
2026-05-25 20:10:46 +0200: Memory Usage (446492K) : exchange2_pin has 0 polygons
2026-05-25 20:10:46 +0200: Memory Usage (446620K) : exchange2_text has 0 polygons
2026-05-25 20:10:46 +0200: Memory Usage (446620K) : exchange3_drw has 0 polygons
2026-05-25 20:10:46 +0200: Memory Usage (446748K) : exchange3_pin has 0 polygons
2026-05-25 20:10:46 +0200: Memory Usage (446748K) : exchange3_text has 0 polygons
2026-05-25 20:10:46 +0200: Memory Usage (446876K) : exchange4_drw has 0 polygons
2026-05-25 20:10:46 +0200: Memory Usage (446876K) : exchange4_pin has 0 polygons
2026-05-25 20:10:46 +0200: Memory Usage (446876K) : exchange4_text has 0 polygons
2026-05-25 20:10:46 +0200: Memory Usage (447004K) : isonwell_drw has 0 polygons
2026-05-25 20:10:46 +0200: Memory Usage (447004K) : Total no. of polygons in the design is 15655
2026-05-25 20:10:46 +0200: Memory Usage (447004K) : Loaded TECH DRC rules values from /opt/pdks/ihp-sg13g2/libs.tech/klayout/python/sg13g2_pycell_lib/sg13g2_tech_mod.json
2026-05-25 20:10:46 +0200: Memory Usage (447004K) : Loaded default DRC rules values from /opt/pdks/ihp-sg13g2/libs.tech/klayout/tech/drc/rule_decks/sg13g2_tech_default.json
2026-05-25 20:10:46 +0200: Memory Usage (447004K) : The following rules values were missing in tech json and default values were used:
2026-05-25 20:10:46 +0200: Memory Usage (447004K) :   - Cnt_c_digibnd
2026-05-25 20:10:46 +0200: Memory Usage (448028K) : Total area of the design is 41624.8168 um^2.
2026-05-25 20:10:46 +0200: Memory Usage (448028K) : The design dimensions are 265.16 µm * 156.98000000000002 µm.
2026-05-25 20:10:46 +0200: Memory Usage (448028K) : Starting general IHP-SG13G2 derivations.
2026-05-25 20:10:46 +0200: Memory Usage (448028K) : Starting Pwell derivations
2026-05-25 20:10:46 +0200: Memory Usage (450204K) : Starting n-Activ derivations
2026-05-25 20:10:46 +0200: Memory Usage (450588K) : Starting p-Activ derivations
2026-05-25 20:10:46 +0200: Memory Usage (450588K) : Starting ptap derivations
2026-05-25 20:10:46 +0200: Memory Usage (450588K) : Starting ntap derivations
2026-05-25 20:10:46 +0200: Memory Usage (450588K) : Starting pact FET derivations
2026-05-25 20:10:46 +0200: Memory Usage (450588K) : Starting nact FET derivations
2026-05-25 20:10:46 +0200: Memory Usage (450588K) : Starting Gate derivations
2026-05-25 20:10:46 +0200: Memory Usage (450844K) : Starting cont/contbar general derivations
2026-05-25 20:10:46 +0200: Memory Usage (451356K) : Starting pad general derivations
2026-05-25 20:10:46 +0200: Memory Usage (451484K) : Starting IHP-SG13G2 DRC connectivity related derivations.
2026-05-25 20:10:46 +0200: Memory Usage (452252K) : Starting IHP-SG13G2 DRC connectivity setup
2026-05-25 20:10:47 +0200: Memory Usage (452636K) : Starting IHP-SG13G2 DRC rules.
2026-05-25 20:10:47 +0200: Memory Usage (452636K) : Running all FEOL rules
2026-05-25 20:10:47 +0200: Memory Usage (452636K) : Running all BEOL rules
2026-05-25 20:10:47 +0200: Memory Usage (452636K) : Running all PIN rules
2026-05-25 20:10:47 +0200: Memory Usage (452636K) : Running all FORBIDDEN rules
2026-05-25 20:10:47 +0200: Memory Usage (452636K) : Starting 5.1 NWell table
2026-05-25 20:10:47 +0200: Memory Usage (452636K) : Executing rule NW.b
2026-05-25 20:10:47 +0200: Memory Usage (453148K) : Executing rule NW.b1
2026-05-25 20:10:47 +0200: Memory Usage (453148K) : Starting 5.2 PWell:block
2026-05-25 20:10:47 +0200: Memory Usage (453148K) : Executing rule PWB.e
2026-05-25 20:10:47 +0200: Memory Usage (453148K) : Executing rule PWB.e1
2026-05-25 20:10:47 +0200: Memory Usage (453148K) : Executing rule PWB.f
2026-05-25 20:10:47 +0200: Memory Usage (453148K) : Executing rule PWB.f1
2026-05-25 20:10:47 +0200: Memory Usage (453148K) : Starting 5.3 nBuLay table
2026-05-25 20:10:47 +0200: Memory Usage (453148K) : Executing rule NBL.b
2026-05-25 20:10:47 +0200: Memory Usage (453148K) : Executing rule NBL.c
2026-05-25 20:10:47 +0200: Memory Usage (453148K) : Executing rule NBL.d
2026-05-25 20:10:47 +0200: Memory Usage (453148K) : Executing rule NBL.e
2026-05-25 20:10:47 +0200: Memory Usage (453276K) : Executing rule NBL.f
2026-05-25 20:10:47 +0200: Memory Usage (453276K) : Starting 5.5. Activ table
2026-05-25 20:10:47 +0200: Memory Usage (453276K) : Executing rule Act.a
2026-05-25 20:10:47 +0200: Memory Usage (453276K) : Executing rule Act.b
2026-05-25 20:10:47 +0200: Memory Usage (453532K) : Starting 5.6 Activ:filler table
2026-05-25 20:10:47 +0200: Memory Usage (453532K) : Executing rule AFil.c1
2026-05-25 20:10:47 +0200: Memory Usage (453532K) : Executing rule AFil.c
2026-05-25 20:10:47 +0200: Memory Usage (453532K) : Executing rule AFil.d
2026-05-25 20:10:47 +0200: Memory Usage (453532K) : Executing rule AFil.e
2026-05-25 20:10:47 +0200: Memory Usage (453532K) : Executing rule AFil.j
2026-05-25 20:10:47 +0200: Memory Usage (453532K) : Starting 5.7. ThickGateOx table
2026-05-25 20:10:47 +0200: Memory Usage (453532K) : Executing rule TGO.f
2026-05-25 20:10:47 +0200: Memory Usage (453532K) : Starting 5.8. GatPoly table
2026-05-25 20:10:47 +0200: Memory Usage (453532K) : Executing rule Gat.a
2026-05-25 20:10:47 +0200: Memory Usage (453532K) : Executing rule Gat.b
2026-05-25 20:10:47 +0200: Memory Usage (453532K) : Executing rule Gat.d
2026-05-25 20:10:47 +0200: Memory Usage (453532K) : Executing rule Gat.a1
2026-05-25 20:10:47 +0200: Memory Usage (454044K) : Executing rule Gat.a2
2026-05-25 20:10:47 +0200: Memory Usage (454044K) : Executing rule Gat.g
2026-05-25 20:10:47 +0200: Memory Usage (454044K) : Starting 5.9 GatPoly:filler
2026-05-25 20:10:47 +0200: Memory Usage (454044K) : Executing rule GFil.d
2026-05-25 20:10:47 +0200: Memory Usage (454044K) : Executing rule GFil.e
2026-05-25 20:10:47 +0200: Memory Usage (454044K) : Executing rule GFil.i
2026-05-25 20:10:47 +0200: Memory Usage (454044K) : Starting 5.10 pSD table
2026-05-25 20:10:47 +0200: Memory Usage (454044K) : Executing rule pSD.c1
2026-05-25 20:10:47 +0200: Memory Usage (454044K) : Starting 5.14. Cont table
2026-05-25 20:10:47 +0200: Memory Usage (454044K) : Executing rule Cnt.a
2026-05-25 20:10:47 +0200: Memory Usage (454044K) : Executing rule Cnt.b
2026-05-25 20:10:47 +0200: Memory Usage (454172K) : Executing rule Cnt.c
2026-05-25 20:10:47 +0200: Memory Usage (454172K) : Executing rule Cnt.c
2026-05-25 20:10:47 +0200: Memory Usage (454172K) : Executing rule Cnt.d
2026-05-25 20:10:47 +0200: Memory Usage (454172K) : Executing rule Cnt.e
2026-05-25 20:10:47 +0200: Memory Usage (454172K) : Executing rule Cnt.g1
2026-05-25 20:10:47 +0200: Memory Usage (454172K) : Executing rule Cnt.g2
2026-05-25 20:10:47 +0200: Memory Usage (454172K) : Starting 5.15. ContBar table
2026-05-25 20:10:47 +0200: Memory Usage (454172K) : Executing rule CntB.b1
2026-05-25 20:10:47 +0200: Memory Usage (454172K) : Executing rule CntB.h1
2026-05-25 20:10:47 +0200: Memory Usage (454172K) : Starting 6.1.3 NPN Substrate-Tie table
2026-05-25 20:10:47 +0200: Memory Usage (454172K) : Executing rule npn13G2.bR 
2026-05-25 20:10:47 +0200: Memory Usage (454172K) : Executing rule npn13G2L.cR 
2026-05-25 20:10:47 +0200: Memory Usage (454172K) : Executing rule npn13G2V.cR 
2026-05-25 20:10:47 +0200: Memory Usage (454172K) : Starting 6.7 Schottky diode table
2026-05-25 20:10:47 +0200: Memory Usage (454172K) : Executing rule Sdiod.d
2026-05-25 20:10:47 +0200: Memory Usage (454172K) : Executing rule Sdiod.e
2026-05-25 20:10:47 +0200: Memory Usage (454172K) : Starting 7.2 Latch-up table
2026-05-25 20:10:47 +0200: Memory Usage (454172K) : Executing rule LU.b
2026-05-25 20:10:47 +0200: Memory Usage (454172K) : Starting 5.16. Metal1 table
2026-05-25 20:10:47 +0200: Memory Usage (454172K) : Executing rule M1.a
2026-05-25 20:10:47 +0200: Memory Usage (454172K) : Executing rule M1.b
2026-05-25 20:10:47 +0200: Memory Usage (454172K) : Executing rule M1.e
2026-05-25 20:10:47 +0200: Memory Usage (454172K) : Executing rule M1.f
2026-05-25 20:10:47 +0200: Memory Usage (454172K) : Executing rule M1.g
2026-05-25 20:10:47 +0200: Memory Usage (454172K) : Executing rule M1.i
2026-05-25 20:10:47 +0200: Memory Usage (454172K) : Starting 5.17 Metaln table
2026-05-25 20:10:47 +0200: Memory Usage (454172K) : Executing rule M2.a
2026-05-25 20:10:47 +0200: Memory Usage (454172K) : Executing rule M2.b
2026-05-25 20:10:47 +0200: Memory Usage (454172K) : Executing rule M2.e
2026-05-25 20:10:47 +0200: Memory Usage (454172K) : Executing rule M2.f
2026-05-25 20:10:47 +0200: Memory Usage (454172K) : Executing rule M2.g
2026-05-25 20:10:47 +0200: Memory Usage (454172K) : Executing rule M2.i
2026-05-25 20:10:47 +0200: Memory Usage (454172K) : Executing rule M3.a
2026-05-25 20:10:47 +0200: Memory Usage (454172K) : Executing rule M3.b
2026-05-25 20:10:47 +0200: Memory Usage (454172K) : Executing rule M3.e
2026-05-25 20:10:47 +0200: Memory Usage (454172K) : Executing rule M3.f
2026-05-25 20:10:47 +0200: Memory Usage (454172K) : Executing rule M3.g
2026-05-25 20:10:47 +0200: Memory Usage (454172K) : Executing rule M3.i
2026-05-25 20:10:47 +0200: Memory Usage (454172K) : Executing rule M4.a
2026-05-25 20:10:47 +0200: Memory Usage (454172K) : Executing rule M4.b
2026-05-25 20:10:47 +0200: Memory Usage (454172K) : Executing rule M4.e
2026-05-25 20:10:47 +0200: Memory Usage (454172K) : Executing rule M4.f
2026-05-25 20:10:47 +0200: Memory Usage (454172K) : Executing rule M4.g
2026-05-25 20:10:47 +0200: Memory Usage (454172K) : Executing rule M4.i
2026-05-25 20:10:47 +0200: Memory Usage (454172K) : Executing rule M5.a
2026-05-25 20:10:47 +0200: Memory Usage (454172K) : Executing rule M5.b
2026-05-25 20:10:47 +0200: Memory Usage (454300K) : Executing rule M5.e
2026-05-25 20:10:47 +0200: Memory Usage (454556K) : Executing rule M5.f
2026-05-25 20:10:47 +0200: Memory Usage (454556K) : Executing rule M5.g
2026-05-25 20:10:47 +0200: Memory Usage (454556K) : Executing rule M5.i
2026-05-25 20:10:47 +0200: Memory Usage (454556K) : Starting 5.18 Metaln:filler table
2026-05-25 20:10:47 +0200: Memory Usage (454556K) : Executing rule M1Fil.c
2026-05-25 20:10:47 +0200: Memory Usage (454556K) : Executing rule M1Fil.a2
2026-05-25 20:10:47 +0200: Memory Usage (454556K) : Executing rule M2Fil.c
2026-05-25 20:10:47 +0200: Memory Usage (454556K) : Executing rule M2Fil.a2
2026-05-25 20:10:47 +0200: Memory Usage (454556K) : Executing rule M3Fil.c
2026-05-25 20:10:47 +0200: Memory Usage (454556K) : Executing rule M3Fil.a2
2026-05-25 20:10:47 +0200: Memory Usage (454556K) : Executing rule M4Fil.c
2026-05-25 20:10:47 +0200: Memory Usage (454556K) : Executing rule M4Fil.a2
2026-05-25 20:10:47 +0200: Memory Usage (454556K) : Executing rule M5Fil.c
2026-05-25 20:10:47 +0200: Memory Usage (454556K) : Executing rule M5Fil.a2
2026-05-25 20:10:47 +0200: Memory Usage (454556K) : Starting 5.19. Via1 table
2026-05-25 20:10:47 +0200: Memory Usage (454556K) : Starting 5.19. Via1 table derivations
2026-05-25 20:10:47 +0200: Memory Usage (454556K) : Executing rule V1.a
2026-05-25 20:10:47 +0200: Memory Usage (454556K) : Executing rule V1.b
2026-05-25 20:10:47 +0200: Memory Usage (454556K) : Executing rule V1.c
2026-05-25 20:10:47 +0200: Memory Usage (454556K) : Starting 5.20. Vian table
2026-05-25 20:10:47 +0200: Memory Usage (454556K) : Executing rule V2.a
2026-05-25 20:10:47 +0200: Memory Usage (454556K) : Executing rule V2.b
2026-05-25 20:10:47 +0200: Memory Usage (454556K) : Executing rule V2.c
2026-05-25 20:10:47 +0200: Memory Usage (454556K) : Executing rule V3.a
2026-05-25 20:10:47 +0200: Memory Usage (454556K) : Executing rule V3.b
2026-05-25 20:10:47 +0200: Memory Usage (454556K) : Executing rule V3.c
2026-05-25 20:10:47 +0200: Memory Usage (454556K) : Executing rule V4.a
2026-05-25 20:10:47 +0200: Memory Usage (454556K) : Executing rule V4.b
2026-05-25 20:10:47 +0200: Memory Usage (454556K) : Executing rule V4.c
2026-05-25 20:10:47 +0200: Memory Usage (454556K) : Starting 5.21. TopVia1 table
2026-05-25 20:10:47 +0200: Memory Usage (454556K) : Executing rule TV1.a
2026-05-25 20:10:47 +0200: Memory Usage (454556K) : Executing rule TV1.b
2026-05-25 20:10:47 +0200: Memory Usage (454556K) : Executing rule TV1.c
2026-05-25 20:10:47 +0200: Memory Usage (454556K) : Executing rule TV1.d
2026-05-25 20:10:47 +0200: Memory Usage (454556K) : Starting 5.22. TopMetal1 table
2026-05-25 20:10:47 +0200: Memory Usage (454556K) : Executing rule TM1.a
2026-05-25 20:10:47 +0200: Memory Usage (454556K) : Executing rule TM1.b
2026-05-25 20:10:47 +0200: Memory Usage (454812K) : Starting 5.23 TopMetal1:filler table
2026-05-25 20:10:47 +0200: Memory Usage (454812K) : Executing rule TM1Fil.c
2026-05-25 20:10:47 +0200: Memory Usage (454812K) : Executing rule TM1Fil.a1
2026-05-25 20:10:47 +0200: Memory Usage (454812K) : Starting 5.24. TopVia2 table
2026-05-25 20:10:47 +0200: Memory Usage (454812K) : Executing rule TV2.a
2026-05-25 20:10:47 +0200: Memory Usage (454812K) : Executing rule TV2.b
2026-05-25 20:10:47 +0200: Memory Usage (454812K) : Executing rule TV2.c
2026-05-25 20:10:47 +0200: Memory Usage (454812K) : Executing rule TV2.d
2026-05-25 20:10:47 +0200: Memory Usage (454812K) : Starting 5.25. TopMetal2 table
2026-05-25 20:10:47 +0200: Memory Usage (454812K) : Executing rule TM2.a
2026-05-25 20:10:47 +0200: Memory Usage (454812K) : Executing rule TM2.b
2026-05-25 20:10:47 +0200: Memory Usage (454812K) : Executing rule TM2.bR
2026-05-25 20:10:47 +0200: Memory Usage (454812K) : Starting 5.26 TopMetal2:filler table
2026-05-25 20:10:47 +0200: Memory Usage (454812K) : Executing rule TM2Fil.c
2026-05-25 20:10:47 +0200: Memory Usage (454812K) : Executing rule TM2Fil.a1
2026-05-25 20:10:47 +0200: Memory Usage (454812K) : Starting 5.27. Passiv table
2026-05-25 20:10:47 +0200: Memory Usage (454812K) : Executing rule Pas.a
2026-05-25 20:10:47 +0200: Memory Usage (454812K) : Executing rule Pas.b
2026-05-25 20:10:47 +0200: Memory Usage (454812K) : Executing rule Pas.c
2026-05-25 20:10:47 +0200: Memory Usage (454812K) : Starting 6.9.2 Copper Pillar table
2026-05-25 20:10:47 +0200: Memory Usage (454812K) : Executing rule Padc.a
2026-05-25 20:10:47 +0200: Memory Usage (454812K) : Executing rule Padc.b
2026-05-25 20:10:47 +0200: Memory Usage (454812K) : Executing rule Padc.c
2026-05-25 20:10:47 +0200: Memory Usage (454812K) : Executing rule Padb.f
2026-05-25 20:10:47 +0200: Memory Usage (454812K) : Starting 6.9 Pad table
2026-05-25 20:10:47 +0200: Memory Usage (454812K) : Executing rule Pad.m
2026-05-25 20:10:47 +0200: Memory Usage (454812K) : Executing rule Pad.fR_M1
2026-05-25 20:10:47 +0200: Memory Usage (454812K) : Executing rule Pad.fR_M2
2026-05-25 20:10:47 +0200: Memory Usage (454812K) : Executing rule Pad.fR_M3
2026-05-25 20:10:47 +0200: Memory Usage (454812K) : Executing rule Pad.fR_M4
2026-05-25 20:10:47 +0200: Memory Usage (454812K) : Executing rule Pad.fR_M5
2026-05-25 20:10:47 +0200: Memory Usage (454812K) : Executing rule Pad.fR_TM1
2026-05-25 20:10:47 +0200: Memory Usage (454812K) : Executing rule Pad.fR_TM2
2026-05-25 20:10:47 +0200: Memory Usage (454812K) : Executing rule Pad.i
2026-05-25 20:10:47 +0200: Memory Usage (454812K) : Starting 6.9.1 Solder Bump
2026-05-25 20:10:47 +0200: Memory Usage (454812K) : Executing rule Padb.a
2026-05-25 20:10:47 +0200: Memory Usage (454812K) : Executing rule Padb.b
2026-05-25 20:10:47 +0200: Memory Usage (454812K) : Executing rule Padb.c
2026-05-25 20:10:47 +0200: Memory Usage (454812K) : Executing rule Padb.f
2026-05-25 20:10:47 +0200: Memory Usage (454812K) : Executing rule Padb.d
2026-05-25 20:10:47 +0200: Memory Usage (454812K) : Starting 6.10 Sealring table
2026-05-25 20:10:47 +0200: Memory Usage (454812K) : Executing rule Seal.l
2026-05-25 20:10:47 +0200: Memory Usage (454940K) : Executing rule Seal.n
2026-05-25 20:10:47 +0200: Memory Usage (455068K) : Executing rule seal.b_metal1
2026-05-25 20:10:47 +0200: Memory Usage (455324K) : Executing rule seal.b_metal2
2026-05-25 20:10:47 +0200: Memory Usage (455452K) : Executing rule seal.b_metal3
2026-05-25 20:10:48 +0200: Memory Usage (455580K) : Executing rule seal.b_metal4
2026-05-25 20:10:48 +0200: Memory Usage (455580K) : Executing rule seal.b_metal5
2026-05-25 20:10:48 +0200: Memory Usage (455580K) : Executing rule seal.b_topmetal1
2026-05-25 20:10:48 +0200: Memory Usage (455580K) : Executing rule seal.b_topmetal2
2026-05-25 20:10:48 +0200: Memory Usage (455580K) : Executing rule seal.b_activ
2026-05-25 20:10:48 +0200: Memory Usage (455580K) : Executing rule seal.b_psd
2026-05-25 20:10:48 +0200: Memory Usage (455580K) : Executing rule Seal.k
2026-05-25 20:10:48 +0200: Memory Usage (455580K) : Executing rule Seal.m
2026-05-25 20:10:48 +0200: Memory Usage (455580K) : Starting 6.11 MIM table
2026-05-25 20:10:48 +0200: Memory Usage (455580K) : Executing rule MIM.c
2026-05-25 20:10:48 +0200: Memory Usage (455580K) : Executing rule MIM.d
2026-05-25 20:10:48 +0200: Memory Usage (455580K) : Executing rule MIM.gR
2026-05-25 20:10:48 +0200: Memory Usage (455580K) : Starting 7.3 Metal Slits table
2026-05-25 20:10:48 +0200: Memory Usage (455580K) : Executing rule Slt.e1_M1
2026-05-25 20:10:48 +0200: Memory Usage (455580K) : Executing rule Slt.e1_M2
2026-05-25 20:10:48 +0200: Memory Usage (455580K) : Executing rule Slt.e1_M3
2026-05-25 20:10:48 +0200: Memory Usage (455580K) : Executing rule Slt.e1_M4
2026-05-25 20:10:48 +0200: Memory Usage (455580K) : Executing rule Slt.e1_M5
2026-05-25 20:10:48 +0200: Memory Usage (455580K) : Executing rule Slt.e1_TM1
2026-05-25 20:10:48 +0200: Memory Usage (455580K) : Executing rule Slt.e1_TM2
2026-05-25 20:10:48 +0200: Memory Usage (455580K) : Starting 9.1. LBE table
2026-05-25 20:10:48 +0200: Memory Usage (455580K) : Executing rule LBE.a
2026-05-25 20:10:48 +0200: Memory Usage (455580K) : Executing rule LBE.b
2026-05-25 20:10:48 +0200: Memory Usage (455580K) : Executing rule LBE.b1
2026-05-25 20:10:48 +0200: Memory Usage (455580K) : Executing rule LBE.c
2026-05-25 20:10:48 +0200: Memory Usage (455580K) : Executing rule LBE.d
2026-05-25 20:10:48 +0200: Memory Usage (455580K) : Executing rule LBE.h
2026-05-25 20:10:48 +0200: Memory Usage (455580K) : Starting 7.4. PIN table
2026-05-25 20:10:48 +0200: Memory Usage (455580K) : Executing rule Pin.a
2026-05-25 20:10:48 +0200: Memory Usage (455580K) : Executing rule Pin.b
2026-05-25 20:10:48 +0200: Memory Usage (455580K) : Executing rule Pin.e
2026-05-25 20:10:48 +0200: Memory Usage (455580K) : Executing rule Pin.f_M2
2026-05-25 20:10:48 +0200: Memory Usage (455580K) : Executing rule Pin.f_M3
2026-05-25 20:10:48 +0200: Memory Usage (455580K) : Executing rule Pin.f_M4
2026-05-25 20:10:48 +0200: Memory Usage (455580K) : Executing rule Pin.f_M5
2026-05-25 20:10:48 +0200: Memory Usage (455580K) : Executing rule Pin.g
2026-05-25 20:10:48 +0200: Memory Usage (455580K) : Executing rule Pin.h
2026-05-25 20:10:48 +0200: Memory Usage (455580K) : Starting 3.2. FORBIDDEN table
2026-05-25 20:10:48 +0200: Memory Usage (455580K) : Executing rule forbidden.biwind
2026-05-25 20:10:48 +0200: Memory Usage (455580K) : Executing rule forbidden.pemwind
2026-05-25 20:10:48 +0200: Memory Usage (455580K) : Executing rule forbidden.baspoly
2026-05-25 20:10:48 +0200: Memory Usage (455580K) : Executing rule forbidden.deepco
2026-05-25 20:10:48 +0200: Memory Usage (455580K) : Executing rule forbidden.pempoly
2026-05-25 20:10:48 +0200: Memory Usage (455580K) : Executing rule forbidden.empoly
2026-05-25 20:10:48 +0200: Memory Usage (455580K) : Executing rule forbidden.ldmos
2026-05-25 20:10:48 +0200: Memory Usage (455580K) : Executing rule forbidden.pbiwind
2026-05-25 20:10:48 +0200: Memory Usage (455580K) : Executing rule forbidden.nodrc
2026-05-25 20:10:48 +0200: Memory Usage (455580K) : Executing rule forbidden.flash
2026-05-25 20:10:48 +0200: Memory Usage (455580K) : Executing rule forbidden.colwind
2026-05-25 20:10:48 +0200: Memory Usage (455580K) : KLayout DRC run for tables 'main' completed in 1.65 seconds
