# Logfile created on 2026-05-25 11:43:11 +0200 by logger.rb/v1.4.3
2026-05-25 11:43:11 +0200: Memory Usage (428884K) : Starting running IHP-SG13G2 KLayout DRC runset on /home/designer/shared/Delta-sigma-adc/gds/switched_capacitor/switched_capacitor.gds
2026-05-25 11:43:11 +0200: Memory Usage (428884K) : Ruby Version for klayout: 3.0.2
2026-05-25 11:43:11 +0200: Memory Usage (429780K) : Loading database to memory is complete.
2026-05-25 11:43:11 +0200: Memory Usage (429780K) : IHP-SG13G2 KLayout DRC runset output at: /home/designer/shared/Delta-sigma-adc/gds/switched_capacitor/drc_run_switched_capacitor/switched_capacitor_switched_capacitor_main.lyrdb
2026-05-25 11:43:11 +0200: Memory Usage (429908K) : Evaluate switches.
2026-05-25 11:43:11 +0200: Memory Usage (429908K) : tables selected: main
2026-05-25 11:43:11 +0200: Memory Usage (429908K) : KLayout will use 1 thread(s) in tiling mode.
2026-05-25 11:43:11 +0200: Memory Usage (429908K) : deep mode is enabled.
2026-05-25 11:43:11 +0200: Memory Usage (429908K) : FEOL enabled: true
2026-05-25 11:43:11 +0200: Memory Usage (429908K) : BEOL enabled: true
2026-05-25 11:43:11 +0200: Memory Usage (429908K) : OFFGRID enabled: true
2026-05-25 11:43:11 +0200: Memory Usage (429908K) : PIN enabled: true
2026-05-25 11:43:11 +0200: Memory Usage (429908K) : FORBIDDEN enabled: true
2026-05-25 11:43:11 +0200: Memory Usage (429908K) : RECOMMENDED enabled: true
2026-05-25 11:43:11 +0200: Memory Usage (429908K) : PreCheck DRC enabled: false
2026-05-25 11:43:11 +0200: Memory Usage (429908K) : CONNECTIVITY_RULES enabled: true.
2026-05-25 11:43:11 +0200: Memory Usage (429908K) : Read in polygons from layers.
2026-05-25 11:43:11 +0200: Memory Usage (430676K) : activ_drw has 32 polygons
2026-05-25 11:43:11 +0200: Memory Usage (430676K) : activ_pin has 0 polygons
2026-05-25 11:43:11 +0200: Memory Usage (430676K) : activ_mask has 0 polygons
2026-05-25 11:43:11 +0200: Memory Usage (430676K) : activ_filler has 0 polygons
2026-05-25 11:43:11 +0200: Memory Usage (430676K) : activ_nofill has 0 polygons
2026-05-25 11:43:11 +0200: Memory Usage (430676K) : activ_opc has 0 polygons
2026-05-25 11:43:11 +0200: Memory Usage (430676K) : activ_iopc has 0 polygons
2026-05-25 11:43:11 +0200: Memory Usage (430676K) : activ_noqrc has 0 polygons
2026-05-25 11:43:11 +0200: Memory Usage (430676K) : biwind_drw has 0 polygons
2026-05-25 11:43:11 +0200: Memory Usage (430676K) : biwind_opc has 0 polygons
2026-05-25 11:43:11 +0200: Memory Usage (430676K) : pemwind_drw has 0 polygons
2026-05-25 11:43:11 +0200: Memory Usage (430676K) : gatpoly_drw has 32 polygons
2026-05-25 11:43:11 +0200: Memory Usage (430676K) : gatpoly_pin has 4 polygons
2026-05-25 11:43:11 +0200: Memory Usage (430676K) : gatpoly_filler has 0 polygons
2026-05-25 11:43:11 +0200: Memory Usage (430676K) : gatpoly_nofill has 0 polygons
2026-05-25 11:43:11 +0200: Memory Usage (430676K) : gatpoly_opc has 0 polygons
2026-05-25 11:43:11 +0200: Memory Usage (430676K) : gatpoly_iopc has 0 polygons
2026-05-25 11:43:11 +0200: Memory Usage (430676K) : gatpoly_noqrc has 0 polygons
2026-05-25 11:43:11 +0200: Memory Usage (430804K) : cont_drw has 159 polygons
2026-05-25 11:43:11 +0200: Memory Usage (430804K) : cont_opc has 0 polygons
2026-05-25 11:43:11 +0200: Memory Usage (430804K) : nsd_drw has 0 polygons
2026-05-25 11:43:11 +0200: Memory Usage (430804K) : nsd_block has 0 polygons
2026-05-25 11:43:11 +0200: Memory Usage (430804K) : metal1_drw has 76 polygons
2026-05-25 11:43:11 +0200: Memory Usage (430804K) : metal1_pin has 15 polygons
2026-05-25 11:43:11 +0200: Memory Usage (430804K) : metal1_mask has 0 polygons
2026-05-25 11:43:11 +0200: Memory Usage (430932K) : metal1_filler has 0 polygons
2026-05-25 11:43:11 +0200: Memory Usage (430932K) : metal1_nofill has 0 polygons
2026-05-25 11:43:11 +0200: Memory Usage (430932K) : metal1_slit has 0 polygons
2026-05-25 11:43:11 +0200: Memory Usage (431316K) : metal1_text has 2 polygons
2026-05-25 11:43:11 +0200: Memory Usage (431316K) : metal1_opc has 0 polygons
2026-05-25 11:43:11 +0200: Memory Usage (431316K) : metal1_noqrc has 0 polygons
2026-05-25 11:43:11 +0200: Memory Usage (431444K) : metal1_res has 0 polygons
2026-05-25 11:43:11 +0200: Memory Usage (431444K) : metal1_iprobe has 0 polygons
2026-05-25 11:43:11 +0200: Memory Usage (431444K) : metal1_diffprb has 0 polygons
2026-05-25 11:43:11 +0200: Memory Usage (431444K) : passiv_drw has 0 polygons
2026-05-25 11:43:11 +0200: Memory Usage (431444K) : passiv_pin has 0 polygons
2026-05-25 11:43:11 +0200: Memory Usage (431572K) : passiv_sbump has 0 polygons
2026-05-25 11:43:11 +0200: Memory Usage (431572K) : passiv_pillar has 0 polygons
2026-05-25 11:43:11 +0200: Memory Usage (431572K) : passiv_pdl has 0 polygons
2026-05-25 11:43:11 +0200: Memory Usage (431700K) : metal2_drw has 30 polygons
2026-05-25 11:43:11 +0200: Memory Usage (431700K) : metal2_pin has 5 polygons
2026-05-25 11:43:11 +0200: Memory Usage (431700K) : metal2_mask has 0 polygons
2026-05-25 11:43:11 +0200: Memory Usage (431828K) : metal2_filler has 0 polygons
2026-05-25 11:43:11 +0200: Memory Usage (431828K) : metal2_nofill has 0 polygons
2026-05-25 11:43:11 +0200: Memory Usage (431828K) : metal2_slit has 0 polygons
2026-05-25 11:43:11 +0200: Memory Usage (431956K) : metal2_text has 5 polygons
2026-05-25 11:43:11 +0200: Memory Usage (431956K) : metal2_opc has 0 polygons
2026-05-25 11:43:11 +0200: Memory Usage (431956K) : metal2_noqrc has 0 polygons
2026-05-25 11:43:11 +0200: Memory Usage (431956K) : metal2_res has 0 polygons
2026-05-25 11:43:11 +0200: Memory Usage (432084K) : metal2_iprobe has 0 polygons
2026-05-25 11:43:11 +0200: Memory Usage (432084K) : metal2_diffprb has 0 polygons
2026-05-25 11:43:11 +0200: Memory Usage (432084K) : baspoly_drw has 0 polygons
2026-05-25 11:43:11 +0200: Memory Usage (432212K) : baspoly_pin has 0 polygons
2026-05-25 11:43:11 +0200: Memory Usage (432212K) : psd_drw has 8 polygons
2026-05-25 11:43:11 +0200: Memory Usage (432212K) : nldb_drw has 0 polygons
2026-05-25 11:43:11 +0200: Memory Usage (432340K) : digibnd_drw has 0 polygons
2026-05-25 11:43:11 +0200: Memory Usage (432340K) : via1_drw has 63 polygons
2026-05-25 11:43:11 +0200: Memory Usage (432340K) : backmetal1_drw has 0 polygons
2026-05-25 11:43:11 +0200: Memory Usage (432468K) : backmetal1_pin has 0 polygons
2026-05-25 11:43:11 +0200: Memory Usage (432468K) : backmetal1_mask has 0 polygons
2026-05-25 11:43:11 +0200: Memory Usage (432468K) : backmetal1_filler has 0 polygons
2026-05-25 11:43:11 +0200: Memory Usage (432596K) : backmetal1_nofill has 0 polygons
2026-05-25 11:43:11 +0200: Memory Usage (432596K) : backmetal1_slit has 0 polygons
2026-05-25 11:43:11 +0200: Memory Usage (432596K) : backmetal1_text has 0 polygons
2026-05-25 11:43:11 +0200: Memory Usage (432724K) : backmetal1_opc has 0 polygons
2026-05-25 11:43:11 +0200: Memory Usage (432724K) : backmetal1_noqrc has 0 polygons
2026-05-25 11:43:11 +0200: Memory Usage (432724K) : backmetal1_res has 0 polygons
2026-05-25 11:43:11 +0200: Memory Usage (432852K) : backmetal1_iprobe has 0 polygons
2026-05-25 11:43:11 +0200: Memory Usage (432852K) : backmetal1_diffprb has 0 polygons
2026-05-25 11:43:11 +0200: Memory Usage (432852K) : backpassiv_drw has 0 polygons
2026-05-25 11:43:11 +0200: Memory Usage (432980K) : res_drw has 0 polygons
2026-05-25 11:43:11 +0200: Memory Usage (432980K) : sram_drw has 0 polygons
2026-05-25 11:43:11 +0200: Memory Usage (432980K) : trans_drw has 0 polygons
2026-05-25 11:43:11 +0200: Memory Usage (432980K) : ind_drw has 0 polygons
2026-05-25 11:43:11 +0200: Memory Usage (433108K) : ind_pin has 0 polygons
2026-05-25 11:43:11 +0200: Memory Usage (433108K) : ind_text has 0 polygons
2026-05-25 11:43:11 +0200: Memory Usage (433108K) : salblock_drw has 0 polygons
2026-05-25 11:43:11 +0200: Memory Usage (433236K) : via2_drw has 57 polygons
2026-05-25 11:43:11 +0200: Memory Usage (433236K) : metal3_drw has 23 polygons
2026-05-25 11:43:11 +0200: Memory Usage (433236K) : metal3_pin has 1 polygons
2026-05-25 11:43:11 +0200: Memory Usage (433364K) : metal3_mask has 0 polygons
2026-05-25 11:43:11 +0200: Memory Usage (433364K) : metal3_filler has 0 polygons
2026-05-25 11:43:11 +0200: Memory Usage (433364K) : metal3_nofill has 0 polygons
2026-05-25 11:43:11 +0200: Memory Usage (433492K) : metal3_slit has 0 polygons
2026-05-25 11:43:11 +0200: Memory Usage (433492K) : metal3_text has 1 polygons
2026-05-25 11:43:11 +0200: Memory Usage (433492K) : metal3_opc has 0 polygons
2026-05-25 11:43:11 +0200: Memory Usage (433620K) : metal3_noqrc has 0 polygons
2026-05-25 11:43:11 +0200: Memory Usage (433620K) : metal3_res has 0 polygons
2026-05-25 11:43:11 +0200: Memory Usage (433620K) : metal3_iprobe has 0 polygons
2026-05-25 11:43:11 +0200: Memory Usage (433748K) : metal3_diffprb has 0 polygons
2026-05-25 11:43:11 +0200: Memory Usage (433748K) : nwell_drw has 8 polygons
2026-05-25 11:43:11 +0200: Memory Usage (433748K) : nwell_pin has 0 polygons
2026-05-25 11:43:11 +0200: Memory Usage (433748K) : nbulay_drw has 0 polygons
2026-05-25 11:43:11 +0200: Memory Usage (433876K) : nbulay_pin has 0 polygons
2026-05-25 11:43:11 +0200: Memory Usage (433876K) : nbulay_block has 0 polygons
2026-05-25 11:43:11 +0200: Memory Usage (433876K) : emwind_drw has 0 polygons
2026-05-25 11:43:11 +0200: Memory Usage (433876K) : emwind_opc has 0 polygons
2026-05-25 11:43:11 +0200: Memory Usage (434004K) : deepco_drw has 0 polygons
2026-05-25 11:43:11 +0200: Memory Usage (434004K) : deepco_drw has 0 polygons
2026-05-25 11:43:11 +0200: Memory Usage (434132K) : mim_drw has 150 polygons
2026-05-25 11:43:11 +0200: Memory Usage (434132K) : edgeseal_drw has 0 polygons
2026-05-25 11:43:11 +0200: Memory Usage (434132K) : edgeseal_bound has 0 polygons
2026-05-25 11:43:11 +0200: Memory Usage (434260K) : substrate_drw has 4 polygons
2026-05-25 11:43:11 +0200: Memory Usage (434260K) : substrate_text has 0 polygons
2026-05-25 11:43:11 +0200: Memory Usage (434388K) : dfpad_drw has 0 polygons
2026-05-25 11:43:11 +0200: Memory Usage (434388K) : dfpad_pillar has 0 polygons
2026-05-25 11:43:11 +0200: Memory Usage (434388K) : dfpad_sbump has 0 polygons
2026-05-25 11:43:11 +0200: Memory Usage (434516K) : thickgateox_drw has 0 polygons
2026-05-25 11:43:11 +0200: Memory Usage (434516K) : pldb_drw has 0 polygons
2026-05-25 11:43:11 +0200: Memory Usage (434644K) : pwell_drw has 0 polygons
2026-05-25 11:43:11 +0200: Memory Usage (434644K) : pwell_pin has 0 polygons
2026-05-25 11:43:11 +0200: Memory Usage (434772K) : pwell_block has 0 polygons
2026-05-25 11:43:11 +0200: Memory Usage (434772K) : ic_drw has 0 polygons
2026-05-25 11:43:11 +0200: Memory Usage (434772K) : via3_drw has 147 polygons
2026-05-25 11:43:11 +0200: Memory Usage (434900K) : metal4_drw has 9 polygons
2026-05-25 11:43:11 +0200: Memory Usage (434900K) : metal4_pin has 0 polygons
2026-05-25 11:43:11 +0200: Memory Usage (434900K) : metal4_mask has 0 polygons
2026-05-25 11:43:11 +0200: Memory Usage (435028K) : metal4_filler has 0 polygons
2026-05-25 11:43:11 +0200: Memory Usage (435028K) : metal4_nofill has 0 polygons
2026-05-25 11:43:11 +0200: Memory Usage (435028K) : metal4_slit has 0 polygons
2026-05-25 11:43:11 +0200: Memory Usage (435156K) : metal4_text has 0 polygons
2026-05-25 11:43:11 +0200: Memory Usage (435156K) : metal4_opc has 0 polygons
2026-05-25 11:43:11 +0200: Memory Usage (435284K) : metal4_noqrc has 0 polygons
2026-05-25 11:43:11 +0200: Memory Usage (435284K) : metal4_res has 0 polygons
2026-05-25 11:43:11 +0200: Memory Usage (435412K) : metal4_iprobe has 0 polygons
2026-05-25 11:43:11 +0200: Memory Usage (435412K) : metal4_diffprb has 0 polygons
2026-05-25 11:43:11 +0200: Memory Usage (435412K) : heattrans_drw has 8 polygons
2026-05-25 11:43:11 +0200: Memory Usage (435540K) : heatres_drw has 0 polygons
2026-05-25 11:43:11 +0200: Memory Usage (435540K) : pempoly_drw has 0 polygons
2026-05-25 11:43:11 +0200: Memory Usage (435668K) : fbe_drw has 0 polygons
2026-05-25 11:43:11 +0200: Memory Usage (435668K) : empoly_drw has 0 polygons
2026-05-25 11:43:11 +0200: Memory Usage (435668K) : ldmos_drw has 0 polygons
2026-05-25 11:43:11 +0200: Memory Usage (435796K) : pbiwind_drw has 0 polygons
2026-05-25 11:43:11 +0200: Memory Usage (435796K) : digisub_drw has 0 polygons
2026-05-25 11:43:11 +0200: Memory Usage (435924K) : nodrc_drw has 0 polygons
2026-05-25 11:43:11 +0200: Memory Usage (435924K) : text_drw has 8 polygons
2026-05-25 11:43:11 +0200: Memory Usage (436052K) : via4_drw has 27 polygons
2026-05-25 11:43:11 +0200: Memory Usage (436052K) : metal5_drw has 214 polygons
2026-05-25 11:43:11 +0200: Memory Usage (436052K) : metal5_pin has 1 polygons
2026-05-25 11:43:11 +0200: Memory Usage (436180K) : metal5_mask has 0 polygons
2026-05-25 11:43:11 +0200: Memory Usage (436180K) : metal5_filler has 0 polygons
2026-05-25 11:43:11 +0200: Memory Usage (436180K) : metal5_nofill has 0 polygons
2026-05-25 11:43:11 +0200: Memory Usage (436180K) : metal5_slit has 0 polygons
2026-05-25 11:43:11 +0200: Memory Usage (436308K) : metal5_text has 1 polygons
2026-05-25 11:43:11 +0200: Memory Usage (436308K) : metal5_opc has 0 polygons
2026-05-25 11:43:11 +0200: Memory Usage (436436K) : metal5_noqrc has 0 polygons
2026-05-25 11:43:11 +0200: Memory Usage (436436K) : metal5_res has 0 polygons
2026-05-25 11:43:11 +0200: Memory Usage (436436K) : metal5_iprobe has 0 polygons
2026-05-25 11:43:11 +0200: Memory Usage (436564K) : metal5_diffprb has 0 polygons
2026-05-25 11:43:11 +0200: Memory Usage (436564K) : radhard_drw has 0 polygons
2026-05-25 11:43:11 +0200: Memory Usage (436692K) : memcap_drw has 0 polygons
2026-05-25 11:43:11 +0200: Memory Usage (436692K) : varicap_drw has 0 polygons
2026-05-25 11:43:11 +0200: Memory Usage (436820K) : flash_drw has 0 polygons
2026-05-25 11:43:11 +0200: Memory Usage (436820K) : intbondvia_drw has 0 polygons
2026-05-25 11:43:11 +0200: Memory Usage (436820K) : intbondmet_drw has 0 polygons
2026-05-25 11:43:11 +0200: Memory Usage (436948K) : devbondvia_drw has 0 polygons
2026-05-25 11:43:11 +0200: Memory Usage (436948K) : devbondmet_drw has 0 polygons
2026-05-25 11:43:11 +0200: Memory Usage (437076K) : devtrench_drw has 0 polygons
2026-05-25 11:43:11 +0200: Memory Usage (437076K) : redist_drw has 0 polygons
2026-05-25 11:43:11 +0200: Memory Usage (437076K) : graphbot_drw has 0 polygons
2026-05-25 11:43:11 +0200: Memory Usage (437204K) : graphtop_drw has 0 polygons
2026-05-25 11:43:11 +0200: Memory Usage (437204K) : antvia1_drw has 0 polygons
2026-05-25 11:43:11 +0200: Memory Usage (437332K) : antmetal2_drw has 0 polygons
2026-05-25 11:43:11 +0200: Memory Usage (437332K) : graphcont_drw has 0 polygons
2026-05-25 11:43:11 +0200: Memory Usage (437460K) : siwg_drw has 0 polygons
2026-05-25 11:43:11 +0200: Memory Usage (437460K) : siwg_filler has 0 polygons
2026-05-25 11:43:11 +0200: Memory Usage (437460K) : siwg_nofill has 0 polygons
2026-05-25 11:43:11 +0200: Memory Usage (437460K) : sigrating_drw has 0 polygons
2026-05-25 11:43:11 +0200: Memory Usage (437460K) : singrating_drw has 0 polygons
2026-05-25 11:43:11 +0200: Memory Usage (437588K) : graphpas_drw has 0 polygons
2026-05-25 11:43:11 +0200: Memory Usage (437588K) : emwind3_drw has 0 polygons
2026-05-25 11:43:11 +0200: Memory Usage (437716K) : emwihv3_drw has 0 polygons
2026-05-25 11:43:11 +0200: Memory Usage (437716K) : redbulay_drw has 0 polygons
2026-05-25 11:43:11 +0200: Memory Usage (437844K) : smos_drw has 0 polygons
2026-05-25 11:43:11 +0200: Memory Usage (437844K) : graphpad_drw has 0 polygons
2026-05-25 11:43:11 +0200: Memory Usage (437844K) : polimide_drw has 0 polygons
2026-05-25 11:43:11 +0200: Memory Usage (437972K) : polimide_pin has 0 polygons
2026-05-25 11:43:11 +0200: Memory Usage (437972K) : recog_drw has 0 polygons
2026-05-25 11:43:11 +0200: Memory Usage (438100K) : recog_pin has 0 polygons
2026-05-25 11:43:11 +0200: Memory Usage (438100K) : recog_esd has 0 polygons
2026-05-25 11:43:11 +0200: Memory Usage (438100K) : recog_diode has 0 polygons
2026-05-25 11:43:11 +0200: Memory Usage (438228K) : recog_tsv has 0 polygons
2026-05-25 11:43:11 +0200: Memory Usage (438228K) : recog_iprobe has 0 polygons
2026-05-25 11:43:11 +0200: Memory Usage (438356K) : recog_diffprb has 0 polygons
2026-05-25 11:43:11 +0200: Memory Usage (438356K) : recog_pillar has 0 polygons
2026-05-25 11:43:11 +0200: Memory Usage (438484K) : recog_sbump has 0 polygons
2026-05-25 11:43:11 +0200: Memory Usage (438484K) : recog_otp has 0 polygons
2026-05-25 11:43:11 +0200: Memory Usage (438484K) : recog_pdiode has 0 polygons
2026-05-25 11:43:11 +0200: Memory Usage (438612K) : recog_mom has 0 polygons
2026-05-25 11:43:11 +0200: Memory Usage (438612K) : recog_pcm has 0 polygons
2026-05-25 11:43:11 +0200: Memory Usage (438740K) : colopen_drw has 0 polygons
2026-05-25 11:43:11 +0200: Memory Usage (438740K) : graphmetal1_drw has 0 polygons
2026-05-25 11:43:11 +0200: Memory Usage (438740K) : graphmetal1_filler has 0 polygons
2026-05-25 11:43:11 +0200: Memory Usage (438868K) : graphmetal1_nofill has 0 polygons
2026-05-25 11:43:11 +0200: Memory Usage (438868K) : graphmetal1_slit has 0 polygons
2026-05-25 11:43:11 +0200: Memory Usage (438996K) : graphmetal1_opc has 0 polygons
2026-05-25 11:43:11 +0200: Memory Usage (438996K) : graphmet1l_drw has 0 polygons
2026-05-25 11:43:11 +0200: Memory Usage (439124K) : graphmet1l_filler has 0 polygons
2026-05-25 11:43:11 +0200: Memory Usage (439124K) : graphmet1l_nofill has 0 polygons
2026-05-25 11:43:11 +0200: Memory Usage (439124K) : graphmet1l_slit has 0 polygons
2026-05-25 11:43:11 +0200: Memory Usage (439252K) : graphmet1l_opc has 0 polygons
2026-05-25 11:43:11 +0200: Memory Usage (439252K) : extblock_drw has 0 polygons
2026-05-25 11:43:11 +0200: Memory Usage (439380K) : nldd_drw has 0 polygons
2026-05-25 11:43:11 +0200: Memory Usage (439380K) : pldd_drw has 0 polygons
2026-05-25 11:43:11 +0200: Memory Usage (439508K) : next_drw has 0 polygons
2026-05-25 11:43:11 +0200: Memory Usage (439508K) : pext_drw has 0 polygons
2026-05-25 11:43:11 +0200: Memory Usage (439508K) : nexthv_drw has 0 polygons
2026-05-25 11:43:11 +0200: Memory Usage (439636K) : pexthv_drw has 0 polygons
2026-05-25 11:43:11 +0200: Memory Usage (439636K) : graphgate_drw has 0 polygons
2026-05-25 11:43:11 +0200: Memory Usage (439764K) : sinwg_drw has 0 polygons
2026-05-25 11:43:11 +0200: Memory Usage (439764K) : sinwg_filler has 0 polygons
2026-05-25 11:43:11 +0200: Memory Usage (439764K) : sinwg_nofill has 0 polygons
2026-05-25 11:43:11 +0200: Memory Usage (439892K) : mempad_drw has 0 polygons
2026-05-25 11:43:11 +0200: Memory Usage (439892K) : topvia1_drw has 2 polygons
2026-05-25 11:43:11 +0200: Memory Usage (440020K) : topmetal1_drw has 162 polygons
2026-05-25 11:43:11 +0200: Memory Usage (440020K) : topmetal1_pin has 1 polygons
2026-05-25 11:43:11 +0200: Memory Usage (440148K) : topmetal1_mask has 0 polygons
2026-05-25 11:43:11 +0200: Memory Usage (440148K) : topmetal1_filler has 0 polygons
2026-05-25 11:43:11 +0200: Memory Usage (440148K) : topmetal1_nofill has 0 polygons
2026-05-25 11:43:11 +0200: Memory Usage (440276K) : topmetal1_slit has 0 polygons
2026-05-25 11:43:11 +0200: Memory Usage (440276K) : topmetal1_text has 1 polygons
2026-05-25 11:43:11 +0200: Memory Usage (440404K) : topmetal1_noqrc has 0 polygons
2026-05-25 11:43:11 +0200: Memory Usage (440404K) : topmetal1_res has 0 polygons
2026-05-25 11:43:11 +0200: Memory Usage (440404K) : topmetal1_iprobe has 0 polygons
2026-05-25 11:43:11 +0200: Memory Usage (440532K) : topmetal1_diffprb has 0 polygons
2026-05-25 11:43:11 +0200: Memory Usage (440532K) : inldpwl_drw has 0 polygons
2026-05-25 11:43:11 +0200: Memory Usage (440660K) : polyres_drw has 0 polygons
2026-05-25 11:43:11 +0200: Memory Usage (440660K) : polyres_pin has 0 polygons
2026-05-25 11:43:11 +0200: Memory Usage (440788K) : vmim_drw has 2400 polygons
2026-05-25 11:43:11 +0200: Memory Usage (440788K) : nbulaycut_drw has 0 polygons
2026-05-25 11:43:11 +0200: Memory Usage (440788K) : antmetal1_drw has 0 polygons
2026-05-25 11:43:11 +0200: Memory Usage (440916K) : topvia2_drw has 0 polygons
2026-05-25 11:43:11 +0200: Memory Usage (440916K) : topmetal2_drw has 0 polygons
2026-05-25 11:43:11 +0200: Memory Usage (441044K) : topmetal2_pin has 0 polygons
2026-05-25 11:43:11 +0200: Memory Usage (441044K) : topmetal2_mask has 0 polygons
2026-05-25 11:43:11 +0200: Memory Usage (441172K) : topmetal2_filler has 0 polygons
2026-05-25 11:43:11 +0200: Memory Usage (441172K) : topmetal2_nofill has 0 polygons
2026-05-25 11:43:11 +0200: Memory Usage (441172K) : topmetal2_slit has 0 polygons
2026-05-25 11:43:11 +0200: Memory Usage (441300K) : topmetal2_text has 0 polygons
2026-05-25 11:43:11 +0200: Memory Usage (441300K) : topmetal2_noqrc has 0 polygons
2026-05-25 11:43:11 +0200: Memory Usage (441428K) : topmetal2_res has 0 polygons
2026-05-25 11:43:11 +0200: Memory Usage (441428K) : topmetal2_iprobe has 0 polygons
2026-05-25 11:43:11 +0200: Memory Usage (441428K) : topmetal2_diffprb has 0 polygons
2026-05-25 11:43:11 +0200: Memory Usage (441556K) : snsring_drw has 0 polygons
2026-05-25 11:43:11 +0200: Memory Usage (441556K) : sensor_drw has 0 polygons
2026-05-25 11:43:11 +0200: Memory Usage (441684K) : snsarms_drw has 0 polygons
2026-05-25 11:43:11 +0200: Memory Usage (441684K) : snscmosvia_drw has 0 polygons
2026-05-25 11:43:11 +0200: Memory Usage (441684K) : colwind_drw has 0 polygons
2026-05-25 11:43:11 +0200: Memory Usage (441812K) : flm_drw has 0 polygons
2026-05-25 11:43:11 +0200: Memory Usage (441812K) : hafniumox_drw has 0 polygons
2026-05-25 11:43:11 +0200: Memory Usage (441940K) : memvia_drw has 0 polygons
2026-05-25 11:43:11 +0200: Memory Usage (441940K) : thinfilmres_drw has 0 polygons
2026-05-25 11:43:11 +0200: Memory Usage (442068K) : rfmem_drw has 0 polygons
2026-05-25 11:43:11 +0200: Memory Usage (442068K) : norcx_drw has 0 polygons
2026-05-25 11:43:11 +0200: Memory Usage (442068K) : norcx_m2m3 has 0 polygons
2026-05-25 11:43:11 +0200: Memory Usage (442196K) : norcx_m2m4 has 0 polygons
2026-05-25 11:43:11 +0200: Memory Usage (442196K) : norcx_m2m5 has 0 polygons
2026-05-25 11:43:11 +0200: Memory Usage (442324K) : norcx_m2tm1 has 0 polygons
2026-05-25 11:43:11 +0200: Memory Usage (442324K) : norcx_m2tm2 has 0 polygons
2026-05-25 11:43:11 +0200: Memory Usage (442324K) : norcx_m3m4 has 0 polygons
2026-05-25 11:43:11 +0200: Memory Usage (442324K) : norcx_m3m5 has 0 polygons
2026-05-25 11:43:11 +0200: Memory Usage (442324K) : norcx_m3tm1 has 0 polygons
2026-05-25 11:43:11 +0200: Memory Usage (442324K) : norcx_m3tm2 has 0 polygons
2026-05-25 11:43:11 +0200: Memory Usage (442452K) : norcx_m4m5 has 0 polygons
2026-05-25 11:43:11 +0200: Memory Usage (442452K) : norcx_m4tm1 has 0 polygons
2026-05-25 11:43:11 +0200: Memory Usage (442452K) : norcx_m4tm2 has 0 polygons
2026-05-25 11:43:11 +0200: Memory Usage (442580K) : norcx_m5tm1 has 0 polygons
2026-05-25 11:43:11 +0200: Memory Usage (442580K) : norcx_m5tm2 has 0 polygons
2026-05-25 11:43:11 +0200: Memory Usage (442580K) : norcx_tm1tm2 has 0 polygons
2026-05-25 11:43:11 +0200: Memory Usage (442708K) : norcx_m1sub has 0 polygons
2026-05-25 11:43:11 +0200: Memory Usage (442708K) : norcx_m2sub has 0 polygons
2026-05-25 11:43:11 +0200: Memory Usage (442836K) : norcx_m3sub has 0 polygons
2026-05-25 11:43:11 +0200: Memory Usage (442836K) : norcx_m4sub has 0 polygons
2026-05-25 11:43:11 +0200: Memory Usage (442964K) : norcx_m5sub has 0 polygons
2026-05-25 11:43:11 +0200: Memory Usage (442964K) : norcx_tm1sub has 0 polygons
2026-05-25 11:43:11 +0200: Memory Usage (442964K) : norcx_tm2sub has 0 polygons
2026-05-25 11:43:11 +0200: Memory Usage (443092K) : snsbotvia_drw has 0 polygons
2026-05-25 11:43:11 +0200: Memory Usage (443092K) : snstopvia_drw has 0 polygons
2026-05-25 11:43:11 +0200: Memory Usage (443220K) : deepvia_drw has 0 polygons
2026-05-25 11:43:11 +0200: Memory Usage (443220K) : fgetch_drw has 0 polygons
2026-05-25 11:43:11 +0200: Memory Usage (443348K) : ctrgat_drw has 0 polygons
2026-05-25 11:43:11 +0200: Memory Usage (443348K) : fgimp_drw has 0 polygons
2026-05-25 11:43:11 +0200: Memory Usage (443348K) : emwihv_drw has 0 polygons
2026-05-25 11:43:11 +0200: Memory Usage (443476K) : lbe_drw has 0 polygons
2026-05-25 11:43:11 +0200: Memory Usage (443476K) : alcustop_drw has 0 polygons
2026-05-25 11:43:11 +0200: Memory Usage (443476K) : nometfiller_drw has 0 polygons
2026-05-25 11:43:11 +0200: Memory Usage (443604K) : prboundary_drw has 0 polygons
2026-05-25 11:43:11 +0200: Memory Usage (443604K) : exchange0_drw has 0 polygons
2026-05-25 11:43:11 +0200: Memory Usage (443604K) : exchange0_pin has 0 polygons
2026-05-25 11:43:11 +0200: Memory Usage (443732K) : exchange0_text has 0 polygons
2026-05-25 11:43:11 +0200: Memory Usage (443732K) : exchange1_drw has 0 polygons
2026-05-25 11:43:11 +0200: Memory Usage (443860K) : exchange1_pin has 0 polygons
2026-05-25 11:43:11 +0200: Memory Usage (443860K) : exchange1_text has 0 polygons
2026-05-25 11:43:11 +0200: Memory Usage (443860K) : exchange2_drw has 0 polygons
2026-05-25 11:43:11 +0200: Memory Usage (443988K) : exchange2_pin has 0 polygons
2026-05-25 11:43:11 +0200: Memory Usage (443988K) : exchange2_text has 0 polygons
2026-05-25 11:43:11 +0200: Memory Usage (444116K) : exchange3_drw has 0 polygons
2026-05-25 11:43:11 +0200: Memory Usage (444116K) : exchange3_pin has 0 polygons
2026-05-25 11:43:11 +0200: Memory Usage (444244K) : exchange3_text has 0 polygons
2026-05-25 11:43:11 +0200: Memory Usage (444244K) : exchange4_drw has 0 polygons
2026-05-25 11:43:11 +0200: Memory Usage (444244K) : exchange4_pin has 0 polygons
2026-05-25 11:43:11 +0200: Memory Usage (444372K) : exchange4_text has 0 polygons
2026-05-25 11:43:11 +0200: Memory Usage (444372K) : isonwell_drw has 0 polygons
2026-05-25 11:43:11 +0200: Memory Usage (444372K) : Total no. of polygons in the design is 3656
2026-05-25 11:43:11 +0200: Memory Usage (444372K) : Loaded TECH DRC rules values from /opt/pdks/ihp-sg13g2/libs.tech/klayout/python/sg13g2_pycell_lib/sg13g2_tech_mod.json
2026-05-25 11:43:11 +0200: Memory Usage (444372K) : Loaded default DRC rules values from /opt/pdks/ihp-sg13g2/libs.tech/klayout/tech/drc/rule_decks/sg13g2_tech_default.json
2026-05-25 11:43:11 +0200: Memory Usage (444372K) : The following rules values were missing in tech json and default values were used:
2026-05-25 11:43:11 +0200: Memory Usage (444372K) :   - Cnt_c_digibnd
2026-05-25 11:43:11 +0200: Memory Usage (445652K) : Total area of the design is 13517.341999999999 um^2.
2026-05-25 11:43:11 +0200: Memory Usage (445652K) : The design dimensions are 97.81 µm * 138.2 µm.
2026-05-25 11:43:11 +0200: Memory Usage (445652K) : Starting general IHP-SG13G2 derivations.
2026-05-25 11:43:11 +0200: Memory Usage (445652K) : Starting Pwell derivations
2026-05-25 11:43:11 +0200: Memory Usage (448084K) : Starting n-Activ derivations
2026-05-25 11:43:11 +0200: Memory Usage (448340K) : Starting p-Activ derivations
2026-05-25 11:43:11 +0200: Memory Usage (448340K) : Starting ptap derivations
2026-05-25 11:43:11 +0200: Memory Usage (448340K) : Starting ntap derivations
2026-05-25 11:43:11 +0200: Memory Usage (448468K) : Starting pact FET derivations
2026-05-25 11:43:11 +0200: Memory Usage (448468K) : Starting nact FET derivations
2026-05-25 11:43:11 +0200: Memory Usage (448468K) : Starting Gate derivations
2026-05-25 11:43:11 +0200: Memory Usage (448724K) : Starting cont/contbar general derivations
2026-05-25 11:43:11 +0200: Memory Usage (448980K) : Starting pad general derivations
2026-05-25 11:43:11 +0200: Memory Usage (449236K) : Starting IHP-SG13G2 DRC connectivity related derivations.
2026-05-25 11:43:11 +0200: Memory Usage (450516K) : Starting IHP-SG13G2 DRC connectivity setup
2026-05-25 11:43:11 +0200: Memory Usage (450772K) : Starting IHP-SG13G2 DRC rules.
2026-05-25 11:43:11 +0200: Memory Usage (450772K) : Running all FEOL rules
2026-05-25 11:43:11 +0200: Memory Usage (450772K) : Running all BEOL rules
2026-05-25 11:43:11 +0200: Memory Usage (450772K) : Running all PIN rules
2026-05-25 11:43:11 +0200: Memory Usage (450772K) : Running all FORBIDDEN rules
2026-05-25 11:43:11 +0200: Memory Usage (450772K) : Starting 5.1 NWell table
2026-05-25 11:43:11 +0200: Memory Usage (450772K) : Executing rule NW.b
2026-05-25 11:43:11 +0200: Memory Usage (451284K) : Executing rule NW.b1
2026-05-25 11:43:11 +0200: Memory Usage (451540K) : Starting 5.2 PWell:block
2026-05-25 11:43:11 +0200: Memory Usage (451540K) : Executing rule PWB.e
2026-05-25 11:43:11 +0200: Memory Usage (451668K) : Executing rule PWB.e1
2026-05-25 11:43:11 +0200: Memory Usage (451796K) : Executing rule PWB.f
2026-05-25 11:43:11 +0200: Memory Usage (452052K) : Executing rule PWB.f1
2026-05-25 11:43:11 +0200: Memory Usage (452564K) : Starting 5.3 nBuLay table
2026-05-25 11:43:11 +0200: Memory Usage (452692K) : Executing rule NBL.b
2026-05-25 11:43:11 +0200: Memory Usage (452820K) : Executing rule NBL.c
2026-05-25 11:43:11 +0200: Memory Usage (453076K) : Executing rule NBL.d
2026-05-25 11:43:11 +0200: Memory Usage (453332K) : Executing rule NBL.e
2026-05-25 11:43:11 +0200: Memory Usage (453460K) : Executing rule NBL.f
2026-05-25 11:43:11 +0200: Memory Usage (453588K) : Starting 5.5. Activ table
2026-05-25 11:43:11 +0200: Memory Usage (453588K) : Executing rule Act.a
2026-05-25 11:43:11 +0200: Memory Usage (453716K) : Executing rule Act.b
2026-05-25 11:43:11 +0200: Memory Usage (453844K) : Starting 5.6 Activ:filler table
2026-05-25 11:43:11 +0200: Memory Usage (453972K) : Executing rule AFil.c1
2026-05-25 11:43:11 +0200: Memory Usage (454100K) : Executing rule AFil.c
2026-05-25 11:43:11 +0200: Memory Usage (454228K) : Executing rule AFil.d
2026-05-25 11:43:11 +0200: Memory Usage (454484K) : Executing rule AFil.e
2026-05-25 11:43:11 +0200: Memory Usage (454612K) : Executing rule AFil.j
2026-05-25 11:43:11 +0200: Memory Usage (454868K) : Starting 5.7. ThickGateOx table
2026-05-25 11:43:11 +0200: Memory Usage (454868K) : Executing rule TGO.f
2026-05-25 11:43:11 +0200: Memory Usage (454996K) : Starting 5.8. GatPoly table
2026-05-25 11:43:11 +0200: Memory Usage (454996K) : Executing rule Gat.a
2026-05-25 11:43:11 +0200: Memory Usage (455124K) : Executing rule Gat.b
2026-05-25 11:43:11 +0200: Memory Usage (455252K) : Executing rule Gat.d
2026-05-25 11:43:11 +0200: Memory Usage (455252K) : Executing rule Gat.a1
2026-05-25 11:43:11 +0200: Memory Usage (455764K) : Executing rule Gat.a2
2026-05-25 11:43:11 +0200: Memory Usage (455892K) : Executing rule Gat.g
2026-05-25 11:43:11 +0200: Memory Usage (456148K) : Starting 5.9 GatPoly:filler
2026-05-25 11:43:11 +0200: Memory Usage (456532K) : Executing rule GFil.d
2026-05-25 11:43:11 +0200: Memory Usage (456532K) : Executing rule GFil.e
2026-05-25 11:43:11 +0200: Memory Usage (456660K) : Executing rule GFil.i
2026-05-25 11:43:11 +0200: Memory Usage (456788K) : Starting 5.10 pSD table
2026-05-25 11:43:11 +0200: Memory Usage (456788K) : Executing rule pSD.c1
2026-05-25 11:43:11 +0200: Memory Usage (457044K) : Starting 5.14. Cont table
2026-05-25 11:43:11 +0200: Memory Usage (457044K) : Executing rule Cnt.a
2026-05-25 11:43:11 +0200: Memory Usage (457172K) : Executing rule Cnt.b
2026-05-25 11:43:11 +0200: Memory Usage (457556K) : Executing rule Cnt.c
2026-05-25 11:43:11 +0200: Memory Usage (457684K) : Executing rule Cnt.c
2026-05-25 11:43:11 +0200: Memory Usage (457812K) : Executing rule Cnt.d
2026-05-25 11:43:11 +0200: Memory Usage (457940K) : Executing rule Cnt.e
2026-05-25 11:43:11 +0200: Memory Usage (458068K) : Executing rule Cnt.g1
2026-05-25 11:43:11 +0200: Memory Usage (458196K) : Executing rule Cnt.g2
2026-05-25 11:43:11 +0200: Memory Usage (458324K) : Starting 5.15. ContBar table
2026-05-25 11:43:11 +0200: Memory Usage (458324K) : Executing rule CntB.b1
2026-05-25 11:43:11 +0200: Memory Usage (458452K) : Executing rule CntB.h1
2026-05-25 11:43:11 +0200: Memory Usage (458580K) : Starting 6.1.3 NPN Substrate-Tie table
2026-05-25 11:43:11 +0200: Memory Usage (458708K) : Executing rule npn13G2.bR 
2026-05-25 11:43:11 +0200: Memory Usage (458964K) : Executing rule npn13G2L.cR 
2026-05-25 11:43:11 +0200: Memory Usage (459092K) : Executing rule npn13G2V.cR 
2026-05-25 11:43:11 +0200: Memory Usage (459092K) : Starting 6.7 Schottky diode table
2026-05-25 11:43:11 +0200: Memory Usage (459092K) : Executing rule Sdiod.d
2026-05-25 11:43:11 +0200: Memory Usage (459092K) : Executing rule Sdiod.e
2026-05-25 11:43:11 +0200: Memory Usage (459092K) : Starting 7.2 Latch-up table
2026-05-25 11:43:11 +0200: Memory Usage (459092K) : Executing rule LU.b
2026-05-25 11:43:11 +0200: Memory Usage (459092K) : Starting 5.16. Metal1 table
2026-05-25 11:43:11 +0200: Memory Usage (459092K) : Executing rule M1.a
2026-05-25 11:43:11 +0200: Memory Usage (459092K) : Executing rule M1.b
2026-05-25 11:43:11 +0200: Memory Usage (459092K) : Executing rule M1.e
2026-05-25 11:43:11 +0200: Memory Usage (459092K) : Executing rule M1.f
2026-05-25 11:43:11 +0200: Memory Usage (459092K) : Executing rule M1.g
2026-05-25 11:43:11 +0200: Memory Usage (459092K) : Executing rule M1.i
2026-05-25 11:43:11 +0200: Memory Usage (459092K) : Starting 5.17 Metaln table
2026-05-25 11:43:11 +0200: Memory Usage (459092K) : Executing rule M2.a
2026-05-25 11:43:11 +0200: Memory Usage (459092K) : Executing rule M2.b
2026-05-25 11:43:11 +0200: Memory Usage (459092K) : Executing rule M2.e
2026-05-25 11:43:11 +0200: Memory Usage (459092K) : Executing rule M2.f
2026-05-25 11:43:11 +0200: Memory Usage (459092K) : Executing rule M2.g
2026-05-25 11:43:11 +0200: Memory Usage (459092K) : Executing rule M2.i
2026-05-25 11:43:11 +0200: Memory Usage (459092K) : Executing rule M3.a
2026-05-25 11:43:11 +0200: Memory Usage (459092K) : Executing rule M3.b
2026-05-25 11:43:11 +0200: Memory Usage (459092K) : Executing rule M3.e
2026-05-25 11:43:11 +0200: Memory Usage (459092K) : Executing rule M3.f
2026-05-25 11:43:11 +0200: Memory Usage (459092K) : Executing rule M3.g
2026-05-25 11:43:11 +0200: Memory Usage (459092K) : Executing rule M3.i
2026-05-25 11:43:11 +0200: Memory Usage (459092K) : Executing rule M4.a
2026-05-25 11:43:11 +0200: Memory Usage (459092K) : Executing rule M4.b
2026-05-25 11:43:11 +0200: Memory Usage (459092K) : Executing rule M4.e
2026-05-25 11:43:11 +0200: Memory Usage (459092K) : Executing rule M4.f
2026-05-25 11:43:11 +0200: Memory Usage (459092K) : Executing rule M4.g
2026-05-25 11:43:11 +0200: Memory Usage (459092K) : Executing rule M4.i
2026-05-25 11:43:11 +0200: Memory Usage (459092K) : Executing rule M5.a
2026-05-25 11:43:11 +0200: Memory Usage (459092K) : Executing rule M5.b
2026-05-25 11:43:11 +0200: Memory Usage (459092K) : Executing rule M5.e
2026-05-25 11:43:12 +0200: Memory Usage (459220K) : Executing rule M5.f
2026-05-25 11:43:12 +0200: Memory Usage (459220K) : Executing rule M5.g
2026-05-25 11:43:12 +0200: Memory Usage (459220K) : Executing rule M5.i
2026-05-25 11:43:12 +0200: Memory Usage (459220K) : Starting 5.18 Metaln:filler table
2026-05-25 11:43:12 +0200: Memory Usage (459220K) : Executing rule M1Fil.c
2026-05-25 11:43:12 +0200: Memory Usage (459220K) : Executing rule M1Fil.a2
2026-05-25 11:43:12 +0200: Memory Usage (459220K) : Executing rule M2Fil.c
2026-05-25 11:43:12 +0200: Memory Usage (459220K) : Executing rule M2Fil.a2
2026-05-25 11:43:12 +0200: Memory Usage (459220K) : Executing rule M3Fil.c
2026-05-25 11:43:12 +0200: Memory Usage (459220K) : Executing rule M3Fil.a2
2026-05-25 11:43:12 +0200: Memory Usage (459220K) : Executing rule M4Fil.c
2026-05-25 11:43:12 +0200: Memory Usage (459220K) : Executing rule M4Fil.a2
2026-05-25 11:43:12 +0200: Memory Usage (459220K) : Executing rule M5Fil.c
2026-05-25 11:43:12 +0200: Memory Usage (459220K) : Executing rule M5Fil.a2
2026-05-25 11:43:12 +0200: Memory Usage (459220K) : Starting 5.19. Via1 table
2026-05-25 11:43:12 +0200: Memory Usage (459220K) : Starting 5.19. Via1 table derivations
2026-05-25 11:43:12 +0200: Memory Usage (459220K) : Executing rule V1.a
2026-05-25 11:43:12 +0200: Memory Usage (459220K) : Executing rule V1.b
2026-05-25 11:43:12 +0200: Memory Usage (459220K) : Executing rule V1.c
2026-05-25 11:43:12 +0200: Memory Usage (459220K) : Starting 5.20. Vian table
2026-05-25 11:43:12 +0200: Memory Usage (459220K) : Executing rule V2.a
2026-05-25 11:43:12 +0200: Memory Usage (459220K) : Executing rule V2.b
2026-05-25 11:43:12 +0200: Memory Usage (459220K) : Executing rule V2.c
2026-05-25 11:43:12 +0200: Memory Usage (459220K) : Executing rule V3.a
2026-05-25 11:43:12 +0200: Memory Usage (459220K) : Executing rule V3.b
2026-05-25 11:43:12 +0200: Memory Usage (459220K) : Executing rule V3.c
2026-05-25 11:43:12 +0200: Memory Usage (459220K) : Executing rule V4.a
2026-05-25 11:43:12 +0200: Memory Usage (459220K) : Executing rule V4.b
2026-05-25 11:43:12 +0200: Memory Usage (459220K) : Executing rule V4.c
2026-05-25 11:43:12 +0200: Memory Usage (459220K) : Starting 5.21. TopVia1 table
2026-05-25 11:43:12 +0200: Memory Usage (459220K) : Executing rule TV1.a
2026-05-25 11:43:12 +0200: Memory Usage (459220K) : Executing rule TV1.b
2026-05-25 11:43:12 +0200: Memory Usage (459220K) : Executing rule TV1.c
2026-05-25 11:43:12 +0200: Memory Usage (459220K) : Executing rule TV1.d
2026-05-25 11:43:12 +0200: Memory Usage (459220K) : Starting 5.22. TopMetal1 table
2026-05-25 11:43:12 +0200: Memory Usage (459220K) : Executing rule TM1.a
2026-05-25 11:43:12 +0200: Memory Usage (459220K) : Executing rule TM1.b
2026-05-25 11:43:12 +0200: Memory Usage (459348K) : Starting 5.23 TopMetal1:filler table
2026-05-25 11:43:12 +0200: Memory Usage (459348K) : Executing rule TM1Fil.c
2026-05-25 11:43:12 +0200: Memory Usage (459348K) : Executing rule TM1Fil.a1
2026-05-25 11:43:12 +0200: Memory Usage (459348K) : Starting 5.24. TopVia2 table
2026-05-25 11:43:12 +0200: Memory Usage (459348K) : Executing rule TV2.a
2026-05-25 11:43:12 +0200: Memory Usage (459348K) : Executing rule TV2.b
2026-05-25 11:43:12 +0200: Memory Usage (459348K) : Executing rule TV2.c
2026-05-25 11:43:12 +0200: Memory Usage (459348K) : Executing rule TV2.d
2026-05-25 11:43:12 +0200: Memory Usage (459348K) : Starting 5.25. TopMetal2 table
2026-05-25 11:43:12 +0200: Memory Usage (459348K) : Executing rule TM2.a
2026-05-25 11:43:12 +0200: Memory Usage (459348K) : Executing rule TM2.b
2026-05-25 11:43:12 +0200: Memory Usage (459348K) : Executing rule TM2.bR
2026-05-25 11:43:12 +0200: Memory Usage (459348K) : Starting 5.26 TopMetal2:filler table
2026-05-25 11:43:12 +0200: Memory Usage (459348K) : Executing rule TM2Fil.c
2026-05-25 11:43:12 +0200: Memory Usage (459348K) : Executing rule TM2Fil.a1
2026-05-25 11:43:12 +0200: Memory Usage (459348K) : Starting 5.27. Passiv table
2026-05-25 11:43:12 +0200: Memory Usage (459348K) : Executing rule Pas.a
2026-05-25 11:43:12 +0200: Memory Usage (459348K) : Executing rule Pas.b
2026-05-25 11:43:12 +0200: Memory Usage (459348K) : Executing rule Pas.c
2026-05-25 11:43:12 +0200: Memory Usage (459348K) : Starting 6.9.2 Copper Pillar table
2026-05-25 11:43:12 +0200: Memory Usage (459348K) : Executing rule Padc.a
2026-05-25 11:43:12 +0200: Memory Usage (459348K) : Executing rule Padc.b
2026-05-25 11:43:12 +0200: Memory Usage (459348K) : Executing rule Padc.c
2026-05-25 11:43:12 +0200: Memory Usage (459348K) : Executing rule Padb.f
2026-05-25 11:43:12 +0200: Memory Usage (459348K) : Starting 6.9 Pad table
2026-05-25 11:43:12 +0200: Memory Usage (459348K) : Executing rule Pad.m
2026-05-25 11:43:12 +0200: Memory Usage (459348K) : Executing rule Pad.fR_M1
2026-05-25 11:43:12 +0200: Memory Usage (459348K) : Executing rule Pad.fR_M2
2026-05-25 11:43:12 +0200: Memory Usage (459348K) : Executing rule Pad.fR_M3
2026-05-25 11:43:12 +0200: Memory Usage (459348K) : Executing rule Pad.fR_M4
2026-05-25 11:43:12 +0200: Memory Usage (459348K) : Executing rule Pad.fR_M5
2026-05-25 11:43:12 +0200: Memory Usage (459348K) : Executing rule Pad.fR_TM1
2026-05-25 11:43:12 +0200: Memory Usage (459348K) : Executing rule Pad.fR_TM2
2026-05-25 11:43:12 +0200: Memory Usage (459348K) : Executing rule Pad.i
2026-05-25 11:43:12 +0200: Memory Usage (459348K) : Starting 6.9.1 Solder Bump
2026-05-25 11:43:12 +0200: Memory Usage (459348K) : Executing rule Padb.a
2026-05-25 11:43:12 +0200: Memory Usage (459348K) : Executing rule Padb.b
2026-05-25 11:43:12 +0200: Memory Usage (459348K) : Executing rule Padb.c
2026-05-25 11:43:12 +0200: Memory Usage (459348K) : Executing rule Padb.f
2026-05-25 11:43:12 +0200: Memory Usage (459348K) : Executing rule Padb.d
2026-05-25 11:43:12 +0200: Memory Usage (459348K) : Starting 6.10 Sealring table
2026-05-25 11:43:12 +0200: Memory Usage (459348K) : Executing rule Seal.l
2026-05-25 11:43:12 +0200: Memory Usage (459348K) : Executing rule Seal.n
2026-05-25 11:43:12 +0200: Memory Usage (459348K) : Executing rule seal.b_metal1
2026-05-25 11:43:12 +0200: Memory Usage (459348K) : Executing rule seal.b_metal2
2026-05-25 11:43:12 +0200: Memory Usage (459348K) : Executing rule seal.b_metal3
2026-05-25 11:43:12 +0200: Memory Usage (459348K) : Executing rule seal.b_metal4
2026-05-25 11:43:12 +0200: Memory Usage (459348K) : Executing rule seal.b_metal5
2026-05-25 11:43:12 +0200: Memory Usage (459348K) : Executing rule seal.b_topmetal1
2026-05-25 11:43:12 +0200: Memory Usage (459348K) : Executing rule seal.b_topmetal2
2026-05-25 11:43:12 +0200: Memory Usage (459348K) : Executing rule seal.b_activ
2026-05-25 11:43:12 +0200: Memory Usage (459348K) : Executing rule seal.b_psd
2026-05-25 11:43:12 +0200: Memory Usage (459348K) : Executing rule Seal.k
2026-05-25 11:43:12 +0200: Memory Usage (459348K) : Executing rule Seal.m
2026-05-25 11:43:12 +0200: Memory Usage (459348K) : Starting 6.11 MIM table
2026-05-25 11:43:12 +0200: Memory Usage (459348K) : Executing rule MIM.c
2026-05-25 11:43:12 +0200: Memory Usage (459348K) : Executing rule MIM.d
2026-05-25 11:43:12 +0200: Memory Usage (459348K) : Executing rule MIM.gR
2026-05-25 11:43:12 +0200: Memory Usage (459348K) : Starting 7.3 Metal Slits table
2026-05-25 11:43:12 +0200: Memory Usage (459348K) : Executing rule Slt.e1_M1
2026-05-25 11:43:12 +0200: Memory Usage (459348K) : Executing rule Slt.e1_M2
2026-05-25 11:43:12 +0200: Memory Usage (459348K) : Executing rule Slt.e1_M3
2026-05-25 11:43:12 +0200: Memory Usage (459348K) : Executing rule Slt.e1_M4
2026-05-25 11:43:12 +0200: Memory Usage (459348K) : Executing rule Slt.e1_M5
2026-05-25 11:43:12 +0200: Memory Usage (459348K) : Executing rule Slt.e1_TM1
2026-05-25 11:43:12 +0200: Memory Usage (459348K) : Executing rule Slt.e1_TM2
2026-05-25 11:43:12 +0200: Memory Usage (459348K) : Starting 9.1. LBE table
2026-05-25 11:43:12 +0200: Memory Usage (459348K) : Executing rule LBE.a
2026-05-25 11:43:12 +0200: Memory Usage (459348K) : Executing rule LBE.b
2026-05-25 11:43:12 +0200: Memory Usage (459348K) : Executing rule LBE.b1
2026-05-25 11:43:12 +0200: Memory Usage (459348K) : Executing rule LBE.c
2026-05-25 11:43:12 +0200: Memory Usage (459348K) : Executing rule LBE.d
2026-05-25 11:43:12 +0200: Memory Usage (459348K) : Executing rule LBE.h
2026-05-25 11:43:12 +0200: Memory Usage (459348K) : Starting 7.4. PIN table
2026-05-25 11:43:12 +0200: Memory Usage (459348K) : Executing rule Pin.a
2026-05-25 11:43:12 +0200: Memory Usage (459348K) : Executing rule Pin.b
2026-05-25 11:43:12 +0200: Memory Usage (459348K) : Executing rule Pin.e
2026-05-25 11:43:12 +0200: Memory Usage (459348K) : Executing rule Pin.f_M2
2026-05-25 11:43:12 +0200: Memory Usage (459348K) : Executing rule Pin.f_M3
2026-05-25 11:43:12 +0200: Memory Usage (459348K) : Executing rule Pin.f_M4
2026-05-25 11:43:12 +0200: Memory Usage (459348K) : Executing rule Pin.f_M5
2026-05-25 11:43:12 +0200: Memory Usage (459348K) : Executing rule Pin.g
2026-05-25 11:43:12 +0200: Memory Usage (459348K) : Executing rule Pin.h
2026-05-25 11:43:12 +0200: Memory Usage (459348K) : Starting 3.2. FORBIDDEN table
2026-05-25 11:43:12 +0200: Memory Usage (459348K) : Executing rule forbidden.biwind
2026-05-25 11:43:12 +0200: Memory Usage (459348K) : Executing rule forbidden.pemwind
2026-05-25 11:43:12 +0200: Memory Usage (459348K) : Executing rule forbidden.baspoly
2026-05-25 11:43:12 +0200: Memory Usage (459348K) : Executing rule forbidden.deepco
2026-05-25 11:43:12 +0200: Memory Usage (459348K) : Executing rule forbidden.pempoly
2026-05-25 11:43:12 +0200: Memory Usage (459348K) : Executing rule forbidden.empoly
2026-05-25 11:43:12 +0200: Memory Usage (459348K) : Executing rule forbidden.ldmos
2026-05-25 11:43:12 +0200: Memory Usage (459348K) : Executing rule forbidden.pbiwind
2026-05-25 11:43:12 +0200: Memory Usage (459348K) : Executing rule forbidden.nodrc
2026-05-25 11:43:12 +0200: Memory Usage (459476K) : Executing rule forbidden.flash
2026-05-25 11:43:12 +0200: Memory Usage (459476K) : Executing rule forbidden.colwind
2026-05-25 11:43:12 +0200: Memory Usage (459604K) : KLayout DRC run for tables 'main' completed in 0.93 seconds
